[2026-03-14T05:32:36.350+0000] {processor.py:161} INFO - Started process (PID=2326) to work on /opt/airflow/dags/utils/alerts.py.py
[2026-03-14T05:32:36.351+0000] {processor.py:830} INFO - Processing file /opt/airflow/dags/utils/alerts.py.py for tasks to queue
[2026-03-14T05:32:36.352+0000] {logging_mixin.py:188} INFO - [2026-03-14T05:32:36.352+0000] {dagbag.py:538} INFO - Filling up the DagBag from /opt/airflow/dags/utils/alerts.py.py
[2026-03-14T05:32:36.357+0000] {processor.py:842} WARNING - No viable dags retrieved from /opt/airflow/dags/utils/alerts.py.py
[2026-03-14T05:32:36.366+0000] {processor.py:183} INFO - Processing /opt/airflow/dags/utils/alerts.py.py took 0.019 seconds
[2026-03-14T05:33:06.798+0000] {processor.py:161} INFO - Started process (PID=2336) to work on /opt/airflow/dags/utils/alerts.py.py
[2026-03-14T05:33:06.813+0000] {processor.py:830} INFO - Processing file /opt/airflow/dags/utils/alerts.py.py for tasks to queue
[2026-03-14T05:33:06.818+0000] {logging_mixin.py:188} INFO - [2026-03-14T05:33:06.817+0000] {dagbag.py:538} INFO - Filling up the DagBag from /opt/airflow/dags/utils/alerts.py.py
[2026-03-14T05:33:06.836+0000] {processor.py:842} WARNING - No viable dags retrieved from /opt/airflow/dags/utils/alerts.py.py
[2026-03-14T05:33:06.872+0000] {processor.py:183} INFO - Processing /opt/airflow/dags/utils/alerts.py.py took 0.088 seconds
[2026-03-14T05:33:37.183+0000] {processor.py:161} INFO - Started process (PID=2346) to work on /opt/airflow/dags/utils/alerts.py.py
[2026-03-14T05:33:37.185+0000] {processor.py:830} INFO - Processing file /opt/airflow/dags/utils/alerts.py.py for tasks to queue
[2026-03-14T05:33:37.185+0000] {logging_mixin.py:188} INFO - [2026-03-14T05:33:37.185+0000] {dagbag.py:538} INFO - Filling up the DagBag from /opt/airflow/dags/utils/alerts.py.py
[2026-03-14T05:33:37.189+0000] {processor.py:842} WARNING - No viable dags retrieved from /opt/airflow/dags/utils/alerts.py.py
[2026-03-14T05:33:37.203+0000] {processor.py:183} INFO - Processing /opt/airflow/dags/utils/alerts.py.py took 0.028 seconds
[2026-03-14T05:34:07.526+0000] {processor.py:161} INFO - Started process (PID=2356) to work on /opt/airflow/dags/utils/alerts.py.py
[2026-03-14T05:34:07.529+0000] {processor.py:830} INFO - Processing file /opt/airflow/dags/utils/alerts.py.py for tasks to queue
[2026-03-14T05:34:07.530+0000] {logging_mixin.py:188} INFO - [2026-03-14T05:34:07.529+0000] {dagbag.py:538} INFO - Filling up the DagBag from /opt/airflow/dags/utils/alerts.py.py
[2026-03-14T05:34:07.534+0000] {processor.py:842} WARNING - No viable dags retrieved from /opt/airflow/dags/utils/alerts.py.py
[2026-03-14T05:34:07.547+0000] {processor.py:183} INFO - Processing /opt/airflow/dags/utils/alerts.py.py took 0.026 seconds
[2026-03-14T05:34:37.906+0000] {processor.py:161} INFO - Started process (PID=2366) to work on /opt/airflow/dags/utils/alerts.py.py
[2026-03-14T05:34:37.908+0000] {processor.py:830} INFO - Processing file /opt/airflow/dags/utils/alerts.py.py for tasks to queue
[2026-03-14T05:34:37.909+0000] {logging_mixin.py:188} INFO - [2026-03-14T05:34:37.908+0000] {dagbag.py:538} INFO - Filling up the DagBag from /opt/airflow/dags/utils/alerts.py.py
[2026-03-14T05:34:37.911+0000] {processor.py:842} WARNING - No viable dags retrieved from /opt/airflow/dags/utils/alerts.py.py
[2026-03-14T05:34:37.926+0000] {processor.py:183} INFO - Processing /opt/airflow/dags/utils/alerts.py.py took 0.026 seconds
[2026-03-14T05:35:08.228+0000] {processor.py:161} INFO - Started process (PID=2376) to work on /opt/airflow/dags/utils/alerts.py.py
[2026-03-14T05:35:08.229+0000] {processor.py:830} INFO - Processing file /opt/airflow/dags/utils/alerts.py.py for tasks to queue
[2026-03-14T05:35:08.230+0000] {logging_mixin.py:188} INFO - [2026-03-14T05:35:08.230+0000] {dagbag.py:538} INFO - Filling up the DagBag from /opt/airflow/dags/utils/alerts.py.py
[2026-03-14T05:35:08.232+0000] {processor.py:842} WARNING - No viable dags retrieved from /opt/airflow/dags/utils/alerts.py.py
[2026-03-14T05:35:08.240+0000] {processor.py:183} INFO - Processing /opt/airflow/dags/utils/alerts.py.py took 0.016 seconds
[2026-03-14T05:35:38.545+0000] {processor.py:161} INFO - Started process (PID=2386) to work on /opt/airflow/dags/utils/alerts.py.py
[2026-03-14T05:35:38.546+0000] {processor.py:830} INFO - Processing file /opt/airflow/dags/utils/alerts.py.py for tasks to queue
[2026-03-14T05:35:38.547+0000] {logging_mixin.py:188} INFO - [2026-03-14T05:35:38.547+0000] {dagbag.py:538} INFO - Filling up the DagBag from /opt/airflow/dags/utils/alerts.py.py
[2026-03-14T05:35:38.550+0000] {processor.py:842} WARNING - No viable dags retrieved from /opt/airflow/dags/utils/alerts.py.py
[2026-03-14T05:35:38.563+0000] {processor.py:183} INFO - Processing /opt/airflow/dags/utils/alerts.py.py took 0.022 seconds
[2026-03-14T05:36:08.921+0000] {processor.py:161} INFO - Started process (PID=2401) to work on /opt/airflow/dags/utils/alerts.py.py
[2026-03-14T05:36:08.923+0000] {processor.py:830} INFO - Processing file /opt/airflow/dags/utils/alerts.py.py for tasks to queue
[2026-03-14T05:36:08.926+0000] {logging_mixin.py:188} INFO - [2026-03-14T05:36:08.925+0000] {dagbag.py:538} INFO - Filling up the DagBag from /opt/airflow/dags/utils/alerts.py.py
[2026-03-14T05:36:08.935+0000] {processor.py:842} WARNING - No viable dags retrieved from /opt/airflow/dags/utils/alerts.py.py
[2026-03-14T05:36:08.956+0000] {processor.py:183} INFO - Processing /opt/airflow/dags/utils/alerts.py.py took 0.040 seconds
