[2026-03-14T05:38:09.634+0000] {taskinstance.py:1956} INFO - Dependencies all met for dep_context=non-requeueable deps ti=<TaskInstance: 2_enterprise_elt_pipeline.load_to_snowflake_stage manual__2026-03-14T05:38:04.552755+00:00 [queued]>
[2026-03-14T05:38:09.638+0000] {taskinstance.py:1956} INFO - Dependencies all met for dep_context=requeueable deps ti=<TaskInstance: 2_enterprise_elt_pipeline.load_to_snowflake_stage manual__2026-03-14T05:38:04.552755+00:00 [queued]>
[2026-03-14T05:38:09.638+0000] {taskinstance.py:2170} INFO - Starting attempt 1 of 2
[2026-03-14T05:38:09.643+0000] {taskinstance.py:2191} INFO - Executing <Task(_PythonDecoratedOperator): load_to_snowflake_stage> on 2026-03-14 05:38:04.552755+00:00
[2026-03-14T05:38:09.647+0000] {standard_task_runner.py:60} INFO - Started process 2461 to run task
[2026-03-14T05:38:09.649+0000] {standard_task_runner.py:87} INFO - Running: ['***', 'tasks', 'run', '2_enterprise_elt_pipeline', 'load_to_snowflake_stage', 'manual__2026-03-14T05:38:04.552755+00:00', '--job-id', '49', '--raw', '--subdir', 'DAGS_FOLDER/elt_pipeline.py', '--cfg-path', '/tmp/tmpwvs1uccv']
[2026-03-14T05:38:09.651+0000] {standard_task_runner.py:88} INFO - Job 49: Subtask load_to_snowflake_stage
[2026-03-14T05:38:09.671+0000] {task_command.py:423} INFO - Running <TaskInstance: 2_enterprise_elt_pipeline.load_to_snowflake_stage manual__2026-03-14T05:38:04.552755+00:00 [running]> on host 94439bb4e033
[2026-03-14T05:38:09.711+0000] {taskinstance.py:2480} INFO - Exporting env vars: AIRFLOW_CTX_DAG_OWNER='data_engineer' AIRFLOW_CTX_DAG_ID='2_enterprise_elt_pipeline' AIRFLOW_CTX_TASK_ID='load_to_snowflake_stage' AIRFLOW_CTX_EXECUTION_DATE='2026-03-14T05:38:04.552755+00:00' AIRFLOW_CTX_TRY_NUMBER='1' AIRFLOW_CTX_DAG_RUN_ID='manual__2026-03-14T05:38:04.552755+00:00'
[2026-03-14T05:38:09.789+0000] {logging_mixin.py:188} INFO - Uploading /tmp/extract_20260314_053808.csv to Snowflake Stage...
[2026-03-14T05:38:09.813+0000] {base.py:83} INFO - Using connection ID 'snowflake_default' for task execution.
[2026-03-14T05:38:09.815+0000] {connection.py:370} INFO - Snowflake Connector for Python Version: 3.6.0, Python Version: 3.8.18, Platform: Linux-6.12.72-linuxkit-aarch64-with-glibc2.34
[2026-03-14T05:38:09.819+0000] {connection.py:1171} INFO - This connection is in OCSP Fail Open Mode. TLS Certificates would be checked for validity and revocation status. Any other Certificate Revocation related exceptions or OCSP Responder failures would be disregarded in favor of connectivity.
[2026-03-14T05:38:10.514+0000] {cursor.py:1028} INFO - query: [ALTER SESSION SET autocommit=False]
[2026-03-14T05:38:10.650+0000] {cursor.py:1041} INFO - query execution done
[2026-03-14T05:38:10.651+0000] {cursor.py:1205} INFO - Number of results in first chunk: 1
[2026-03-14T05:38:10.652+0000] {sql.py:450} INFO - Running statement: PUT file:///tmp/extract_20260314_053808.csv @RAW_LAKE.LANDING.MY_INTERNAL_STAGE AUTO_COMPRESS=TRUE, parameters: None
[2026-03-14T05:38:10.652+0000] {cursor.py:1028} INFO - query: [PUT file:///tmp/extract_20260314_053808.csv @RAW_LAKE.LANDING.MY_INTERNAL_STAGE ...]
[2026-03-14T05:38:10.801+0000] {cursor.py:1041} INFO - query execution done
[2026-03-14T05:38:11.361+0000] {sql.py:459} INFO - Rows affected: 1
[2026-03-14T05:38:11.362+0000] {snowflake.py:400} INFO - Rows affected: 1
[2026-03-14T05:38:11.362+0000] {snowflake.py:401} INFO - Snowflake query id: 01c30412-3202-7087-0014-7c6a0003f75e
[2026-03-14T05:38:11.362+0000] {cursor.py:1028} INFO - query: [COMMIT]
[2026-03-14T05:38:11.509+0000] {cursor.py:1041} INFO - query execution done
[2026-03-14T05:38:11.510+0000] {cursor.py:1205} INFO - Number of results in first chunk: 1
[2026-03-14T05:38:11.510+0000] {connection.py:718} INFO - closed
[2026-03-14T05:38:11.592+0000] {connection.py:724} INFO - No async queries seem to be running, deleting session
[2026-03-14T05:38:11.684+0000] {python.py:201} INFO - Done. Returned value was: extract_20260314_053808.csv
[2026-03-14T05:38:11.736+0000] {taskinstance.py:1138} INFO - Marking task as SUCCESS. dag_id=2_enterprise_elt_pipeline, task_id=load_to_snowflake_stage, execution_date=20260314T053804, start_date=20260314T053809, end_date=20260314T053811
[2026-03-14T05:38:11.768+0000] {local_task_job_runner.py:234} INFO - Task exited with return code 0
[2026-03-14T05:38:11.805+0000] {taskinstance.py:3280} INFO - 1 downstream tasks scheduled from follow-on schedule check
