[2026-03-14T07:12:08.186+0000] {taskinstance.py:1956} INFO - Dependencies all met for dep_context=non-requeueable deps ti=<TaskInstance: 2_enterprise_elt_pipeline.dbt_transform manual__2026-03-14T07:11:59.664413+00:00 [queued]>
[2026-03-14T07:12:08.189+0000] {taskinstance.py:1956} INFO - Dependencies all met for dep_context=requeueable deps ti=<TaskInstance: 2_enterprise_elt_pipeline.dbt_transform manual__2026-03-14T07:11:59.664413+00:00 [queued]>
[2026-03-14T07:12:08.189+0000] {taskinstance.py:2170} INFO - Starting attempt 1 of 2
[2026-03-14T07:12:08.194+0000] {taskinstance.py:2191} INFO - Executing <Task(BashOperator): dbt_transform> on 2026-03-14 07:11:59.664413+00:00
[2026-03-14T07:12:08.198+0000] {standard_task_runner.py:60} INFO - Started process 1442 to run task
[2026-03-14T07:12:08.200+0000] {standard_task_runner.py:87} INFO - Running: ['***', 'tasks', 'run', '2_enterprise_elt_pipeline', 'dbt_transform', 'manual__2026-03-14T07:11:59.664413+00:00', '--job-id', '111', '--raw', '--subdir', 'DAGS_FOLDER/elt_pipeline.py', '--cfg-path', '/tmp/tmp0pj6ugoe']
[2026-03-14T07:12:08.205+0000] {standard_task_runner.py:88} INFO - Job 111: Subtask dbt_transform
[2026-03-14T07:12:08.241+0000] {task_command.py:423} INFO - Running <TaskInstance: 2_enterprise_elt_pipeline.dbt_transform manual__2026-03-14T07:11:59.664413+00:00 [running]> on host c4724fa4fb48
[2026-03-14T07:12:08.320+0000] {taskinstance.py:2480} INFO - Exporting env vars: AIRFLOW_CTX_DAG_OWNER='data_engineer' AIRFLOW_CTX_DAG_ID='2_enterprise_elt_pipeline' AIRFLOW_CTX_TASK_ID='dbt_transform' AIRFLOW_CTX_EXECUTION_DATE='2026-03-14T07:11:59.664413+00:00' AIRFLOW_CTX_TRY_NUMBER='1' AIRFLOW_CTX_DAG_RUN_ID='manual__2026-03-14T07:11:59.664413+00:00'
[2026-03-14T07:12:08.323+0000] {subprocess.py:63} INFO - Tmp dir root location: /tmp
[2026-03-14T07:12:08.324+0000] {subprocess.py:75} INFO - Running command: ['/usr/bin/bash', '-c', 'dbt run --project-dir /opt/***/dbt_project --profiles-dir /opt/***/dbt_project']
[2026-03-14T07:12:08.337+0000] {subprocess.py:86} INFO - Output:
[2026-03-14T07:12:09.110+0000] {subprocess.py:93} INFO - [0m07:12:09  Running with dbt=1.8.7
[2026-03-14T07:12:09.604+0000] {subprocess.py:93} INFO - [0m07:12:09  Registered adapter: snowflake=1.8.4
[2026-03-14T07:12:09.828+0000] {subprocess.py:93} INFO - [0m07:12:09  Found 1 model, 5 data tests, 1 source, 454 macros
[2026-03-14T07:12:09.829+0000] {subprocess.py:93} INFO - [0m07:12:09
[2026-03-14T07:12:11.037+0000] {subprocess.py:93} INFO - [0m07:12:11  Concurrency: 1 threads (target='dev')
[2026-03-14T07:12:11.040+0000] {subprocess.py:93} INFO - [0m07:12:11
[2026-03-14T07:12:11.054+0000] {subprocess.py:93} INFO - [0m07:12:11  1 of 1 START sql incremental model ANALYTICS.stg_customers ..................... [RUN]
[2026-03-14T07:12:13.500+0000] {subprocess.py:93} INFO - [0m07:12:13  1 of 1 OK created sql incremental model ANALYTICS.stg_customers ................ [[32mSUCCESS 0[0m in 2.44s]
[2026-03-14T07:12:13.504+0000] {subprocess.py:93} INFO - [0m07:12:13
[2026-03-14T07:12:13.504+0000] {subprocess.py:93} INFO - [0m07:12:13  Finished running 1 incremental model in 0 hours 0 minutes and 3.67 seconds (3.67s).
[2026-03-14T07:12:13.540+0000] {subprocess.py:93} INFO - [0m07:12:13
[2026-03-14T07:12:13.540+0000] {subprocess.py:93} INFO - [0m07:12:13  [32mCompleted successfully[0m
[2026-03-14T07:12:13.541+0000] {subprocess.py:93} INFO - [0m07:12:13
[2026-03-14T07:12:13.542+0000] {subprocess.py:93} INFO - [0m07:12:13  Done. PASS=1 WARN=0 ERROR=0 SKIP=0 TOTAL=1
[2026-03-14T07:12:14.947+0000] {subprocess.py:97} INFO - Command exited with return code 0
[2026-03-14T07:12:14.964+0000] {taskinstance.py:1138} INFO - Marking task as SUCCESS. dag_id=2_enterprise_elt_pipeline, task_id=dbt_transform, execution_date=20260314T071159, start_date=20260314T071208, end_date=20260314T071214
[2026-03-14T07:12:14.980+0000] {local_task_job_runner.py:234} INFO - Task exited with return code 0
[2026-03-14T07:12:14.992+0000] {taskinstance.py:3280} INFO - 0 downstream tasks scheduled from follow-on schedule check
