[2026-03-14T05:56:08.556+0000] {taskinstance.py:1956} INFO - Dependencies all met for dep_context=non-requeueable deps ti=<TaskInstance: 2_enterprise_elt_pipeline.extract_to_minio manual__2026-03-14T05:56:07.247764+00:00 [queued]>
[2026-03-14T05:56:08.560+0000] {taskinstance.py:1956} INFO - Dependencies all met for dep_context=requeueable deps ti=<TaskInstance: 2_enterprise_elt_pipeline.extract_to_minio manual__2026-03-14T05:56:07.247764+00:00 [queued]>
[2026-03-14T05:56:08.560+0000] {taskinstance.py:2170} INFO - Starting attempt 1 of 2
[2026-03-14T05:56:08.565+0000] {taskinstance.py:2191} INFO - Executing <Task(_PythonDecoratedOperator): extract_to_minio> on 2026-03-14 05:56:07.247764+00:00
[2026-03-14T05:56:08.573+0000] {standard_task_runner.py:60} INFO - Started process 200 to run task
[2026-03-14T05:56:08.575+0000] {standard_task_runner.py:87} INFO - Running: ['***', 'tasks', 'run', '2_enterprise_elt_pipeline', 'extract_to_minio', 'manual__2026-03-14T05:56:07.247764+00:00', '--job-id', '60', '--raw', '--subdir', 'DAGS_FOLDER/elt_pipeline.py', '--cfg-path', '/tmp/tmpqcbeput_']
[2026-03-14T05:56:08.576+0000] {standard_task_runner.py:88} INFO - Job 60: Subtask extract_to_minio
[2026-03-14T05:56:08.598+0000] {task_command.py:423} INFO - Running <TaskInstance: 2_enterprise_elt_pipeline.extract_to_minio manual__2026-03-14T05:56:07.247764+00:00 [running]> on host 250ae1a1a216
[2026-03-14T05:56:08.644+0000] {taskinstance.py:2480} INFO - Exporting env vars: AIRFLOW_CTX_DAG_OWNER='data_engineer' AIRFLOW_CTX_DAG_ID='2_enterprise_elt_pipeline' AIRFLOW_CTX_TASK_ID='extract_to_minio' AIRFLOW_CTX_EXECUTION_DATE='2026-03-14T05:56:07.247764+00:00' AIRFLOW_CTX_TRY_NUMBER='1' AIRFLOW_CTX_DAG_RUN_ID='manual__2026-03-14T05:56:07.247764+00:00'
[2026-03-14T05:56:08.645+0000] {taskinstance.py:2698} ERROR - Task failed with exception
Traceback (most recent call last):
  File "/home/airflow/.local/lib/python3.8/site-packages/airflow/models/taskinstance.py", line 433, in _execute_task
    result = execute_callable(context=context, **execute_callable_kwargs)
  File "/home/airflow/.local/lib/python3.8/site-packages/airflow/decorators/base.py", line 241, in execute
    return_value = super().execute(context)
  File "/home/airflow/.local/lib/python3.8/site-packages/airflow/operators/python.py", line 199, in execute
    return_value = self.execute_callable()
  File "/home/airflow/.local/lib/python3.8/site-packages/airflow/operators/python.py", line 216, in execute_callable
    return self.python_callable(*self.op_args, **self.op_kwargs)
  File "/opt/airflow/dags/elt_pipeline.py", line 35, in extract_to_minio
    file_name = generate_and_upload_customers(num_records=1000)
  File "/opt/airflow/dags/scripts/generate_data.py", line 22, in generate_and_upload_customers
    raise ValueError("🚨 THIS IS A DRILL: SIMULATED PIPELINE FAILURE 🚨")
ValueError: 🚨 THIS IS A DRILL: SIMULATED PIPELINE FAILURE 🚨
[2026-03-14T05:56:08.651+0000] {taskinstance.py:1138} INFO - Marking task as UP_FOR_RETRY. dag_id=2_enterprise_elt_pipeline, task_id=extract_to_minio, execution_date=20260314T055607, start_date=20260314T055608, end_date=20260314T055608
[2026-03-14T05:56:08.656+0000] {standard_task_runner.py:107} ERROR - Failed to execute job 60 for task extract_to_minio (🚨 THIS IS A DRILL: SIMULATED PIPELINE FAILURE 🚨; 200)
[2026-03-14T05:56:08.676+0000] {local_task_job_runner.py:234} INFO - Task exited with return code 1
[2026-03-14T05:56:08.687+0000] {taskinstance.py:3280} INFO - 0 downstream tasks scheduled from follow-on schedule check
