[2026-03-13T11:10:12.825+0000] {taskinstance.py:1956} INFO - Dependencies all met for dep_context=non-requeueable deps ti=<TaskInstance: 2_enterprise_elt_pipeline.extract_to_minio scheduled__2026-03-12T00:00:00+00:00 [queued]>
[2026-03-13T11:10:12.830+0000] {taskinstance.py:1956} INFO - Dependencies all met for dep_context=requeueable deps ti=<TaskInstance: 2_enterprise_elt_pipeline.extract_to_minio scheduled__2026-03-12T00:00:00+00:00 [queued]>
[2026-03-13T11:10:12.831+0000] {taskinstance.py:2170} INFO - Starting attempt 1 of 1
[2026-03-13T11:10:12.839+0000] {taskinstance.py:2191} INFO - Executing <Task(_PythonDecoratedOperator): extract_to_minio> on 2026-03-12 00:00:00+00:00
[2026-03-13T11:10:12.854+0000] {standard_task_runner.py:60} INFO - Started process 195 to run task
[2026-03-13T11:10:12.861+0000] {standard_task_runner.py:87} INFO - Running: ['***', 'tasks', 'run', '2_enterprise_elt_pipeline', 'extract_to_minio', 'scheduled__2026-03-12T00:00:00+00:00', '--job-id', '2', '--raw', '--subdir', 'DAGS_FOLDER/elt_pipeline.py', '--cfg-path', '/tmp/tmpwzzwvg_u']
[2026-03-13T11:10:12.864+0000] {standard_task_runner.py:88} INFO - Job 2: Subtask extract_to_minio
[2026-03-13T11:10:12.915+0000] {task_command.py:423} INFO - Running <TaskInstance: 2_enterprise_elt_pipeline.extract_to_minio scheduled__2026-03-12T00:00:00+00:00 [running]> on host 94439bb4e033
[2026-03-13T11:10:12.989+0000] {taskinstance.py:2480} INFO - Exporting env vars: AIRFLOW_CTX_DAG_OWNER='***' AIRFLOW_CTX_DAG_ID='2_enterprise_elt_pipeline' AIRFLOW_CTX_TASK_ID='extract_to_minio' AIRFLOW_CTX_EXECUTION_DATE='2026-03-12T00:00:00+00:00' AIRFLOW_CTX_TRY_NUMBER='1' AIRFLOW_CTX_DAG_RUN_ID='scheduled__2026-03-12T00:00:00+00:00'
[2026-03-13T11:10:13.030+0000] {generate_data.py:31} INFO - Generating 1000 fake customer records...
[2026-03-13T11:10:13.430+0000] {generate_data.py:61} INFO - SUCCESS: Uploaded customers/extract_20260313_111013.csv to MinIO bucket 'raw-data-lake'
[2026-03-13T11:10:13.430+0000] {python.py:201} INFO - Done. Returned value was: customers/extract_20260313_111013.csv
[2026-03-13T11:10:13.442+0000] {taskinstance.py:1138} INFO - Marking task as SUCCESS. dag_id=2_enterprise_elt_pipeline, task_id=extract_to_minio, execution_date=20260312T000000, start_date=20260313T111012, end_date=20260313T111013
[2026-03-13T11:10:13.471+0000] {local_task_job_runner.py:234} INFO - Task exited with return code 0
[2026-03-13T11:10:13.483+0000] {taskinstance.py:3280} INFO - 1 downstream tasks scheduled from follow-on schedule check
[2026-03-13T11:18:41.958+0000] {taskinstance.py:1956} INFO - Dependencies all met for dep_context=non-requeueable deps ti=<TaskInstance: 2_enterprise_elt_pipeline.extract_to_minio scheduled__2026-03-12T00:00:00+00:00 [queued]>
[2026-03-13T11:18:41.962+0000] {taskinstance.py:1956} INFO - Dependencies all met for dep_context=requeueable deps ti=<TaskInstance: 2_enterprise_elt_pipeline.extract_to_minio scheduled__2026-03-12T00:00:00+00:00 [queued]>
[2026-03-13T11:18:41.962+0000] {taskinstance.py:2170} INFO - Starting attempt 1 of 1
[2026-03-13T11:18:41.967+0000] {taskinstance.py:2191} INFO - Executing <Task(_PythonDecoratedOperator): extract_to_minio> on 2026-03-12 00:00:00+00:00
[2026-03-13T11:18:41.971+0000] {standard_task_runner.py:60} INFO - Started process 314 to run task
[2026-03-13T11:18:41.973+0000] {standard_task_runner.py:87} INFO - Running: ['***', 'tasks', 'run', '2_enterprise_elt_pipeline', 'extract_to_minio', 'scheduled__2026-03-12T00:00:00+00:00', '--job-id', '8', '--raw', '--subdir', 'DAGS_FOLDER/elt_pipeline.py', '--cfg-path', '/tmp/tmpyhj_d4qo']
[2026-03-13T11:18:41.975+0000] {standard_task_runner.py:88} INFO - Job 8: Subtask extract_to_minio
[2026-03-13T11:18:42.021+0000] {task_command.py:423} INFO - Running <TaskInstance: 2_enterprise_elt_pipeline.extract_to_minio scheduled__2026-03-12T00:00:00+00:00 [running]> on host 94439bb4e033
[2026-03-13T11:18:42.059+0000] {taskinstance.py:2480} INFO - Exporting env vars: AIRFLOW_CTX_DAG_OWNER='***' AIRFLOW_CTX_DAG_ID='2_enterprise_elt_pipeline' AIRFLOW_CTX_TASK_ID='extract_to_minio' AIRFLOW_CTX_EXECUTION_DATE='2026-03-12T00:00:00+00:00' AIRFLOW_CTX_TRY_NUMBER='1' AIRFLOW_CTX_DAG_RUN_ID='scheduled__2026-03-12T00:00:00+00:00'
[2026-03-13T11:18:42.081+0000] {generate_data.py:31} INFO - Generating 1000 fake customer records...
[2026-03-13T11:18:42.358+0000] {generate_data.py:61} INFO - SUCCESS: Uploaded customers/extract_20260313_111842.csv to MinIO bucket 'raw-data-lake'
[2026-03-13T11:18:42.359+0000] {python.py:201} INFO - Done. Returned value was: customers/extract_20260313_111842.csv
[2026-03-13T11:18:42.388+0000] {taskinstance.py:1138} INFO - Marking task as SUCCESS. dag_id=2_enterprise_elt_pipeline, task_id=extract_to_minio, execution_date=20260312T000000, start_date=20260313T111841, end_date=20260313T111842
[2026-03-13T11:18:42.402+0000] {local_task_job_runner.py:234} INFO - Task exited with return code 0
[2026-03-13T11:18:42.417+0000] {taskinstance.py:3280} INFO - 1 downstream tasks scheduled from follow-on schedule check
[2026-03-13T11:22:43.725+0000] {taskinstance.py:1956} INFO - Dependencies all met for dep_context=non-requeueable deps ti=<TaskInstance: 2_enterprise_elt_pipeline.extract_to_minio scheduled__2026-03-12T00:00:00+00:00 [queued]>
[2026-03-13T11:22:43.729+0000] {taskinstance.py:1956} INFO - Dependencies all met for dep_context=requeueable deps ti=<TaskInstance: 2_enterprise_elt_pipeline.extract_to_minio scheduled__2026-03-12T00:00:00+00:00 [queued]>
[2026-03-13T11:22:43.730+0000] {taskinstance.py:2170} INFO - Starting attempt 1 of 1
[2026-03-13T11:22:43.734+0000] {taskinstance.py:2191} INFO - Executing <Task(_PythonDecoratedOperator): extract_to_minio> on 2026-03-12 00:00:00+00:00
[2026-03-13T11:22:43.738+0000] {standard_task_runner.py:60} INFO - Started process 380 to run task
[2026-03-13T11:22:43.740+0000] {standard_task_runner.py:87} INFO - Running: ['***', 'tasks', 'run', '2_enterprise_elt_pipeline', 'extract_to_minio', 'scheduled__2026-03-12T00:00:00+00:00', '--job-id', '14', '--raw', '--subdir', 'DAGS_FOLDER/elt_pipeline.py', '--cfg-path', '/tmp/tmpg8al0s3_']
[2026-03-13T11:22:43.742+0000] {standard_task_runner.py:88} INFO - Job 14: Subtask extract_to_minio
[2026-03-13T11:22:43.776+0000] {task_command.py:423} INFO - Running <TaskInstance: 2_enterprise_elt_pipeline.extract_to_minio scheduled__2026-03-12T00:00:00+00:00 [running]> on host 94439bb4e033
[2026-03-13T11:22:43.822+0000] {taskinstance.py:2480} INFO - Exporting env vars: AIRFLOW_CTX_DAG_OWNER='***' AIRFLOW_CTX_DAG_ID='2_enterprise_elt_pipeline' AIRFLOW_CTX_TASK_ID='extract_to_minio' AIRFLOW_CTX_EXECUTION_DATE='2026-03-12T00:00:00+00:00' AIRFLOW_CTX_TRY_NUMBER='1' AIRFLOW_CTX_DAG_RUN_ID='scheduled__2026-03-12T00:00:00+00:00'
[2026-03-13T11:22:43.840+0000] {generate_data.py:31} INFO - Generating 1000 fake customer records...
[2026-03-13T11:22:44.088+0000] {generate_data.py:61} INFO - SUCCESS: Uploaded customers/extract_20260313_112244.csv to MinIO bucket 'raw-data-lake'
[2026-03-13T11:22:44.089+0000] {python.py:201} INFO - Done. Returned value was: customers/extract_20260313_112244.csv
[2026-03-13T11:22:44.101+0000] {taskinstance.py:1138} INFO - Marking task as SUCCESS. dag_id=2_enterprise_elt_pipeline, task_id=extract_to_minio, execution_date=20260312T000000, start_date=20260313T112243, end_date=20260313T112244
[2026-03-13T11:22:44.124+0000] {local_task_job_runner.py:234} INFO - Task exited with return code 0
[2026-03-13T11:22:44.139+0000] {taskinstance.py:3280} INFO - 1 downstream tasks scheduled from follow-on schedule check
[2026-03-13T14:39:02.965+0000] {taskinstance.py:1956} INFO - Dependencies all met for dep_context=non-requeueable deps ti=<TaskInstance: 2_enterprise_elt_pipeline.extract_to_minio scheduled__2026-03-12T00:00:00+00:00 [queued]>
[2026-03-13T14:39:02.969+0000] {taskinstance.py:1956} INFO - Dependencies all met for dep_context=requeueable deps ti=<TaskInstance: 2_enterprise_elt_pipeline.extract_to_minio scheduled__2026-03-12T00:00:00+00:00 [queued]>
[2026-03-13T14:39:02.969+0000] {taskinstance.py:2170} INFO - Starting attempt 1 of 1
[2026-03-13T14:39:02.974+0000] {taskinstance.py:2191} INFO - Executing <Task(_PythonDecoratedOperator): extract_to_minio> on 2026-03-12 00:00:00+00:00
[2026-03-13T14:39:02.982+0000] {standard_task_runner.py:60} INFO - Started process 596 to run task
[2026-03-13T14:39:02.985+0000] {standard_task_runner.py:87} INFO - Running: ['***', 'tasks', 'run', '2_enterprise_elt_pipeline', 'extract_to_minio', 'scheduled__2026-03-12T00:00:00+00:00', '--job-id', '22', '--raw', '--subdir', 'DAGS_FOLDER/elt_pipeline.py', '--cfg-path', '/tmp/tmpe1rriiaw']
[2026-03-13T14:39:02.990+0000] {standard_task_runner.py:88} INFO - Job 22: Subtask extract_to_minio
[2026-03-13T14:39:03.047+0000] {task_command.py:423} INFO - Running <TaskInstance: 2_enterprise_elt_pipeline.extract_to_minio scheduled__2026-03-12T00:00:00+00:00 [running]> on host 94439bb4e033
[2026-03-13T14:39:03.107+0000] {taskinstance.py:2480} INFO - Exporting env vars: AIRFLOW_CTX_DAG_OWNER='***' AIRFLOW_CTX_DAG_ID='2_enterprise_elt_pipeline' AIRFLOW_CTX_TASK_ID='extract_to_minio' AIRFLOW_CTX_EXECUTION_DATE='2026-03-12T00:00:00+00:00' AIRFLOW_CTX_TRY_NUMBER='1' AIRFLOW_CTX_DAG_RUN_ID='scheduled__2026-03-12T00:00:00+00:00'
[2026-03-13T14:39:03.137+0000] {generate_data.py:31} INFO - Generating 1000 fake customer records...
[2026-03-13T14:39:03.418+0000] {generate_data.py:61} INFO - SUCCESS: Uploaded customers/extract_20260313_143903.csv to MinIO bucket 'raw-data-lake'
[2026-03-13T14:39:03.418+0000] {python.py:201} INFO - Done. Returned value was: customers/extract_20260313_143903.csv
[2026-03-13T14:39:03.438+0000] {taskinstance.py:1138} INFO - Marking task as SUCCESS. dag_id=2_enterprise_elt_pipeline, task_id=extract_to_minio, execution_date=20260312T000000, start_date=20260313T143902, end_date=20260313T143903
[2026-03-13T14:39:03.454+0000] {local_task_job_runner.py:234} INFO - Task exited with return code 0
[2026-03-13T14:39:03.480+0000] {taskinstance.py:3280} INFO - 1 downstream tasks scheduled from follow-on schedule check
[2026-03-13T15:09:42.541+0000] {taskinstance.py:1956} INFO - Dependencies all met for dep_context=non-requeueable deps ti=<TaskInstance: 2_enterprise_elt_pipeline.extract_to_minio scheduled__2026-03-12T00:00:00+00:00 [queued]>
[2026-03-13T15:09:42.548+0000] {taskinstance.py:1956} INFO - Dependencies all met for dep_context=requeueable deps ti=<TaskInstance: 2_enterprise_elt_pipeline.extract_to_minio scheduled__2026-03-12T00:00:00+00:00 [queued]>
[2026-03-13T15:09:42.548+0000] {taskinstance.py:2170} INFO - Starting attempt 1 of 1
[2026-03-13T15:09:42.555+0000] {taskinstance.py:2191} INFO - Executing <Task(_PythonDecoratedOperator): extract_to_minio> on 2026-03-12 00:00:00+00:00
[2026-03-13T15:09:42.559+0000] {standard_task_runner.py:60} INFO - Started process 554 to run task
[2026-03-13T15:09:42.572+0000] {standard_task_runner.py:87} INFO - Running: ['***', 'tasks', 'run', '2_enterprise_elt_pipeline', 'extract_to_minio', 'scheduled__2026-03-12T00:00:00+00:00', '--job-id', '36', '--raw', '--subdir', 'DAGS_FOLDER/elt_pipeline.py', '--cfg-path', '/tmp/tmpi44h7sbp']
[2026-03-13T15:09:42.580+0000] {standard_task_runner.py:88} INFO - Job 36: Subtask extract_to_minio
[2026-03-13T15:09:42.669+0000] {task_command.py:423} INFO - Running <TaskInstance: 2_enterprise_elt_pipeline.extract_to_minio scheduled__2026-03-12T00:00:00+00:00 [running]> on host 94439bb4e033
[2026-03-13T15:09:42.727+0000] {taskinstance.py:2480} INFO - Exporting env vars: AIRFLOW_CTX_DAG_OWNER='***' AIRFLOW_CTX_DAG_ID='2_enterprise_elt_pipeline' AIRFLOW_CTX_TASK_ID='extract_to_minio' AIRFLOW_CTX_EXECUTION_DATE='2026-03-12T00:00:00+00:00' AIRFLOW_CTX_TRY_NUMBER='1' AIRFLOW_CTX_DAG_RUN_ID='scheduled__2026-03-12T00:00:00+00:00'
[2026-03-13T15:09:42.758+0000] {generate_data.py:31} INFO - Generating 1000 fake customer records...
[2026-03-13T15:09:43.069+0000] {generate_data.py:61} INFO - SUCCESS: Uploaded customers/extract_20260313_150943.csv to MinIO bucket 'raw-data-lake'
[2026-03-13T15:09:43.069+0000] {python.py:201} INFO - Done. Returned value was: customers/extract_20260313_150943.csv
[2026-03-13T15:09:43.091+0000] {taskinstance.py:1138} INFO - Marking task as SUCCESS. dag_id=2_enterprise_elt_pipeline, task_id=extract_to_minio, execution_date=20260312T000000, start_date=20260313T150942, end_date=20260313T150943
[2026-03-13T15:09:43.114+0000] {local_task_job_runner.py:234} INFO - Task exited with return code 0
[2026-03-13T15:09:43.129+0000] {taskinstance.py:3280} INFO - 1 downstream tasks scheduled from follow-on schedule check
