[2026-03-14T05:38:17.075+0000] {taskinstance.py:1956} INFO - Dependencies all met for dep_context=non-requeueable deps ti=<TaskInstance: 2_enterprise_elt_pipeline.dbt_transform manual__2026-03-14T05:38:04.552755+00:00 [queued]>
[2026-03-14T05:38:17.081+0000] {taskinstance.py:1956} INFO - Dependencies all met for dep_context=requeueable deps ti=<TaskInstance: 2_enterprise_elt_pipeline.dbt_transform manual__2026-03-14T05:38:04.552755+00:00 [queued]>
[2026-03-14T05:38:17.081+0000] {taskinstance.py:2170} INFO - Starting attempt 1 of 2
[2026-03-14T05:38:17.091+0000] {taskinstance.py:2191} INFO - Executing <Task(BashOperator): dbt_transform> on 2026-03-14 05:38:04.552755+00:00
[2026-03-14T05:38:17.100+0000] {standard_task_runner.py:60} INFO - Started process 2471 to run task
[2026-03-14T05:38:17.102+0000] {standard_task_runner.py:87} INFO - Running: ['***', 'tasks', 'run', '2_enterprise_elt_pipeline', 'dbt_transform', 'manual__2026-03-14T05:38:04.552755+00:00', '--job-id', '51', '--raw', '--subdir', 'DAGS_FOLDER/elt_pipeline.py', '--cfg-path', '/tmp/tmp3pi7o9ux']
[2026-03-14T05:38:17.104+0000] {standard_task_runner.py:88} INFO - Job 51: Subtask dbt_transform
[2026-03-14T05:38:17.144+0000] {task_command.py:423} INFO - Running <TaskInstance: 2_enterprise_elt_pipeline.dbt_transform manual__2026-03-14T05:38:04.552755+00:00 [running]> on host 94439bb4e033
[2026-03-14T05:38:17.200+0000] {taskinstance.py:2480} INFO - Exporting env vars: AIRFLOW_CTX_DAG_OWNER='data_engineer' AIRFLOW_CTX_DAG_ID='2_enterprise_elt_pipeline' AIRFLOW_CTX_TASK_ID='dbt_transform' AIRFLOW_CTX_EXECUTION_DATE='2026-03-14T05:38:04.552755+00:00' AIRFLOW_CTX_TRY_NUMBER='1' AIRFLOW_CTX_DAG_RUN_ID='manual__2026-03-14T05:38:04.552755+00:00'
[2026-03-14T05:38:17.204+0000] {subprocess.py:63} INFO - Tmp dir root location: /tmp
[2026-03-14T05:38:17.205+0000] {subprocess.py:75} INFO - Running command: ['/usr/bin/bash', '-c', 'dbt run --project-dir /opt/***/dbt_project --profiles-dir /opt/***/dbt_project']
[2026-03-14T05:38:17.215+0000] {subprocess.py:86} INFO - Output:
[2026-03-14T05:38:18.183+0000] {subprocess.py:93} INFO - [0m05:38:18  Running with dbt=1.8.7
[2026-03-14T05:38:19.556+0000] {subprocess.py:93} INFO - [0m05:38:19  Registered adapter: snowflake=1.8.4
[2026-03-14T05:38:19.867+0000] {subprocess.py:93} INFO - [0m05:38:19  Found 5 data tests, 1 model, 1 source, 454 macros
[2026-03-14T05:38:19.869+0000] {subprocess.py:93} INFO - [0m05:38:19
[2026-03-14T05:38:21.133+0000] {subprocess.py:93} INFO - [0m05:38:21  Concurrency: 1 threads (target='dev')
[2026-03-14T05:38:21.135+0000] {subprocess.py:93} INFO - [0m05:38:21
[2026-03-14T05:38:21.150+0000] {subprocess.py:93} INFO - [0m05:38:21  1 of 1 START sql incremental model ANALYTICS.stg_customers ..................... [RUN]
[2026-03-14T05:38:23.153+0000] {subprocess.py:93} INFO - [0m05:38:23  1 of 1 OK created sql incremental model ANALYTICS.stg_customers ................ [[32mSUCCESS 0[0m in 2.00s]
[2026-03-14T05:38:23.156+0000] {subprocess.py:93} INFO - [0m05:38:23
[2026-03-14T05:38:23.156+0000] {subprocess.py:93} INFO - [0m05:38:23  Finished running 1 incremental model in 0 hours 0 minutes and 3.29 seconds (3.29s).
[2026-03-14T05:38:23.193+0000] {subprocess.py:93} INFO - [0m05:38:23
[2026-03-14T05:38:23.194+0000] {subprocess.py:93} INFO - [0m05:38:23  [32mCompleted successfully[0m
[2026-03-14T05:38:23.194+0000] {subprocess.py:93} INFO - [0m05:38:23
[2026-03-14T05:38:23.194+0000] {subprocess.py:93} INFO - [0m05:38:23  Done. PASS=1 WARN=0 ERROR=0 SKIP=0 TOTAL=1
[2026-03-14T05:38:24.594+0000] {subprocess.py:97} INFO - Command exited with return code 0
[2026-03-14T05:38:24.639+0000] {taskinstance.py:1138} INFO - Marking task as SUCCESS. dag_id=2_enterprise_elt_pipeline, task_id=dbt_transform, execution_date=20260314T053804, start_date=20260314T053817, end_date=20260314T053824
[2026-03-14T05:38:24.694+0000] {local_task_job_runner.py:234} INFO - Task exited with return code 0
[2026-03-14T05:38:24.719+0000] {taskinstance.py:3280} INFO - 0 downstream tasks scheduled from follow-on schedule check
