[2026-03-14T05:44:49.898+0000] {taskinstance.py:1956} INFO - Dependencies all met for dep_context=non-requeueable deps ti=<TaskInstance: 2_enterprise_elt_pipeline.dbt_transform manual__2026-03-14T05:44:37.445383+00:00 [queued]>
[2026-03-14T05:44:49.902+0000] {taskinstance.py:1956} INFO - Dependencies all met for dep_context=requeueable deps ti=<TaskInstance: 2_enterprise_elt_pipeline.dbt_transform manual__2026-03-14T05:44:37.445383+00:00 [queued]>
[2026-03-14T05:44:49.903+0000] {taskinstance.py:2170} INFO - Starting attempt 1 of 2
[2026-03-14T05:44:49.908+0000] {taskinstance.py:2191} INFO - Executing <Task(BashOperator): dbt_transform> on 2026-03-14 05:44:37.445383+00:00
[2026-03-14T05:44:49.922+0000] {standard_task_runner.py:60} INFO - Started process 294 to run task
[2026-03-14T05:44:49.924+0000] {standard_task_runner.py:87} INFO - Running: ['***', 'tasks', 'run', '2_enterprise_elt_pipeline', 'dbt_transform', 'manual__2026-03-14T05:44:37.445383+00:00', '--job-id', '56', '--raw', '--subdir', 'DAGS_FOLDER/elt_pipeline.py', '--cfg-path', '/tmp/tmpbk72tiyw']
[2026-03-14T05:44:49.926+0000] {standard_task_runner.py:88} INFO - Job 56: Subtask dbt_transform
[2026-03-14T05:44:49.948+0000] {task_command.py:423} INFO - Running <TaskInstance: 2_enterprise_elt_pipeline.dbt_transform manual__2026-03-14T05:44:37.445383+00:00 [running]> on host 250ae1a1a216
[2026-03-14T05:44:49.985+0000] {taskinstance.py:2480} INFO - Exporting env vars: AIRFLOW_CTX_DAG_OWNER='data_engineer' AIRFLOW_CTX_DAG_ID='2_enterprise_elt_pipeline' AIRFLOW_CTX_TASK_ID='dbt_transform' AIRFLOW_CTX_EXECUTION_DATE='2026-03-14T05:44:37.445383+00:00' AIRFLOW_CTX_TRY_NUMBER='1' AIRFLOW_CTX_DAG_RUN_ID='manual__2026-03-14T05:44:37.445383+00:00'
[2026-03-14T05:44:49.987+0000] {subprocess.py:63} INFO - Tmp dir root location: /tmp
[2026-03-14T05:44:49.987+0000] {subprocess.py:75} INFO - Running command: ['/usr/bin/bash', '-c', 'dbt run --project-dir /opt/***/dbt_project --profiles-dir /opt/***/dbt_project']
[2026-03-14T05:44:50.002+0000] {subprocess.py:86} INFO - Output:
[2026-03-14T05:44:51.187+0000] {subprocess.py:93} INFO - [0m05:44:51  Running with dbt=1.8.7
[2026-03-14T05:44:52.080+0000] {subprocess.py:93} INFO - [0m05:44:52  Registered adapter: snowflake=1.8.4
[2026-03-14T05:44:52.330+0000] {subprocess.py:93} INFO - [0m05:44:52  Found 5 data tests, 1 model, 1 source, 454 macros
[2026-03-14T05:44:52.332+0000] {subprocess.py:93} INFO - [0m05:44:52
[2026-03-14T05:44:53.551+0000] {subprocess.py:93} INFO - [0m05:44:53  Concurrency: 1 threads (target='dev')
[2026-03-14T05:44:53.553+0000] {subprocess.py:93} INFO - [0m05:44:53
[2026-03-14T05:44:53.575+0000] {subprocess.py:93} INFO - [0m05:44:53  1 of 1 START sql incremental model ANALYTICS.stg_customers ..................... [RUN]
[2026-03-14T05:44:55.749+0000] {subprocess.py:93} INFO - [0m05:44:55  1 of 1 OK created sql incremental model ANALYTICS.stg_customers ................ [[32mSUCCESS 0[0m in 2.17s]
[2026-03-14T05:44:55.755+0000] {subprocess.py:93} INFO - [0m05:44:55
[2026-03-14T05:44:55.755+0000] {subprocess.py:93} INFO - [0m05:44:55  Finished running 1 incremental model in 0 hours 0 minutes and 3.42 seconds (3.42s).
[2026-03-14T05:44:55.800+0000] {subprocess.py:93} INFO - [0m05:44:55
[2026-03-14T05:44:55.801+0000] {subprocess.py:93} INFO - [0m05:44:55  [32mCompleted successfully[0m
[2026-03-14T05:44:55.802+0000] {subprocess.py:93} INFO - [0m05:44:55
[2026-03-14T05:44:55.802+0000] {subprocess.py:93} INFO - [0m05:44:55  Done. PASS=1 WARN=0 ERROR=0 SKIP=0 TOTAL=1
[2026-03-14T05:44:57.486+0000] {subprocess.py:97} INFO - Command exited with return code 0
[2026-03-14T05:44:57.527+0000] {taskinstance.py:1138} INFO - Marking task as SUCCESS. dag_id=2_enterprise_elt_pipeline, task_id=dbt_transform, execution_date=20260314T054437, start_date=20260314T054449, end_date=20260314T054457
[2026-03-14T05:44:57.559+0000] {local_task_job_runner.py:234} INFO - Task exited with return code 0
[2026-03-14T05:44:57.571+0000] {taskinstance.py:3280} INFO - 0 downstream tasks scheduled from follow-on schedule check
