[2026-03-14T06:55:01.044+0000] {taskinstance.py:1956} INFO - Dependencies all met for dep_context=non-requeueable deps ti=<TaskInstance: 2_enterprise_elt_pipeline.dbt_transform manual__2026-03-14T06:54:50.979161+00:00 [queued]>
[2026-03-14T06:55:01.048+0000] {taskinstance.py:1956} INFO - Dependencies all met for dep_context=requeueable deps ti=<TaskInstance: 2_enterprise_elt_pipeline.dbt_transform manual__2026-03-14T06:54:50.979161+00:00 [queued]>
[2026-03-14T06:55:01.048+0000] {taskinstance.py:2170} INFO - Starting attempt 1 of 2
[2026-03-14T06:55:01.053+0000] {taskinstance.py:2191} INFO - Executing <Task(BashOperator): dbt_transform> on 2026-03-14 06:54:50.979161+00:00
[2026-03-14T06:55:01.057+0000] {standard_task_runner.py:60} INFO - Started process 898 to run task
[2026-03-14T06:55:01.059+0000] {standard_task_runner.py:87} INFO - Running: ['***', 'tasks', 'run', '2_enterprise_elt_pipeline', 'dbt_transform', 'manual__2026-03-14T06:54:50.979161+00:00', '--job-id', '90', '--raw', '--subdir', 'DAGS_FOLDER/elt_pipeline.py', '--cfg-path', '/tmp/tmp7ekubycd']
[2026-03-14T06:55:01.060+0000] {standard_task_runner.py:88} INFO - Job 90: Subtask dbt_transform
[2026-03-14T06:55:01.080+0000] {task_command.py:423} INFO - Running <TaskInstance: 2_enterprise_elt_pipeline.dbt_transform manual__2026-03-14T06:54:50.979161+00:00 [running]> on host c4724fa4fb48
[2026-03-14T06:55:01.108+0000] {taskinstance.py:2480} INFO - Exporting env vars: AIRFLOW_CTX_DAG_OWNER='data_engineer' AIRFLOW_CTX_DAG_ID='2_enterprise_elt_pipeline' AIRFLOW_CTX_TASK_ID='dbt_transform' AIRFLOW_CTX_EXECUTION_DATE='2026-03-14T06:54:50.979161+00:00' AIRFLOW_CTX_TRY_NUMBER='1' AIRFLOW_CTX_DAG_RUN_ID='manual__2026-03-14T06:54:50.979161+00:00'
[2026-03-14T06:55:01.109+0000] {subprocess.py:63} INFO - Tmp dir root location: /tmp
[2026-03-14T06:55:01.110+0000] {subprocess.py:75} INFO - Running command: ['/usr/bin/bash', '-c', 'dbt run --project-dir /opt/***/dbt_project --profiles-dir /opt/***/dbt_project']
[2026-03-14T06:55:01.116+0000] {subprocess.py:86} INFO - Output:
[2026-03-14T06:55:01.882+0000] {subprocess.py:93} INFO - [0m06:55:01  Running with dbt=1.8.7
[2026-03-14T06:55:02.391+0000] {subprocess.py:93} INFO - [0m06:55:02  Registered adapter: snowflake=1.8.4
[2026-03-14T06:55:02.618+0000] {subprocess.py:93} INFO - [0m06:55:02  Found 5 data tests, 1 model, 1 source, 454 macros
[2026-03-14T06:55:02.621+0000] {subprocess.py:93} INFO - [0m06:55:02
[2026-03-14T06:55:04.431+0000] {subprocess.py:93} INFO - [0m06:55:04
[2026-03-14T06:55:04.431+0000] {subprocess.py:93} INFO - [0m06:55:04  Finished running  in 0 hours 0 minutes and 1.81 seconds (1.81s).
[2026-03-14T06:55:04.432+0000] {subprocess.py:93} INFO - [0m06:55:04  Encountered an error:
[2026-03-14T06:55:04.432+0000] {subprocess.py:93} INFO - Database Error
[2026-03-14T06:55:04.432+0000] {subprocess.py:93} INFO -   003001 (42501): SQL access control error:
[2026-03-14T06:55:04.432+0000] {subprocess.py:93} INFO -   Insufficient privileges to operate on database 'RAW_LAKE'.
[2026-03-14T06:55:05.819+0000] {subprocess.py:97} INFO - Command exited with return code 2
[2026-03-14T06:55:05.862+0000] {taskinstance.py:2698} ERROR - Task failed with exception
Traceback (most recent call last):
  File "/home/airflow/.local/lib/python3.8/site-packages/airflow/models/taskinstance.py", line 433, in _execute_task
    result = execute_callable(context=context, **execute_callable_kwargs)
  File "/home/airflow/.local/lib/python3.8/site-packages/airflow/operators/bash.py", line 212, in execute
    raise AirflowException(
airflow.exceptions.AirflowException: Bash command failed. The command returned a non-zero exit code 2.
[2026-03-14T06:55:05.869+0000] {taskinstance.py:1138} INFO - Marking task as UP_FOR_RETRY. dag_id=2_enterprise_elt_pipeline, task_id=dbt_transform, execution_date=20260314T065450, start_date=20260314T065501, end_date=20260314T065505
[2026-03-14T06:55:05.897+0000] {standard_task_runner.py:107} ERROR - Failed to execute job 90 for task dbt_transform (Bash command failed. The command returned a non-zero exit code 2.; 898)
[2026-03-14T06:55:05.934+0000] {local_task_job_runner.py:234} INFO - Task exited with return code 1
[2026-03-14T06:55:05.976+0000] {taskinstance.py:3280} INFO - 0 downstream tasks scheduled from follow-on schedule check
