[2026-03-14T06:56:49.526+0000] {taskinstance.py:1956} INFO - Dependencies all met for dep_context=non-requeueable deps ti=<TaskInstance: 2_enterprise_elt_pipeline.dbt_transform scheduled__2026-03-13T00:00:00+00:00 [queued]>
[2026-03-14T06:56:49.531+0000] {taskinstance.py:1956} INFO - Dependencies all met for dep_context=requeueable deps ti=<TaskInstance: 2_enterprise_elt_pipeline.dbt_transform scheduled__2026-03-13T00:00:00+00:00 [queued]>
[2026-03-14T06:56:49.531+0000] {taskinstance.py:2170} INFO - Starting attempt 2 of 2
[2026-03-14T06:56:49.537+0000] {taskinstance.py:2191} INFO - Executing <Task(BashOperator): dbt_transform> on 2026-03-13 00:00:00+00:00
[2026-03-14T06:56:49.546+0000] {standard_task_runner.py:60} INFO - Started process 945 to run task
[2026-03-14T06:56:49.550+0000] {standard_task_runner.py:87} INFO - Running: ['***', 'tasks', 'run', '2_enterprise_elt_pipeline', 'dbt_transform', 'scheduled__2026-03-13T00:00:00+00:00', '--job-id', '91', '--raw', '--subdir', 'DAGS_FOLDER/elt_pipeline.py', '--cfg-path', '/tmp/tmpsd5nx2va']
[2026-03-14T06:56:49.553+0000] {standard_task_runner.py:88} INFO - Job 91: Subtask dbt_transform
[2026-03-14T06:56:49.590+0000] {task_command.py:423} INFO - Running <TaskInstance: 2_enterprise_elt_pipeline.dbt_transform scheduled__2026-03-13T00:00:00+00:00 [running]> on host c4724fa4fb48
[2026-03-14T06:56:49.635+0000] {taskinstance.py:2480} INFO - Exporting env vars: AIRFLOW_CTX_DAG_OWNER='data_engineer' AIRFLOW_CTX_DAG_ID='2_enterprise_elt_pipeline' AIRFLOW_CTX_TASK_ID='dbt_transform' AIRFLOW_CTX_EXECUTION_DATE='2026-03-13T00:00:00+00:00' AIRFLOW_CTX_TRY_NUMBER='2' AIRFLOW_CTX_DAG_RUN_ID='scheduled__2026-03-13T00:00:00+00:00'
[2026-03-14T06:56:49.637+0000] {subprocess.py:63} INFO - Tmp dir root location: /tmp
[2026-03-14T06:56:49.638+0000] {subprocess.py:75} INFO - Running command: ['/usr/bin/bash', '-c', 'dbt run --project-dir /opt/***/dbt_project --profiles-dir /opt/***/dbt_project']
[2026-03-14T06:56:49.655+0000] {subprocess.py:86} INFO - Output:
[2026-03-14T06:56:50.539+0000] {subprocess.py:93} INFO - [0m06:56:50  Running with dbt=1.8.7
[2026-03-14T06:56:51.070+0000] {subprocess.py:93} INFO - [0m06:56:51  Registered adapter: snowflake=1.8.4
[2026-03-14T06:56:51.421+0000] {subprocess.py:93} INFO - [0m06:56:51  Found 5 data tests, 1 model, 1 source, 454 macros
[2026-03-14T06:56:51.424+0000] {subprocess.py:93} INFO - [0m06:56:51
[2026-03-14T06:56:53.145+0000] {subprocess.py:93} INFO - [0m06:56:53
[2026-03-14T06:56:53.146+0000] {subprocess.py:93} INFO - [0m06:56:53  Finished running  in 0 hours 0 minutes and 1.72 seconds (1.72s).
[2026-03-14T06:56:53.147+0000] {subprocess.py:93} INFO - [0m06:56:53  Encountered an error:
[2026-03-14T06:56:53.148+0000] {subprocess.py:93} INFO - Database Error
[2026-03-14T06:56:53.148+0000] {subprocess.py:93} INFO -   003001 (42501): SQL access control error:
[2026-03-14T06:56:53.148+0000] {subprocess.py:93} INFO -   Insufficient privileges to operate on database 'RAW_LAKE'.
[2026-03-14T06:56:54.690+0000] {subprocess.py:97} INFO - Command exited with return code 2
[2026-03-14T06:56:54.714+0000] {taskinstance.py:2698} ERROR - Task failed with exception
Traceback (most recent call last):
  File "/home/airflow/.local/lib/python3.8/site-packages/airflow/models/taskinstance.py", line 433, in _execute_task
    result = execute_callable(context=context, **execute_callable_kwargs)
  File "/home/airflow/.local/lib/python3.8/site-packages/airflow/operators/bash.py", line 212, in execute
    raise AirflowException(
airflow.exceptions.AirflowException: Bash command failed. The command returned a non-zero exit code 2.
[2026-03-14T06:56:54.720+0000] {taskinstance.py:1138} INFO - Marking task as FAILED. dag_id=2_enterprise_elt_pipeline, task_id=dbt_transform, execution_date=20260313T000000, start_date=20260314T065649, end_date=20260314T065654
[2026-03-14T06:56:56.156+0000] {standard_task_runner.py:107} ERROR - Failed to execute job 91 for task dbt_transform (Bash command failed. The command returned a non-zero exit code 2.; 945)
[2026-03-14T06:56:56.197+0000] {local_task_job_runner.py:234} INFO - Task exited with return code 1
[2026-03-14T06:56:56.225+0000] {taskinstance.py:3280} INFO - 0 downstream tasks scheduled from follow-on schedule check
[2026-03-14T07:06:35.545+0000] {taskinstance.py:1956} INFO - Dependencies all met for dep_context=non-requeueable deps ti=<TaskInstance: 2_enterprise_elt_pipeline.dbt_transform scheduled__2026-03-13T00:00:00+00:00 [queued]>
[2026-03-14T07:06:35.551+0000] {taskinstance.py:1956} INFO - Dependencies all met for dep_context=requeueable deps ti=<TaskInstance: 2_enterprise_elt_pipeline.dbt_transform scheduled__2026-03-13T00:00:00+00:00 [queued]>
[2026-03-14T07:06:35.551+0000] {taskinstance.py:2170} INFO - Starting attempt 2 of 2
[2026-03-14T07:06:35.562+0000] {taskinstance.py:2191} INFO - Executing <Task(BashOperator): dbt_transform> on 2026-03-13 00:00:00+00:00
[2026-03-14T07:06:35.566+0000] {standard_task_runner.py:60} INFO - Started process 1237 to run task
[2026-03-14T07:06:35.569+0000] {standard_task_runner.py:87} INFO - Running: ['***', 'tasks', 'run', '2_enterprise_elt_pipeline', 'dbt_transform', 'scheduled__2026-03-13T00:00:00+00:00', '--job-id', '102', '--raw', '--subdir', 'DAGS_FOLDER/elt_pipeline.py', '--cfg-path', '/tmp/tmprdkk5oh2']
[2026-03-14T07:06:35.574+0000] {standard_task_runner.py:88} INFO - Job 102: Subtask dbt_transform
[2026-03-14T07:06:35.613+0000] {task_command.py:423} INFO - Running <TaskInstance: 2_enterprise_elt_pipeline.dbt_transform scheduled__2026-03-13T00:00:00+00:00 [running]> on host c4724fa4fb48
[2026-03-14T07:06:35.650+0000] {taskinstance.py:2480} INFO - Exporting env vars: AIRFLOW_CTX_DAG_OWNER='data_engineer' AIRFLOW_CTX_DAG_ID='2_enterprise_elt_pipeline' AIRFLOW_CTX_TASK_ID='dbt_transform' AIRFLOW_CTX_EXECUTION_DATE='2026-03-13T00:00:00+00:00' AIRFLOW_CTX_TRY_NUMBER='2' AIRFLOW_CTX_DAG_RUN_ID='scheduled__2026-03-13T00:00:00+00:00'
[2026-03-14T07:06:35.651+0000] {subprocess.py:63} INFO - Tmp dir root location: /tmp
[2026-03-14T07:06:35.652+0000] {subprocess.py:75} INFO - Running command: ['/usr/bin/bash', '-c', 'dbt run --project-dir /opt/***/dbt_project --profiles-dir /opt/***/dbt_project']
[2026-03-14T07:06:35.661+0000] {subprocess.py:86} INFO - Output:
[2026-03-14T07:06:36.572+0000] {subprocess.py:93} INFO - [0m07:06:36  Running with dbt=1.8.7
[2026-03-14T07:06:37.168+0000] {subprocess.py:93} INFO - [0m07:06:37  Registered adapter: snowflake=1.8.4
[2026-03-14T07:06:37.426+0000] {subprocess.py:93} INFO - [0m07:06:37  Found 1 model, 5 data tests, 1 source, 454 macros
[2026-03-14T07:06:37.429+0000] {subprocess.py:93} INFO - [0m07:06:37
[2026-03-14T07:06:39.006+0000] {subprocess.py:93} INFO - [0m07:06:39  Concurrency: 1 threads (target='dev')
[2026-03-14T07:06:39.010+0000] {subprocess.py:93} INFO - [0m07:06:39
[2026-03-14T07:06:39.023+0000] {subprocess.py:93} INFO - [0m07:06:39  1 of 1 START sql incremental model ANALYTICS.stg_customers ..................... [RUN]
[2026-03-14T07:06:39.566+0000] {subprocess.py:93} INFO - [0m07:06:39  1 of 1 ERROR creating sql incremental model ANALYTICS.stg_customers ............ [[31mERROR[0m in 0.54s]
[2026-03-14T07:06:39.569+0000] {subprocess.py:93} INFO - [0m07:06:39
[2026-03-14T07:06:39.570+0000] {subprocess.py:93} INFO - [0m07:06:39  Finished running 1 incremental model in 0 hours 0 minutes and 2.14 seconds (2.14s).
[2026-03-14T07:06:39.638+0000] {subprocess.py:93} INFO - [0m07:06:39
[2026-03-14T07:06:39.639+0000] {subprocess.py:93} INFO - [0m07:06:39  [31mCompleted with 1 error and 0 warnings:[0m
[2026-03-14T07:06:39.639+0000] {subprocess.py:93} INFO - [0m07:06:39
[2026-03-14T07:06:39.640+0000] {subprocess.py:93} INFO - [0m07:06:39    Database Error in model stg_customers (models/marts/stg_customers.sql)
[2026-03-14T07:06:39.640+0000] {subprocess.py:93} INFO -   000904 (42000): SQL compilation error: error line 6 at position 4
[2026-03-14T07:06:39.640+0000] {subprocess.py:93} INFO -   invalid identifier 'CUSTOMER_ID'
[2026-03-14T07:06:39.640+0000] {subprocess.py:93} INFO -   compiled code at target/run/my_transformation/models/marts/stg_customers.sql
[2026-03-14T07:06:39.640+0000] {subprocess.py:93} INFO - [0m07:06:39
[2026-03-14T07:06:39.640+0000] {subprocess.py:93} INFO - [0m07:06:39  Done. PASS=0 WARN=0 ERROR=1 SKIP=0 TOTAL=1
[2026-03-14T07:06:40.893+0000] {subprocess.py:97} INFO - Command exited with return code 1
[2026-03-14T07:06:40.905+0000] {taskinstance.py:2698} ERROR - Task failed with exception
Traceback (most recent call last):
  File "/home/airflow/.local/lib/python3.8/site-packages/airflow/models/taskinstance.py", line 433, in _execute_task
    result = execute_callable(context=context, **execute_callable_kwargs)
  File "/home/airflow/.local/lib/python3.8/site-packages/airflow/operators/bash.py", line 212, in execute
    raise AirflowException(
airflow.exceptions.AirflowException: Bash command failed. The command returned a non-zero exit code 1.
[2026-03-14T07:06:40.909+0000] {taskinstance.py:1138} INFO - Marking task as FAILED. dag_id=2_enterprise_elt_pipeline, task_id=dbt_transform, execution_date=20260313T000000, start_date=20260314T070635, end_date=20260314T070640
[2026-03-14T07:06:41.307+0000] {standard_task_runner.py:107} ERROR - Failed to execute job 102 for task dbt_transform (Bash command failed. The command returned a non-zero exit code 1.; 1237)
[2026-03-14T07:06:41.319+0000] {local_task_job_runner.py:234} INFO - Task exited with return code 1
[2026-03-14T07:06:41.334+0000] {taskinstance.py:3280} INFO - 0 downstream tasks scheduled from follow-on schedule check
