[2026-03-14T00:03:26.458+0000] {taskinstance.py:1956} INFO - Dependencies all met for dep_context=non-requeueable deps ti=<TaskInstance: 2_enterprise_elt_pipeline.dbt_transform scheduled__2026-03-13T00:00:00+00:00 [queued]>
[2026-03-14T00:03:26.465+0000] {taskinstance.py:1956} INFO - Dependencies all met for dep_context=requeueable deps ti=<TaskInstance: 2_enterprise_elt_pipeline.dbt_transform scheduled__2026-03-13T00:00:00+00:00 [queued]>
[2026-03-14T00:03:26.465+0000] {taskinstance.py:2170} INFO - Starting attempt 1 of 1
[2026-03-14T00:03:26.472+0000] {taskinstance.py:2191} INFO - Executing <Task(BashOperator): dbt_transform> on 2026-03-13 00:00:00+00:00
[2026-03-14T00:03:26.479+0000] {standard_task_runner.py:60} INFO - Started process 856 to run task
[2026-03-14T00:03:26.485+0000] {standard_task_runner.py:87} INFO - Running: ['***', 'tasks', 'run', '2_enterprise_elt_pipeline', 'dbt_transform', 'scheduled__2026-03-13T00:00:00+00:00', '--job-id', '43', '--raw', '--subdir', 'DAGS_FOLDER/elt_pipeline.py', '--cfg-path', '/tmp/tmpf_d69_vs']
[2026-03-14T00:03:26.492+0000] {standard_task_runner.py:88} INFO - Job 43: Subtask dbt_transform
[2026-03-14T00:03:26.988+0000] {task_command.py:423} INFO - Running <TaskInstance: 2_enterprise_elt_pipeline.dbt_transform scheduled__2026-03-13T00:00:00+00:00 [running]> on host 94439bb4e033
[2026-03-14T00:03:27.075+0000] {taskinstance.py:2480} INFO - Exporting env vars: AIRFLOW_CTX_DAG_OWNER='***' AIRFLOW_CTX_DAG_ID='2_enterprise_elt_pipeline' AIRFLOW_CTX_TASK_ID='dbt_transform' AIRFLOW_CTX_EXECUTION_DATE='2026-03-13T00:00:00+00:00' AIRFLOW_CTX_TRY_NUMBER='1' AIRFLOW_CTX_DAG_RUN_ID='scheduled__2026-03-13T00:00:00+00:00'
[2026-03-14T00:03:27.088+0000] {subprocess.py:63} INFO - Tmp dir root location: /tmp
[2026-03-14T00:03:27.090+0000] {subprocess.py:75} INFO - Running command: ['/usr/bin/bash', '-c', 'dbt run --project-dir /opt/***/dbt_project --profiles-dir /opt/***/dbt_project']
[2026-03-14T00:03:27.108+0000] {subprocess.py:86} INFO - Output:
[2026-03-14T00:03:28.150+0000] {subprocess.py:93} INFO - [0m00:03:28  Running with dbt=1.8.7
[2026-03-14T00:03:28.862+0000] {subprocess.py:93} INFO - [0m00:03:28  Registered adapter: snowflake=1.8.4
[2026-03-14T00:03:29.049+0000] {subprocess.py:93} INFO - [0m00:03:29  Found 1 model, 1 source, 454 macros
[2026-03-14T00:03:29.052+0000] {subprocess.py:93} INFO - [0m00:03:29
[2026-03-14T00:03:32.440+0000] {subprocess.py:93} INFO - [0m00:03:32  Concurrency: 1 threads (target='dev')
[2026-03-14T00:03:32.443+0000] {subprocess.py:93} INFO - [0m00:03:32
[2026-03-14T00:03:32.453+0000] {subprocess.py:93} INFO - [0m00:03:32  1 of 1 START sql table model ANALYTICS.stg_customers ........................... [RUN]
[2026-03-14T00:03:34.625+0000] {subprocess.py:93} INFO - [0m00:03:34  1 of 1 OK created sql table model ANALYTICS.stg_customers ...................... [[32mSUCCESS 1[0m in 2.17s]
[2026-03-14T00:03:34.631+0000] {subprocess.py:93} INFO - [0m00:03:34
[2026-03-14T00:03:34.631+0000] {subprocess.py:93} INFO - [0m00:03:34  Finished running 1 table model in 0 hours 0 minutes and 5.58 seconds (5.58s).
[2026-03-14T00:03:34.663+0000] {subprocess.py:93} INFO - [0m00:03:34
[2026-03-14T00:03:34.664+0000] {subprocess.py:93} INFO - [0m00:03:34  [32mCompleted successfully[0m
[2026-03-14T00:03:34.664+0000] {subprocess.py:93} INFO - [0m00:03:34
[2026-03-14T00:03:34.665+0000] {subprocess.py:93} INFO - [0m00:03:34  Done. PASS=1 WARN=0 ERROR=0 SKIP=0 TOTAL=1
[2026-03-14T00:03:36.013+0000] {subprocess.py:97} INFO - Command exited with return code 0
[2026-03-14T00:03:36.063+0000] {taskinstance.py:1138} INFO - Marking task as SUCCESS. dag_id=2_enterprise_elt_pipeline, task_id=dbt_transform, execution_date=20260313T000000, start_date=20260314T000326, end_date=20260314T000336
[2026-03-14T00:03:36.113+0000] {local_task_job_runner.py:234} INFO - Task exited with return code 0
[2026-03-14T00:03:36.129+0000] {taskinstance.py:3280} INFO - 0 downstream tasks scheduled from follow-on schedule check
[2026-03-14T06:51:43.386+0000] {taskinstance.py:1956} INFO - Dependencies all met for dep_context=non-requeueable deps ti=<TaskInstance: 2_enterprise_elt_pipeline.dbt_transform scheduled__2026-03-13T00:00:00+00:00 [queued]>
[2026-03-14T06:51:43.392+0000] {taskinstance.py:1956} INFO - Dependencies all met for dep_context=requeueable deps ti=<TaskInstance: 2_enterprise_elt_pipeline.dbt_transform scheduled__2026-03-13T00:00:00+00:00 [queued]>
[2026-03-14T06:51:43.392+0000] {taskinstance.py:2170} INFO - Starting attempt 1 of 2
[2026-03-14T06:51:43.398+0000] {taskinstance.py:2191} INFO - Executing <Task(BashOperator): dbt_transform> on 2026-03-13 00:00:00+00:00
[2026-03-14T06:51:43.406+0000] {standard_task_runner.py:60} INFO - Started process 798 to run task
[2026-03-14T06:51:43.411+0000] {standard_task_runner.py:87} INFO - Running: ['***', 'tasks', 'run', '2_enterprise_elt_pipeline', 'dbt_transform', 'scheduled__2026-03-13T00:00:00+00:00', '--job-id', '86', '--raw', '--subdir', 'DAGS_FOLDER/elt_pipeline.py', '--cfg-path', '/tmp/tmp748rvzds']
[2026-03-14T06:51:43.413+0000] {standard_task_runner.py:88} INFO - Job 86: Subtask dbt_transform
[2026-03-14T06:51:43.443+0000] {task_command.py:423} INFO - Running <TaskInstance: 2_enterprise_elt_pipeline.dbt_transform scheduled__2026-03-13T00:00:00+00:00 [running]> on host c4724fa4fb48
[2026-03-14T06:51:43.480+0000] {taskinstance.py:2480} INFO - Exporting env vars: AIRFLOW_CTX_DAG_OWNER='data_engineer' AIRFLOW_CTX_DAG_ID='2_enterprise_elt_pipeline' AIRFLOW_CTX_TASK_ID='dbt_transform' AIRFLOW_CTX_EXECUTION_DATE='2026-03-13T00:00:00+00:00' AIRFLOW_CTX_TRY_NUMBER='1' AIRFLOW_CTX_DAG_RUN_ID='scheduled__2026-03-13T00:00:00+00:00'
[2026-03-14T06:51:43.481+0000] {subprocess.py:63} INFO - Tmp dir root location: /tmp
[2026-03-14T06:51:43.482+0000] {subprocess.py:75} INFO - Running command: ['/usr/bin/bash', '-c', 'dbt run --project-dir /opt/***/dbt_project --profiles-dir /opt/***/dbt_project']
[2026-03-14T06:51:43.493+0000] {subprocess.py:86} INFO - Output:
[2026-03-14T06:51:44.888+0000] {subprocess.py:93} INFO - [0m06:51:44  Running with dbt=1.8.7
[2026-03-14T06:51:45.563+0000] {subprocess.py:93} INFO - [0m06:51:45  Registered adapter: snowflake=1.8.4
[2026-03-14T06:51:45.800+0000] {subprocess.py:93} INFO - [0m06:51:45  Found 5 data tests, 1 model, 1 source, 454 macros
[2026-03-14T06:51:45.802+0000] {subprocess.py:93} INFO - [0m06:51:45
[2026-03-14T06:51:47.221+0000] {subprocess.py:93} INFO - [0m06:51:47
[2026-03-14T06:51:47.223+0000] {subprocess.py:93} INFO - [0m06:51:47  Finished running  in 0 hours 0 minutes and 1.42 seconds (1.42s).
[2026-03-14T06:51:47.224+0000] {subprocess.py:93} INFO - [0m06:51:47  Encountered an error:
[2026-03-14T06:51:47.224+0000] {subprocess.py:93} INFO - Database Error
[2026-03-14T06:51:47.224+0000] {subprocess.py:93} INFO -   003001 (42501): SQL access control error:
[2026-03-14T06:51:47.225+0000] {subprocess.py:93} INFO -   Insufficient privileges to operate on database 'RAW_LAKE'.
[2026-03-14T06:51:48.511+0000] {subprocess.py:97} INFO - Command exited with return code 2
[2026-03-14T06:51:48.530+0000] {taskinstance.py:2698} ERROR - Task failed with exception
Traceback (most recent call last):
  File "/home/airflow/.local/lib/python3.8/site-packages/airflow/models/taskinstance.py", line 433, in _execute_task
    result = execute_callable(context=context, **execute_callable_kwargs)
  File "/home/airflow/.local/lib/python3.8/site-packages/airflow/operators/bash.py", line 212, in execute
    raise AirflowException(
airflow.exceptions.AirflowException: Bash command failed. The command returned a non-zero exit code 2.
[2026-03-14T06:51:48.535+0000] {taskinstance.py:1138} INFO - Marking task as UP_FOR_RETRY. dag_id=2_enterprise_elt_pipeline, task_id=dbt_transform, execution_date=20260313T000000, start_date=20260314T065143, end_date=20260314T065148
[2026-03-14T06:51:48.548+0000] {standard_task_runner.py:107} ERROR - Failed to execute job 86 for task dbt_transform (Bash command failed. The command returned a non-zero exit code 2.; 798)
[2026-03-14T06:51:48.585+0000] {local_task_job_runner.py:234} INFO - Task exited with return code 1
[2026-03-14T06:51:48.603+0000] {taskinstance.py:3280} INFO - 0 downstream tasks scheduled from follow-on schedule check
[2026-03-14T07:01:26.853+0000] {taskinstance.py:1956} INFO - Dependencies all met for dep_context=non-requeueable deps ti=<TaskInstance: 2_enterprise_elt_pipeline.dbt_transform scheduled__2026-03-13T00:00:00+00:00 [queued]>
[2026-03-14T07:01:26.859+0000] {taskinstance.py:1956} INFO - Dependencies all met for dep_context=requeueable deps ti=<TaskInstance: 2_enterprise_elt_pipeline.dbt_transform scheduled__2026-03-13T00:00:00+00:00 [queued]>
[2026-03-14T07:01:26.859+0000] {taskinstance.py:2170} INFO - Starting attempt 1 of 2
[2026-03-14T07:01:26.867+0000] {taskinstance.py:2191} INFO - Executing <Task(BashOperator): dbt_transform> on 2026-03-13 00:00:00+00:00
[2026-03-14T07:01:26.872+0000] {standard_task_runner.py:60} INFO - Started process 1093 to run task
[2026-03-14T07:01:26.876+0000] {standard_task_runner.py:87} INFO - Running: ['***', 'tasks', 'run', '2_enterprise_elt_pipeline', 'dbt_transform', 'scheduled__2026-03-13T00:00:00+00:00', '--job-id', '100', '--raw', '--subdir', 'DAGS_FOLDER/elt_pipeline.py', '--cfg-path', '/tmp/tmpqmt6xso1']
[2026-03-14T07:01:26.878+0000] {standard_task_runner.py:88} INFO - Job 100: Subtask dbt_transform
[2026-03-14T07:01:26.907+0000] {task_command.py:423} INFO - Running <TaskInstance: 2_enterprise_elt_pipeline.dbt_transform scheduled__2026-03-13T00:00:00+00:00 [running]> on host c4724fa4fb48
[2026-03-14T07:01:26.953+0000] {taskinstance.py:2480} INFO - Exporting env vars: AIRFLOW_CTX_DAG_OWNER='data_engineer' AIRFLOW_CTX_DAG_ID='2_enterprise_elt_pipeline' AIRFLOW_CTX_TASK_ID='dbt_transform' AIRFLOW_CTX_EXECUTION_DATE='2026-03-13T00:00:00+00:00' AIRFLOW_CTX_TRY_NUMBER='1' AIRFLOW_CTX_DAG_RUN_ID='scheduled__2026-03-13T00:00:00+00:00'
[2026-03-14T07:01:26.956+0000] {subprocess.py:63} INFO - Tmp dir root location: /tmp
[2026-03-14T07:01:26.957+0000] {subprocess.py:75} INFO - Running command: ['/usr/bin/bash', '-c', 'dbt run --project-dir /opt/***/dbt_project --profiles-dir /opt/***/dbt_project']
[2026-03-14T07:01:26.966+0000] {subprocess.py:86} INFO - Output:
[2026-03-14T07:01:28.095+0000] {subprocess.py:93} INFO - [0m07:01:28  Running with dbt=1.8.7
[2026-03-14T07:01:28.929+0000] {subprocess.py:93} INFO - [0m07:01:28  Registered adapter: snowflake=1.8.4
[2026-03-14T07:01:29.025+0000] {subprocess.py:93} INFO - [0m07:01:29  Unable to do partial parsing because profile has changed
[2026-03-14T07:01:29.873+0000] {subprocess.py:93} INFO - [0m07:01:29  [[33mWARNING[0m]: Deprecated functionality
[2026-03-14T07:01:29.875+0000] {subprocess.py:93} INFO - The `tests` config has been renamed to `data_tests`. Please see
[2026-03-14T07:01:29.877+0000] {subprocess.py:93} INFO - https://docs.getdbt.com/docs/build/data-tests#new-data_tests-syntax for more
[2026-03-14T07:01:29.880+0000] {subprocess.py:93} INFO - information.
[2026-03-14T07:01:30.235+0000] {subprocess.py:93} INFO - [0m07:01:30  Found 1 model, 5 data tests, 1 source, 454 macros
[2026-03-14T07:01:30.236+0000] {subprocess.py:93} INFO - [0m07:01:30
[2026-03-14T07:01:32.163+0000] {subprocess.py:93} INFO - [0m07:01:32  Concurrency: 1 threads (target='dev')
[2026-03-14T07:01:32.164+0000] {subprocess.py:93} INFO - [0m07:01:32
[2026-03-14T07:01:32.174+0000] {subprocess.py:93} INFO - [0m07:01:32  1 of 1 START sql incremental model ANALYTICS.stg_customers ..................... [RUN]
[2026-03-14T07:01:32.769+0000] {subprocess.py:93} INFO - [0m07:01:32  1 of 1 ERROR creating sql incremental model ANALYTICS.stg_customers ............ [[31mERROR[0m in 0.59s]
[2026-03-14T07:01:32.773+0000] {subprocess.py:93} INFO - [0m07:01:32
[2026-03-14T07:01:32.774+0000] {subprocess.py:93} INFO - [0m07:01:32  Finished running 1 incremental model in 0 hours 0 minutes and 2.54 seconds (2.54s).
[2026-03-14T07:01:32.824+0000] {subprocess.py:93} INFO - [0m07:01:32
[2026-03-14T07:01:32.824+0000] {subprocess.py:93} INFO - [0m07:01:32  [31mCompleted with 1 error and 0 warnings:[0m
[2026-03-14T07:01:32.825+0000] {subprocess.py:93} INFO - [0m07:01:32
[2026-03-14T07:01:32.825+0000] {subprocess.py:93} INFO - [0m07:01:32    Database Error in model stg_customers (models/marts/stg_customers.sql)
[2026-03-14T07:01:32.825+0000] {subprocess.py:93} INFO -   000904 (42000): SQL compilation error: error line 6 at position 4
[2026-03-14T07:01:32.826+0000] {subprocess.py:93} INFO -   invalid identifier 'CUSTOMER_ID'
[2026-03-14T07:01:32.826+0000] {subprocess.py:93} INFO -   compiled code at target/run/my_transformation/models/marts/stg_customers.sql
[2026-03-14T07:01:32.826+0000] {subprocess.py:93} INFO - [0m07:01:32
[2026-03-14T07:01:32.826+0000] {subprocess.py:93} INFO - [0m07:01:32  Done. PASS=0 WARN=0 ERROR=1 SKIP=0 TOTAL=1
[2026-03-14T07:01:34.345+0000] {subprocess.py:97} INFO - Command exited with return code 1
[2026-03-14T07:01:34.369+0000] {taskinstance.py:2698} ERROR - Task failed with exception
Traceback (most recent call last):
  File "/home/airflow/.local/lib/python3.8/site-packages/airflow/models/taskinstance.py", line 433, in _execute_task
    result = execute_callable(context=context, **execute_callable_kwargs)
  File "/home/airflow/.local/lib/python3.8/site-packages/airflow/operators/bash.py", line 212, in execute
    raise AirflowException(
airflow.exceptions.AirflowException: Bash command failed. The command returned a non-zero exit code 1.
[2026-03-14T07:01:34.374+0000] {taskinstance.py:1138} INFO - Marking task as UP_FOR_RETRY. dag_id=2_enterprise_elt_pipeline, task_id=dbt_transform, execution_date=20260313T000000, start_date=20260314T070126, end_date=20260314T070134
[2026-03-14T07:01:34.395+0000] {standard_task_runner.py:107} ERROR - Failed to execute job 100 for task dbt_transform (Bash command failed. The command returned a non-zero exit code 1.; 1093)
[2026-03-14T07:01:34.403+0000] {local_task_job_runner.py:234} INFO - Task exited with return code 1
[2026-03-14T07:01:34.417+0000] {taskinstance.py:3280} INFO - 0 downstream tasks scheduled from follow-on schedule check
[2026-03-14T07:10:40.927+0000] {taskinstance.py:1956} INFO - Dependencies all met for dep_context=non-requeueable deps ti=<TaskInstance: 2_enterprise_elt_pipeline.dbt_transform scheduled__2026-03-13T00:00:00+00:00 [queued]>
[2026-03-14T07:10:40.931+0000] {taskinstance.py:1956} INFO - Dependencies all met for dep_context=requeueable deps ti=<TaskInstance: 2_enterprise_elt_pipeline.dbt_transform scheduled__2026-03-13T00:00:00+00:00 [queued]>
[2026-03-14T07:10:40.931+0000] {taskinstance.py:2170} INFO - Starting attempt 1 of 2
[2026-03-14T07:10:40.935+0000] {taskinstance.py:2191} INFO - Executing <Task(BashOperator): dbt_transform> on 2026-03-13 00:00:00+00:00
[2026-03-14T07:10:40.939+0000] {standard_task_runner.py:60} INFO - Started process 1382 to run task
[2026-03-14T07:10:40.941+0000] {standard_task_runner.py:87} INFO - Running: ['***', 'tasks', 'run', '2_enterprise_elt_pipeline', 'dbt_transform', 'scheduled__2026-03-13T00:00:00+00:00', '--job-id', '107', '--raw', '--subdir', 'DAGS_FOLDER/elt_pipeline.py', '--cfg-path', '/tmp/tmp0o7sibfl']
[2026-03-14T07:10:40.943+0000] {standard_task_runner.py:88} INFO - Job 107: Subtask dbt_transform
[2026-03-14T07:10:40.966+0000] {task_command.py:423} INFO - Running <TaskInstance: 2_enterprise_elt_pipeline.dbt_transform scheduled__2026-03-13T00:00:00+00:00 [running]> on host c4724fa4fb48
[2026-03-14T07:10:40.996+0000] {taskinstance.py:2480} INFO - Exporting env vars: AIRFLOW_CTX_DAG_OWNER='data_engineer' AIRFLOW_CTX_DAG_ID='2_enterprise_elt_pipeline' AIRFLOW_CTX_TASK_ID='dbt_transform' AIRFLOW_CTX_EXECUTION_DATE='2026-03-13T00:00:00+00:00' AIRFLOW_CTX_TRY_NUMBER='1' AIRFLOW_CTX_DAG_RUN_ID='scheduled__2026-03-13T00:00:00+00:00'
[2026-03-14T07:10:40.998+0000] {subprocess.py:63} INFO - Tmp dir root location: /tmp
[2026-03-14T07:10:40.999+0000] {subprocess.py:75} INFO - Running command: ['/usr/bin/bash', '-c', 'dbt run --project-dir /opt/***/dbt_project --profiles-dir /opt/***/dbt_project']
[2026-03-14T07:10:41.005+0000] {subprocess.py:86} INFO - Output:
[2026-03-14T07:10:41.772+0000] {subprocess.py:93} INFO - [0m07:10:41  Running with dbt=1.8.7
[2026-03-14T07:10:42.395+0000] {subprocess.py:93} INFO - [0m07:10:42  Registered adapter: snowflake=1.8.4
[2026-03-14T07:10:42.613+0000] {subprocess.py:93} INFO - [0m07:10:42  Found 1 model, 5 data tests, 1 source, 454 macros
[2026-03-14T07:10:42.614+0000] {subprocess.py:93} INFO - [0m07:10:42
[2026-03-14T07:10:45.224+0000] {subprocess.py:93} INFO - [0m07:10:45  Concurrency: 1 threads (target='dev')
[2026-03-14T07:10:45.226+0000] {subprocess.py:93} INFO - [0m07:10:45
[2026-03-14T07:10:45.237+0000] {subprocess.py:93} INFO - [0m07:10:45  1 of 1 START sql incremental model ANALYTICS.stg_customers ..................... [RUN]
[2026-03-14T07:10:46.691+0000] {subprocess.py:93} INFO - [0m07:10:46  1 of 1 OK created sql incremental model ANALYTICS.stg_customers ................ [[32mSUCCESS 1[0m in 1.45s]
[2026-03-14T07:10:46.697+0000] {subprocess.py:93} INFO - [0m07:10:46
[2026-03-14T07:10:46.698+0000] {subprocess.py:93} INFO - [0m07:10:46  Finished running 1 incremental model in 0 hours 0 minutes and 4.08 seconds (4.08s).
[2026-03-14T07:10:46.750+0000] {subprocess.py:93} INFO - [0m07:10:46
[2026-03-14T07:10:46.751+0000] {subprocess.py:93} INFO - [0m07:10:46  [32mCompleted successfully[0m
[2026-03-14T07:10:46.751+0000] {subprocess.py:93} INFO - [0m07:10:46
[2026-03-14T07:10:46.752+0000] {subprocess.py:93} INFO - [0m07:10:46  Done. PASS=1 WARN=0 ERROR=0 SKIP=0 TOTAL=1
[2026-03-14T07:10:48.117+0000] {subprocess.py:97} INFO - Command exited with return code 0
[2026-03-14T07:10:48.148+0000] {taskinstance.py:1138} INFO - Marking task as SUCCESS. dag_id=2_enterprise_elt_pipeline, task_id=dbt_transform, execution_date=20260313T000000, start_date=20260314T071040, end_date=20260314T071048
[2026-03-14T07:10:48.210+0000] {local_task_job_runner.py:234} INFO - Task exited with return code 0
[2026-03-14T07:10:48.231+0000] {taskinstance.py:3280} INFO - 0 downstream tasks scheduled from follow-on schedule check
