[2026-03-13T14:35:36.985+0000] {taskinstance.py:1956} INFO - Dependencies all met for dep_context=non-requeueable deps ti=<TaskInstance: 2_enterprise_elt_pipeline.copy_into_table manual__2026-03-13T14:35:28.391165+00:00 [queued]>
[2026-03-13T14:35:36.990+0000] {taskinstance.py:1956} INFO - Dependencies all met for dep_context=requeueable deps ti=<TaskInstance: 2_enterprise_elt_pipeline.copy_into_table manual__2026-03-13T14:35:28.391165+00:00 [queued]>
[2026-03-13T14:35:36.990+0000] {taskinstance.py:2170} INFO - Starting attempt 1 of 1
[2026-03-13T14:35:37.007+0000] {taskinstance.py:2191} INFO - Executing <Task(_PythonDecoratedOperator): copy_into_table> on 2026-03-13 14:35:28.391165+00:00
[2026-03-13T14:35:37.015+0000] {standard_task_runner.py:60} INFO - Started process 550 to run task
[2026-03-13T14:35:37.018+0000] {standard_task_runner.py:87} INFO - Running: ['***', 'tasks', 'run', '2_enterprise_elt_pipeline', 'copy_into_table', 'manual__2026-03-13T14:35:28.391165+00:00', '--job-id', '19', '--raw', '--subdir', 'DAGS_FOLDER/elt_pipeline.py', '--cfg-path', '/tmp/tmpvadm8ckq']
[2026-03-13T14:35:37.020+0000] {standard_task_runner.py:88} INFO - Job 19: Subtask copy_into_table
[2026-03-13T14:35:37.139+0000] {task_command.py:423} INFO - Running <TaskInstance: 2_enterprise_elt_pipeline.copy_into_table manual__2026-03-13T14:35:28.391165+00:00 [running]> on host 94439bb4e033
[2026-03-13T14:35:37.189+0000] {taskinstance.py:2480} INFO - Exporting env vars: AIRFLOW_CTX_DAG_OWNER='***' AIRFLOW_CTX_DAG_ID='2_enterprise_elt_pipeline' AIRFLOW_CTX_TASK_ID='copy_into_table' AIRFLOW_CTX_EXECUTION_DATE='2026-03-13T14:35:28.391165+00:00' AIRFLOW_CTX_TRY_NUMBER='1' AIRFLOW_CTX_DAG_RUN_ID='manual__2026-03-13T14:35:28.391165+00:00'
[2026-03-13T14:35:37.267+0000] {base.py:83} INFO - Using connection ID 'snowflake_default' for task execution.
[2026-03-13T14:35:37.268+0000] {connection.py:370} INFO - Snowflake Connector for Python Version: 3.6.0, Python Version: 3.8.18, Platform: Linux-6.12.72-linuxkit-aarch64-with-glibc2.34
[2026-03-13T14:35:37.269+0000] {connection.py:1171} INFO - This connection is in OCSP Fail Open Mode. TLS Certificates would be checked for validity and revocation status. Any other Certificate Revocation related exceptions or OCSP Responder failures would be disregarded in favor of connectivity.
[2026-03-13T14:35:37.990+0000] {cursor.py:1028} INFO - query: [ALTER SESSION SET autocommit=False]
[2026-03-13T14:35:38.191+0000] {cursor.py:1041} INFO - query execution done
[2026-03-13T14:35:38.192+0000] {cursor.py:1205} INFO - Number of results in first chunk: 1
[2026-03-13T14:35:38.193+0000] {sql.py:450} INFO - Running statement: COPY INTO RAW_LAKE.LANDING.CUSTOMERS 
            FROM @RAW_LAKE.LANDING.MY_INTERNAL_STAGE/extract_20260313_143530.csv.gz
            FILE_FORMAT = (TYPE = CSV SKIP_HEADER = 1);, parameters: None
[2026-03-13T14:35:38.193+0000] {cursor.py:1028} INFO - query: [COPY INTO RAW_LAKE.LANDING.CUSTOMERS FROM @RAW_LAKE.LANDING.MY_INTERNAL_STAGE/ex...]
[2026-03-13T14:35:38.327+0000] {cursor.py:1041} INFO - query execution done
[2026-03-13T14:35:38.335+0000] {connection.py:718} INFO - closed
[2026-03-13T14:35:38.442+0000] {connection.py:724} INFO - No async queries seem to be running, deleting session
[2026-03-13T14:35:38.591+0000] {taskinstance.py:2698} ERROR - Task failed with exception
Traceback (most recent call last):
  File "/home/airflow/.local/lib/python3.8/site-packages/airflow/models/taskinstance.py", line 433, in _execute_task
    result = execute_callable(context=context, **execute_callable_kwargs)
  File "/home/airflow/.local/lib/python3.8/site-packages/airflow/decorators/base.py", line 241, in execute
    return_value = super().execute(context)
  File "/home/airflow/.local/lib/python3.8/site-packages/airflow/operators/python.py", line 199, in execute
    return_value = self.execute_callable()
  File "/home/airflow/.local/lib/python3.8/site-packages/airflow/operators/python.py", line 216, in execute_callable
    return self.python_callable(*self.op_args, **self.op_kwargs)
  File "/opt/airflow/dags/elt_pipeline.py", line 71, in copy_into_table
    hook.run(sql)
  File "/home/airflow/.local/lib/python3.8/site-packages/airflow/providers/snowflake/hooks/snowflake.py", line 388, in run
    self._run_command(cur, sql_statement, parameters)
  File "/home/airflow/.local/lib/python3.8/site-packages/airflow/providers/common/sql/hooks/sql.py", line 455, in _run_command
    cur.execute(sql_statement)
  File "/home/airflow/.local/lib/python3.8/site-packages/snowflake/connector/cursor.py", line 1132, in execute
    Error.errorhandler_wrapper(self.connection, self, error_class, errvalue)
  File "/home/airflow/.local/lib/python3.8/site-packages/snowflake/connector/errors.py", line 290, in errorhandler_wrapper
    handed_over = Error.hand_to_other_handler(
  File "/home/airflow/.local/lib/python3.8/site-packages/snowflake/connector/errors.py", line 345, in hand_to_other_handler
    cursor.errorhandler(connection, cursor, error_class, error_value)
  File "/home/airflow/.local/lib/python3.8/site-packages/snowflake/connector/errors.py", line 221, in default_errorhandler
    raise error_class(
snowflake.connector.errors.ProgrammingError: 001757 (42601): 01c3008b-3202-7069-0014-7c6a0003819e: SQL compilation error:
Table 'RAW_LAKE.LANDING.CUSTOMERS' does not exist
[2026-03-13T14:35:38.606+0000] {taskinstance.py:1138} INFO - Marking task as FAILED. dag_id=2_enterprise_elt_pipeline, task_id=copy_into_table, execution_date=20260313T143528, start_date=20260313T143536, end_date=20260313T143538
[2026-03-13T14:35:38.620+0000] {standard_task_runner.py:107} ERROR - Failed to execute job 19 for task copy_into_table (001757 (42601): 01c3008b-3202-7069-0014-7c6a0003819e: SQL compilation error:
Table 'RAW_LAKE.LANDING.CUSTOMERS' does not exist; 550)
[2026-03-13T14:35:38.634+0000] {local_task_job_runner.py:234} INFO - Task exited with return code 1
[2026-03-13T14:35:38.650+0000] {taskinstance.py:3280} INFO - 0 downstream tasks scheduled from follow-on schedule check
