[2026-03-13T15:09:52.032+0000] {taskinstance.py:1956} INFO - Dependencies all met for dep_context=non-requeueable deps ti=<TaskInstance: 2_enterprise_elt_pipeline.dbt_transform scheduled__2026-03-12T00:00:00+00:00 [queued]>
[2026-03-13T15:09:52.037+0000] {taskinstance.py:1956} INFO - Dependencies all met for dep_context=requeueable deps ti=<TaskInstance: 2_enterprise_elt_pipeline.dbt_transform scheduled__2026-03-12T00:00:00+00:00 [queued]>
[2026-03-13T15:09:52.037+0000] {taskinstance.py:2170} INFO - Starting attempt 1 of 1
[2026-03-13T15:09:52.042+0000] {taskinstance.py:2191} INFO - Executing <Task(BashOperator): dbt_transform> on 2026-03-12 00:00:00+00:00
[2026-03-13T15:09:52.045+0000] {standard_task_runner.py:60} INFO - Started process 567 to run task
[2026-03-13T15:09:52.047+0000] {standard_task_runner.py:87} INFO - Running: ['***', 'tasks', 'run', '2_enterprise_elt_pipeline', 'dbt_transform', 'scheduled__2026-03-12T00:00:00+00:00', '--job-id', '39', '--raw', '--subdir', 'DAGS_FOLDER/elt_pipeline.py', '--cfg-path', '/tmp/tmprp6l8dy5']
[2026-03-13T15:09:52.049+0000] {standard_task_runner.py:88} INFO - Job 39: Subtask dbt_transform
[2026-03-13T15:09:52.071+0000] {task_command.py:423} INFO - Running <TaskInstance: 2_enterprise_elt_pipeline.dbt_transform scheduled__2026-03-12T00:00:00+00:00 [running]> on host 94439bb4e033
[2026-03-13T15:09:52.101+0000] {taskinstance.py:2480} INFO - Exporting env vars: AIRFLOW_CTX_DAG_OWNER='***' AIRFLOW_CTX_DAG_ID='2_enterprise_elt_pipeline' AIRFLOW_CTX_TASK_ID='dbt_transform' AIRFLOW_CTX_EXECUTION_DATE='2026-03-12T00:00:00+00:00' AIRFLOW_CTX_TRY_NUMBER='1' AIRFLOW_CTX_DAG_RUN_ID='scheduled__2026-03-12T00:00:00+00:00'
[2026-03-13T15:09:52.102+0000] {subprocess.py:63} INFO - Tmp dir root location: /tmp
[2026-03-13T15:09:52.103+0000] {subprocess.py:75} INFO - Running command: ['/usr/bin/bash', '-c', 'dbt run --project-dir /opt/***/dbt_project --profiles-dir /opt/***/dbt_project']
[2026-03-13T15:09:52.109+0000] {subprocess.py:86} INFO - Output:
[2026-03-13T15:09:53.018+0000] {subprocess.py:93} INFO - [0m15:09:53  Running with dbt=1.8.7
[2026-03-13T15:09:53.922+0000] {subprocess.py:93} INFO - [0m15:09:53  Registered adapter: snowflake=1.8.4
[2026-03-13T15:09:54.122+0000] {subprocess.py:93} INFO - [0m15:09:54  Found 1 model, 1 source, 454 macros
[2026-03-13T15:09:54.124+0000] {subprocess.py:93} INFO - [0m15:09:54
[2026-03-13T15:09:56.311+0000] {subprocess.py:93} INFO - [0m15:09:56  Concurrency: 1 threads (target='dev')
[2026-03-13T15:09:56.313+0000] {subprocess.py:93} INFO - [0m15:09:56
[2026-03-13T15:09:56.336+0000] {subprocess.py:93} INFO - [0m15:09:56  1 of 1 START sql table model ANALYTICS.stg_customers ........................... [RUN]
[2026-03-13T15:09:58.570+0000] {subprocess.py:93} INFO - [0m15:09:58  1 of 1 OK created sql table model ANALYTICS.stg_customers ...................... [[32mSUCCESS 1[0m in 2.23s]
[2026-03-13T15:09:58.575+0000] {subprocess.py:93} INFO - [0m15:09:58
[2026-03-13T15:09:58.576+0000] {subprocess.py:93} INFO - [0m15:09:58  Finished running 1 table model in 0 hours 0 minutes and 4.45 seconds (4.45s).
[2026-03-13T15:09:58.611+0000] {subprocess.py:93} INFO - [0m15:09:58
[2026-03-13T15:09:58.612+0000] {subprocess.py:93} INFO - [0m15:09:58  [32mCompleted successfully[0m
[2026-03-13T15:09:58.612+0000] {subprocess.py:93} INFO - [0m15:09:58
[2026-03-13T15:09:58.612+0000] {subprocess.py:93} INFO - [0m15:09:58  Done. PASS=1 WARN=0 ERROR=0 SKIP=0 TOTAL=1
[2026-03-13T15:10:00.243+0000] {subprocess.py:97} INFO - Command exited with return code 0
[2026-03-13T15:10:00.267+0000] {taskinstance.py:1138} INFO - Marking task as SUCCESS. dag_id=2_enterprise_elt_pipeline, task_id=dbt_transform, execution_date=20260312T000000, start_date=20260313T150952, end_date=20260313T151000
[2026-03-13T15:10:00.280+0000] {local_task_job_runner.py:234} INFO - Task exited with return code 0
[2026-03-13T15:10:00.292+0000] {taskinstance.py:3280} INFO - 0 downstream tasks scheduled from follow-on schedule check
