[2026-03-14T00:03:11.570+0000] {taskinstance.py:1956} INFO - Dependencies all met for dep_context=non-requeueable deps ti=<TaskInstance: 2_enterprise_elt_pipeline.extract_to_minio scheduled__2026-03-13T00:00:00+00:00 [queued]>
[2026-03-14T00:03:11.574+0000] {taskinstance.py:1956} INFO - Dependencies all met for dep_context=requeueable deps ti=<TaskInstance: 2_enterprise_elt_pipeline.extract_to_minio scheduled__2026-03-13T00:00:00+00:00 [queued]>
[2026-03-14T00:03:11.575+0000] {taskinstance.py:2170} INFO - Starting attempt 1 of 1
[2026-03-14T00:03:11.581+0000] {taskinstance.py:2191} INFO - Executing <Task(_PythonDecoratedOperator): extract_to_minio> on 2026-03-13 00:00:00+00:00
[2026-03-14T00:03:11.588+0000] {standard_task_runner.py:60} INFO - Started process 843 to run task
[2026-03-14T00:03:11.591+0000] {standard_task_runner.py:87} INFO - Running: ['***', 'tasks', 'run', '2_enterprise_elt_pipeline', 'extract_to_minio', 'scheduled__2026-03-13T00:00:00+00:00', '--job-id', '40', '--raw', '--subdir', 'DAGS_FOLDER/elt_pipeline.py', '--cfg-path', '/tmp/tmplscmvdwa']
[2026-03-14T00:03:11.593+0000] {standard_task_runner.py:88} INFO - Job 40: Subtask extract_to_minio
[2026-03-14T00:03:11.638+0000] {task_command.py:423} INFO - Running <TaskInstance: 2_enterprise_elt_pipeline.extract_to_minio scheduled__2026-03-13T00:00:00+00:00 [running]> on host 94439bb4e033
[2026-03-14T00:03:11.687+0000] {taskinstance.py:2480} INFO - Exporting env vars: AIRFLOW_CTX_DAG_OWNER='***' AIRFLOW_CTX_DAG_ID='2_enterprise_elt_pipeline' AIRFLOW_CTX_TASK_ID='extract_to_minio' AIRFLOW_CTX_EXECUTION_DATE='2026-03-13T00:00:00+00:00' AIRFLOW_CTX_TRY_NUMBER='1' AIRFLOW_CTX_DAG_RUN_ID='scheduled__2026-03-13T00:00:00+00:00'
[2026-03-14T00:03:11.708+0000] {generate_data.py:31} INFO - Generating 1000 fake customer records...
[2026-03-14T00:03:12.024+0000] {generate_data.py:61} INFO - SUCCESS: Uploaded customers/extract_20260314_000312.csv to MinIO bucket 'raw-data-lake'
[2026-03-14T00:03:12.025+0000] {python.py:201} INFO - Done. Returned value was: customers/extract_20260314_000312.csv
[2026-03-14T00:03:12.047+0000] {taskinstance.py:1138} INFO - Marking task as SUCCESS. dag_id=2_enterprise_elt_pipeline, task_id=extract_to_minio, execution_date=20260313T000000, start_date=20260314T000311, end_date=20260314T000312
[2026-03-14T00:03:12.098+0000] {local_task_job_runner.py:234} INFO - Task exited with return code 0
[2026-03-14T00:03:12.115+0000] {taskinstance.py:3280} INFO - 1 downstream tasks scheduled from follow-on schedule check
[2026-03-14T06:25:46.616+0000] {taskinstance.py:1956} INFO - Dependencies all met for dep_context=non-requeueable deps ti=<TaskInstance: 2_enterprise_elt_pipeline.extract_to_minio scheduled__2026-03-13T00:00:00+00:00 [queued]>
[2026-03-14T06:25:46.622+0000] {taskinstance.py:1956} INFO - Dependencies all met for dep_context=requeueable deps ti=<TaskInstance: 2_enterprise_elt_pipeline.extract_to_minio scheduled__2026-03-13T00:00:00+00:00 [queued]>
[2026-03-14T06:25:46.622+0000] {taskinstance.py:2170} INFO - Starting attempt 1 of 2
[2026-03-14T06:25:46.629+0000] {taskinstance.py:2191} INFO - Executing <Task(_PythonDecoratedOperator): extract_to_minio> on 2026-03-13 00:00:00+00:00
[2026-03-14T06:25:46.637+0000] {standard_task_runner.py:60} INFO - Started process 216 to run task
[2026-03-14T06:25:46.638+0000] {standard_task_runner.py:87} INFO - Running: ['***', 'tasks', 'run', '2_enterprise_elt_pipeline', 'extract_to_minio', 'scheduled__2026-03-13T00:00:00+00:00', '--job-id', '70', '--raw', '--subdir', 'DAGS_FOLDER/elt_pipeline.py', '--cfg-path', '/tmp/tmpxcqn_cl1']
[2026-03-14T06:25:46.640+0000] {standard_task_runner.py:88} INFO - Job 70: Subtask extract_to_minio
[2026-03-14T06:25:46.714+0000] {task_command.py:423} INFO - Running <TaskInstance: 2_enterprise_elt_pipeline.extract_to_minio scheduled__2026-03-13T00:00:00+00:00 [running]> on host c4724fa4fb48
[2026-03-14T06:25:46.787+0000] {taskinstance.py:2480} INFO - Exporting env vars: AIRFLOW_CTX_DAG_OWNER='data_engineer' AIRFLOW_CTX_DAG_ID='2_enterprise_elt_pipeline' AIRFLOW_CTX_TASK_ID='extract_to_minio' AIRFLOW_CTX_EXECUTION_DATE='2026-03-13T00:00:00+00:00' AIRFLOW_CTX_TRY_NUMBER='1' AIRFLOW_CTX_DAG_RUN_ID='scheduled__2026-03-13T00:00:00+00:00'
[2026-03-14T06:25:46.820+0000] {generate_data.py:38} INFO - Generating 1000 fake customer records...
[2026-03-14T06:25:47.282+0000] {generate_data.py:68} INFO - SUCCESS: Uploaded customers/extract_20260314_062547.csv to MinIO bucket 'raw-data-lake'
[2026-03-14T06:25:47.283+0000] {python.py:201} INFO - Done. Returned value was: customers/extract_20260314_062547.csv
[2026-03-14T06:25:47.325+0000] {taskinstance.py:1138} INFO - Marking task as SUCCESS. dag_id=2_enterprise_elt_pipeline, task_id=extract_to_minio, execution_date=20260313T000000, start_date=20260314T062546, end_date=20260314T062547
[2026-03-14T06:25:47.355+0000] {local_task_job_runner.py:234} INFO - Task exited with return code 0
[2026-03-14T06:25:47.374+0000] {taskinstance.py:3280} INFO - 1 downstream tasks scheduled from follow-on schedule check
[2026-03-14T06:40:41.878+0000] {taskinstance.py:1956} INFO - Dependencies all met for dep_context=non-requeueable deps ti=<TaskInstance: 2_enterprise_elt_pipeline.extract_to_minio scheduled__2026-03-13T00:00:00+00:00 [queued]>
[2026-03-14T06:40:41.882+0000] {taskinstance.py:1956} INFO - Dependencies all met for dep_context=requeueable deps ti=<TaskInstance: 2_enterprise_elt_pipeline.extract_to_minio scheduled__2026-03-13T00:00:00+00:00 [queued]>
[2026-03-14T06:40:41.883+0000] {taskinstance.py:2170} INFO - Starting attempt 1 of 2
[2026-03-14T06:40:41.888+0000] {taskinstance.py:2191} INFO - Executing <Task(_PythonDecoratedOperator): extract_to_minio> on 2026-03-13 00:00:00+00:00
[2026-03-14T06:40:41.893+0000] {standard_task_runner.py:60} INFO - Started process 539 to run task
[2026-03-14T06:40:41.896+0000] {standard_task_runner.py:87} INFO - Running: ['***', 'tasks', 'run', '2_enterprise_elt_pipeline', 'extract_to_minio', 'scheduled__2026-03-13T00:00:00+00:00', '--job-id', '77', '--raw', '--subdir', 'DAGS_FOLDER/elt_pipeline.py', '--cfg-path', '/tmp/tmp0i2bxznt']
[2026-03-14T06:40:41.898+0000] {standard_task_runner.py:88} INFO - Job 77: Subtask extract_to_minio
[2026-03-14T06:40:41.950+0000] {task_command.py:423} INFO - Running <TaskInstance: 2_enterprise_elt_pipeline.extract_to_minio scheduled__2026-03-13T00:00:00+00:00 [running]> on host c4724fa4fb48
[2026-03-14T06:40:41.991+0000] {taskinstance.py:2480} INFO - Exporting env vars: AIRFLOW_CTX_DAG_OWNER='data_engineer' AIRFLOW_CTX_DAG_ID='2_enterprise_elt_pipeline' AIRFLOW_CTX_TASK_ID='extract_to_minio' AIRFLOW_CTX_EXECUTION_DATE='2026-03-13T00:00:00+00:00' AIRFLOW_CTX_TRY_NUMBER='1' AIRFLOW_CTX_DAG_RUN_ID='scheduled__2026-03-13T00:00:00+00:00'
[2026-03-14T06:40:42.006+0000] {generate_data.py:38} INFO - Generating 1000 fake customer records...
[2026-03-14T06:40:42.260+0000] {generate_data.py:68} INFO - SUCCESS: Uploaded customers/extract_20260314_064042.csv to MinIO bucket 'raw-data-lake'
[2026-03-14T06:40:42.261+0000] {python.py:201} INFO - Done. Returned value was: customers/extract_20260314_064042.csv
[2026-03-14T06:40:42.274+0000] {taskinstance.py:1138} INFO - Marking task as SUCCESS. dag_id=2_enterprise_elt_pipeline, task_id=extract_to_minio, execution_date=20260313T000000, start_date=20260314T064041, end_date=20260314T064042
[2026-03-14T06:40:42.322+0000] {local_task_job_runner.py:234} INFO - Task exited with return code 0
[2026-03-14T06:40:42.338+0000] {taskinstance.py:3280} INFO - 1 downstream tasks scheduled from follow-on schedule check
[2026-03-14T06:51:34.589+0000] {taskinstance.py:1956} INFO - Dependencies all met for dep_context=non-requeueable deps ti=<TaskInstance: 2_enterprise_elt_pipeline.extract_to_minio scheduled__2026-03-13T00:00:00+00:00 [queued]>
[2026-03-14T06:51:34.593+0000] {taskinstance.py:1956} INFO - Dependencies all met for dep_context=requeueable deps ti=<TaskInstance: 2_enterprise_elt_pipeline.extract_to_minio scheduled__2026-03-13T00:00:00+00:00 [queued]>
[2026-03-14T06:51:34.593+0000] {taskinstance.py:2170} INFO - Starting attempt 1 of 2
[2026-03-14T06:51:34.598+0000] {taskinstance.py:2191} INFO - Executing <Task(_PythonDecoratedOperator): extract_to_minio> on 2026-03-13 00:00:00+00:00
[2026-03-14T06:51:34.603+0000] {standard_task_runner.py:60} INFO - Started process 785 to run task
[2026-03-14T06:51:34.606+0000] {standard_task_runner.py:87} INFO - Running: ['***', 'tasks', 'run', '2_enterprise_elt_pipeline', 'extract_to_minio', 'scheduled__2026-03-13T00:00:00+00:00', '--job-id', '83', '--raw', '--subdir', 'DAGS_FOLDER/elt_pipeline.py', '--cfg-path', '/tmp/tmp5gd42s4z']
[2026-03-14T06:51:34.608+0000] {standard_task_runner.py:88} INFO - Job 83: Subtask extract_to_minio
[2026-03-14T06:51:34.640+0000] {task_command.py:423} INFO - Running <TaskInstance: 2_enterprise_elt_pipeline.extract_to_minio scheduled__2026-03-13T00:00:00+00:00 [running]> on host c4724fa4fb48
[2026-03-14T06:51:34.673+0000] {taskinstance.py:2480} INFO - Exporting env vars: AIRFLOW_CTX_DAG_OWNER='data_engineer' AIRFLOW_CTX_DAG_ID='2_enterprise_elt_pipeline' AIRFLOW_CTX_TASK_ID='extract_to_minio' AIRFLOW_CTX_EXECUTION_DATE='2026-03-13T00:00:00+00:00' AIRFLOW_CTX_TRY_NUMBER='1' AIRFLOW_CTX_DAG_RUN_ID='scheduled__2026-03-13T00:00:00+00:00'
[2026-03-14T06:51:34.689+0000] {generate_data.py:38} INFO - Generating 1000 fake customer records...
[2026-03-14T06:51:34.938+0000] {generate_data.py:68} INFO - SUCCESS: Uploaded customers/extract_20260314_065134.csv to MinIO bucket 'raw-data-lake'
[2026-03-14T06:51:34.939+0000] {python.py:201} INFO - Done. Returned value was: customers/extract_20260314_065134.csv
[2026-03-14T06:51:34.952+0000] {taskinstance.py:1138} INFO - Marking task as SUCCESS. dag_id=2_enterprise_elt_pipeline, task_id=extract_to_minio, execution_date=20260313T000000, start_date=20260314T065134, end_date=20260314T065134
[2026-03-14T06:51:34.991+0000] {local_task_job_runner.py:234} INFO - Task exited with return code 0
[2026-03-14T06:51:35.009+0000] {taskinstance.py:3280} INFO - 1 downstream tasks scheduled from follow-on schedule check
[2026-03-14T06:59:20.956+0000] {taskinstance.py:1956} INFO - Dependencies all met for dep_context=non-requeueable deps ti=<TaskInstance: 2_enterprise_elt_pipeline.extract_to_minio scheduled__2026-03-13T00:00:00+00:00 [queued]>
[2026-03-14T06:59:20.961+0000] {taskinstance.py:1956} INFO - Dependencies all met for dep_context=requeueable deps ti=<TaskInstance: 2_enterprise_elt_pipeline.extract_to_minio scheduled__2026-03-13T00:00:00+00:00 [queued]>
[2026-03-14T06:59:20.961+0000] {taskinstance.py:2170} INFO - Starting attempt 1 of 2
[2026-03-14T06:59:20.966+0000] {taskinstance.py:2191} INFO - Executing <Task(_PythonDecoratedOperator): extract_to_minio> on 2026-03-13 00:00:00+00:00
[2026-03-14T06:59:20.972+0000] {standard_task_runner.py:60} INFO - Started process 1017 to run task
[2026-03-14T06:59:20.974+0000] {standard_task_runner.py:87} INFO - Running: ['***', 'tasks', 'run', '2_enterprise_elt_pipeline', 'extract_to_minio', 'scheduled__2026-03-13T00:00:00+00:00', '--job-id', '92', '--raw', '--subdir', 'DAGS_FOLDER/elt_pipeline.py', '--cfg-path', '/tmp/tmpkcoxkcv3']
[2026-03-14T06:59:20.976+0000] {standard_task_runner.py:88} INFO - Job 92: Subtask extract_to_minio
[2026-03-14T06:59:21.006+0000] {task_command.py:423} INFO - Running <TaskInstance: 2_enterprise_elt_pipeline.extract_to_minio scheduled__2026-03-13T00:00:00+00:00 [running]> on host c4724fa4fb48
[2026-03-14T06:59:21.044+0000] {taskinstance.py:2480} INFO - Exporting env vars: AIRFLOW_CTX_DAG_OWNER='data_engineer' AIRFLOW_CTX_DAG_ID='2_enterprise_elt_pipeline' AIRFLOW_CTX_TASK_ID='extract_to_minio' AIRFLOW_CTX_EXECUTION_DATE='2026-03-13T00:00:00+00:00' AIRFLOW_CTX_TRY_NUMBER='1' AIRFLOW_CTX_DAG_RUN_ID='scheduled__2026-03-13T00:00:00+00:00'
[2026-03-14T06:59:21.062+0000] {generate_data.py:38} INFO - Generating 1000 fake customer records...
[2026-03-14T06:59:21.323+0000] {generate_data.py:68} INFO - SUCCESS: Uploaded customers/extract_20260314_065921.csv to MinIO bucket 'raw-data-lake'
[2026-03-14T06:59:21.323+0000] {python.py:201} INFO - Done. Returned value was: customers/extract_20260314_065921.csv
[2026-03-14T06:59:21.336+0000] {taskinstance.py:1138} INFO - Marking task as SUCCESS. dag_id=2_enterprise_elt_pipeline, task_id=extract_to_minio, execution_date=20260313T000000, start_date=20260314T065920, end_date=20260314T065921
[2026-03-14T06:59:21.361+0000] {local_task_job_runner.py:234} INFO - Task exited with return code 0
[2026-03-14T06:59:21.374+0000] {taskinstance.py:3280} INFO - 1 downstream tasks scheduled from follow-on schedule check
[2026-03-14T07:01:18.033+0000] {taskinstance.py:1956} INFO - Dependencies all met for dep_context=non-requeueable deps ti=<TaskInstance: 2_enterprise_elt_pipeline.extract_to_minio scheduled__2026-03-13T00:00:00+00:00 [queued]>
[2026-03-14T07:01:18.041+0000] {taskinstance.py:1956} INFO - Dependencies all met for dep_context=requeueable deps ti=<TaskInstance: 2_enterprise_elt_pipeline.extract_to_minio scheduled__2026-03-13T00:00:00+00:00 [queued]>
[2026-03-14T07:01:18.042+0000] {taskinstance.py:2170} INFO - Starting attempt 1 of 2
[2026-03-14T07:01:18.049+0000] {taskinstance.py:2191} INFO - Executing <Task(_PythonDecoratedOperator): extract_to_minio> on 2026-03-13 00:00:00+00:00
[2026-03-14T07:01:18.054+0000] {standard_task_runner.py:60} INFO - Started process 1065 to run task
[2026-03-14T07:01:18.057+0000] {standard_task_runner.py:87} INFO - Running: ['***', 'tasks', 'run', '2_enterprise_elt_pipeline', 'extract_to_minio', 'scheduled__2026-03-13T00:00:00+00:00', '--job-id', '94', '--raw', '--subdir', 'DAGS_FOLDER/elt_pipeline.py', '--cfg-path', '/tmp/tmpbktms330']
[2026-03-14T07:01:18.064+0000] {standard_task_runner.py:88} INFO - Job 94: Subtask extract_to_minio
[2026-03-14T07:01:18.109+0000] {task_command.py:423} INFO - Running <TaskInstance: 2_enterprise_elt_pipeline.extract_to_minio scheduled__2026-03-13T00:00:00+00:00 [running]> on host c4724fa4fb48
[2026-03-14T07:01:18.148+0000] {taskinstance.py:2480} INFO - Exporting env vars: AIRFLOW_CTX_DAG_OWNER='data_engineer' AIRFLOW_CTX_DAG_ID='2_enterprise_elt_pipeline' AIRFLOW_CTX_TASK_ID='extract_to_minio' AIRFLOW_CTX_EXECUTION_DATE='2026-03-13T00:00:00+00:00' AIRFLOW_CTX_TRY_NUMBER='1' AIRFLOW_CTX_DAG_RUN_ID='scheduled__2026-03-13T00:00:00+00:00'
[2026-03-14T07:01:18.172+0000] {generate_data.py:38} INFO - Generating 1000 fake customer records...
[2026-03-14T07:01:18.533+0000] {generate_data.py:68} INFO - SUCCESS: Uploaded customers/extract_20260314_070118.csv to MinIO bucket 'raw-data-lake'
[2026-03-14T07:01:18.534+0000] {python.py:201} INFO - Done. Returned value was: customers/extract_20260314_070118.csv
[2026-03-14T07:01:18.549+0000] {taskinstance.py:1138} INFO - Marking task as SUCCESS. dag_id=2_enterprise_elt_pipeline, task_id=extract_to_minio, execution_date=20260313T000000, start_date=20260314T070118, end_date=20260314T070118
[2026-03-14T07:01:18.566+0000] {local_task_job_runner.py:234} INFO - Task exited with return code 0
[2026-03-14T07:01:18.586+0000] {taskinstance.py:3280} INFO - 1 downstream tasks scheduled from follow-on schedule check
[2026-03-14T07:10:31.661+0000] {taskinstance.py:1956} INFO - Dependencies all met for dep_context=non-requeueable deps ti=<TaskInstance: 2_enterprise_elt_pipeline.extract_to_minio scheduled__2026-03-13T00:00:00+00:00 [queued]>
[2026-03-14T07:10:31.665+0000] {taskinstance.py:1956} INFO - Dependencies all met for dep_context=requeueable deps ti=<TaskInstance: 2_enterprise_elt_pipeline.extract_to_minio scheduled__2026-03-13T00:00:00+00:00 [queued]>
[2026-03-14T07:10:31.665+0000] {taskinstance.py:2170} INFO - Starting attempt 1 of 2
[2026-03-14T07:10:31.673+0000] {taskinstance.py:2191} INFO - Executing <Task(_PythonDecoratedOperator): extract_to_minio> on 2026-03-13 00:00:00+00:00
[2026-03-14T07:10:31.678+0000] {standard_task_runner.py:60} INFO - Started process 1364 to run task
[2026-03-14T07:10:31.681+0000] {standard_task_runner.py:87} INFO - Running: ['***', 'tasks', 'run', '2_enterprise_elt_pipeline', 'extract_to_minio', 'scheduled__2026-03-13T00:00:00+00:00', '--job-id', '104', '--raw', '--subdir', 'DAGS_FOLDER/elt_pipeline.py', '--cfg-path', '/tmp/tmpjdgpqczz']
[2026-03-14T07:10:31.683+0000] {standard_task_runner.py:88} INFO - Job 104: Subtask extract_to_minio
[2026-03-14T07:10:31.721+0000] {task_command.py:423} INFO - Running <TaskInstance: 2_enterprise_elt_pipeline.extract_to_minio scheduled__2026-03-13T00:00:00+00:00 [running]> on host c4724fa4fb48
[2026-03-14T07:10:31.761+0000] {taskinstance.py:2480} INFO - Exporting env vars: AIRFLOW_CTX_DAG_OWNER='data_engineer' AIRFLOW_CTX_DAG_ID='2_enterprise_elt_pipeline' AIRFLOW_CTX_TASK_ID='extract_to_minio' AIRFLOW_CTX_EXECUTION_DATE='2026-03-13T00:00:00+00:00' AIRFLOW_CTX_TRY_NUMBER='1' AIRFLOW_CTX_DAG_RUN_ID='scheduled__2026-03-13T00:00:00+00:00'
[2026-03-14T07:10:31.779+0000] {generate_data.py:38} INFO - Generating 1000 fake customer records...
[2026-03-14T07:10:32.023+0000] {generate_data.py:68} INFO - SUCCESS: Uploaded customers/extract_20260314_071032.csv to MinIO bucket 'raw-data-lake'
[2026-03-14T07:10:32.023+0000] {python.py:201} INFO - Done. Returned value was: customers/extract_20260314_071032.csv
[2026-03-14T07:10:32.036+0000] {taskinstance.py:1138} INFO - Marking task as SUCCESS. dag_id=2_enterprise_elt_pipeline, task_id=extract_to_minio, execution_date=20260313T000000, start_date=20260314T071031, end_date=20260314T071032
[2026-03-14T07:10:32.068+0000] {local_task_job_runner.py:234} INFO - Task exited with return code 0
[2026-03-14T07:10:32.082+0000] {taskinstance.py:3280} INFO - 1 downstream tasks scheduled from follow-on schedule check
