[2026-03-14T03:19:56.159+0000] {taskinstance.py:1956} INFO - Dependencies all met for dep_context=non-requeueable deps ti=<TaskInstance: 2_enterprise_elt_pipeline.dbt_transform manual__2026-03-14T03:19:44.639244+00:00 [queued]>
[2026-03-14T03:19:56.164+0000] {taskinstance.py:1956} INFO - Dependencies all met for dep_context=requeueable deps ti=<TaskInstance: 2_enterprise_elt_pipeline.dbt_transform manual__2026-03-14T03:19:44.639244+00:00 [queued]>
[2026-03-14T03:19:56.164+0000] {taskinstance.py:2170} INFO - Starting attempt 1 of 1
[2026-03-14T03:19:56.169+0000] {taskinstance.py:2191} INFO - Executing <Task(BashOperator): dbt_transform> on 2026-03-14 03:19:44.639244+00:00
[2026-03-14T03:19:56.173+0000] {standard_task_runner.py:60} INFO - Started process 1039 to run task
[2026-03-14T03:19:56.176+0000] {standard_task_runner.py:87} INFO - Running: ['***', 'tasks', 'run', '2_enterprise_elt_pipeline', 'dbt_transform', 'manual__2026-03-14T03:19:44.639244+00:00', '--job-id', '47', '--raw', '--subdir', 'DAGS_FOLDER/elt_pipeline.py', '--cfg-path', '/tmp/tmp23f79mt3']
[2026-03-14T03:19:56.178+0000] {standard_task_runner.py:88} INFO - Job 47: Subtask dbt_transform
[2026-03-14T03:19:56.204+0000] {task_command.py:423} INFO - Running <TaskInstance: 2_enterprise_elt_pipeline.dbt_transform manual__2026-03-14T03:19:44.639244+00:00 [running]> on host 94439bb4e033
[2026-03-14T03:19:56.240+0000] {taskinstance.py:2480} INFO - Exporting env vars: AIRFLOW_CTX_DAG_OWNER='***' AIRFLOW_CTX_DAG_ID='2_enterprise_elt_pipeline' AIRFLOW_CTX_TASK_ID='dbt_transform' AIRFLOW_CTX_EXECUTION_DATE='2026-03-14T03:19:44.639244+00:00' AIRFLOW_CTX_TRY_NUMBER='1' AIRFLOW_CTX_DAG_RUN_ID='manual__2026-03-14T03:19:44.639244+00:00'
[2026-03-14T03:19:56.242+0000] {subprocess.py:63} INFO - Tmp dir root location: /tmp
[2026-03-14T03:19:56.243+0000] {subprocess.py:75} INFO - Running command: ['/usr/bin/bash', '-c', 'dbt run --project-dir /opt/***/dbt_project --profiles-dir /opt/***/dbt_project']
[2026-03-14T03:19:56.252+0000] {subprocess.py:86} INFO - Output:
[2026-03-14T03:19:57.044+0000] {subprocess.py:93} INFO - [0m03:19:57  Running with dbt=1.8.7
[2026-03-14T03:19:57.609+0000] {subprocess.py:93} INFO - [0m03:19:57  Registered adapter: snowflake=1.8.4
[2026-03-14T03:19:57.768+0000] {subprocess.py:93} INFO - [0m03:19:57  Found 1 model, 1 source, 454 macros
[2026-03-14T03:19:57.770+0000] {subprocess.py:93} INFO - [0m03:19:57
[2026-03-14T03:20:00.262+0000] {subprocess.py:93} INFO - [0m03:20:00  Concurrency: 1 threads (target='dev')
[2026-03-14T03:20:00.264+0000] {subprocess.py:93} INFO - [0m03:20:00
[2026-03-14T03:20:00.277+0000] {subprocess.py:93} INFO - [0m03:20:00  1 of 1 START sql table model ANALYTICS.stg_customers ........................... [RUN]
[2026-03-14T03:20:01.833+0000] {subprocess.py:93} INFO - [0m03:20:01  1 of 1 OK created sql table model ANALYTICS.stg_customers ...................... [[32mSUCCESS 1[0m in 1.55s]
[2026-03-14T03:20:01.837+0000] {subprocess.py:93} INFO - [0m03:20:01
[2026-03-14T03:20:01.838+0000] {subprocess.py:93} INFO - [0m03:20:01  Finished running 1 table model in 0 hours 0 minutes and 4.07 seconds (4.07s).
[2026-03-14T03:20:01.880+0000] {subprocess.py:93} INFO - [0m03:20:01
[2026-03-14T03:20:01.881+0000] {subprocess.py:93} INFO - [0m03:20:01  [32mCompleted successfully[0m
[2026-03-14T03:20:01.882+0000] {subprocess.py:93} INFO - [0m03:20:01
[2026-03-14T03:20:01.882+0000] {subprocess.py:93} INFO - [0m03:20:01  Done. PASS=1 WARN=0 ERROR=0 SKIP=0 TOTAL=1
[2026-03-14T03:20:03.102+0000] {subprocess.py:97} INFO - Command exited with return code 0
[2026-03-14T03:20:03.127+0000] {taskinstance.py:1138} INFO - Marking task as SUCCESS. dag_id=2_enterprise_elt_pipeline, task_id=dbt_transform, execution_date=20260314T031944, start_date=20260314T031956, end_date=20260314T032003
[2026-03-14T03:20:03.162+0000] {local_task_job_runner.py:234} INFO - Task exited with return code 0
[2026-03-14T03:20:03.176+0000] {taskinstance.py:3280} INFO - 0 downstream tasks scheduled from follow-on schedule check
