[2026-03-14T06:01:19.229+0000] {taskinstance.py:1956} INFO - Dependencies all met for dep_context=non-requeueable deps ti=<TaskInstance: 2_enterprise_elt_pipeline.dbt_transform manual__2026-03-14T05:56:07.247764+00:00 [queued]>
[2026-03-14T06:01:19.233+0000] {taskinstance.py:1956} INFO - Dependencies all met for dep_context=requeueable deps ti=<TaskInstance: 2_enterprise_elt_pipeline.dbt_transform manual__2026-03-14T05:56:07.247764+00:00 [queued]>
[2026-03-14T06:01:19.233+0000] {taskinstance.py:2170} INFO - Starting attempt 1 of 2
[2026-03-14T06:01:19.238+0000] {taskinstance.py:2191} INFO - Executing <Task(BashOperator): dbt_transform> on 2026-03-14 05:56:07.247764+00:00
[2026-03-14T06:01:19.243+0000] {standard_task_runner.py:60} INFO - Started process 361 to run task
[2026-03-14T06:01:19.245+0000] {standard_task_runner.py:87} INFO - Running: ['***', 'tasks', 'run', '2_enterprise_elt_pipeline', 'dbt_transform', 'manual__2026-03-14T05:56:07.247764+00:00', '--job-id', '68', '--raw', '--subdir', 'DAGS_FOLDER/elt_pipeline.py', '--cfg-path', '/tmp/tmp74ojf6zx']
[2026-03-14T06:01:19.246+0000] {standard_task_runner.py:88} INFO - Job 68: Subtask dbt_transform
[2026-03-14T06:01:19.266+0000] {task_command.py:423} INFO - Running <TaskInstance: 2_enterprise_elt_pipeline.dbt_transform manual__2026-03-14T05:56:07.247764+00:00 [running]> on host 250ae1a1a216
[2026-03-14T06:01:19.296+0000] {taskinstance.py:2480} INFO - Exporting env vars: AIRFLOW_CTX_DAG_OWNER='data_engineer' AIRFLOW_CTX_DAG_ID='2_enterprise_elt_pipeline' AIRFLOW_CTX_TASK_ID='dbt_transform' AIRFLOW_CTX_EXECUTION_DATE='2026-03-14T05:56:07.247764+00:00' AIRFLOW_CTX_TRY_NUMBER='1' AIRFLOW_CTX_DAG_RUN_ID='manual__2026-03-14T05:56:07.247764+00:00'
[2026-03-14T06:01:19.298+0000] {subprocess.py:63} INFO - Tmp dir root location: /tmp
[2026-03-14T06:01:19.299+0000] {subprocess.py:75} INFO - Running command: ['/usr/bin/bash', '-c', 'dbt run --project-dir /opt/***/dbt_project --profiles-dir /opt/***/dbt_project']
[2026-03-14T06:01:19.305+0000] {subprocess.py:86} INFO - Output:
[2026-03-14T06:01:20.093+0000] {subprocess.py:93} INFO - [0m06:01:20  Running with dbt=1.8.7
[2026-03-14T06:01:20.604+0000] {subprocess.py:93} INFO - [0m06:01:20  Registered adapter: snowflake=1.8.4
[2026-03-14T06:01:20.819+0000] {subprocess.py:93} INFO - [0m06:01:20  Found 5 data tests, 1 model, 1 source, 454 macros
[2026-03-14T06:01:20.821+0000] {subprocess.py:93} INFO - [0m06:01:20
[2026-03-14T06:01:22.002+0000] {subprocess.py:93} INFO - [0m06:01:22  Concurrency: 1 threads (target='dev')
[2026-03-14T06:01:22.003+0000] {subprocess.py:93} INFO - [0m06:01:22
[2026-03-14T06:01:22.011+0000] {subprocess.py:93} INFO - [0m06:01:22  1 of 1 START sql incremental model ANALYTICS.stg_customers ..................... [RUN]
[2026-03-14T06:01:24.598+0000] {subprocess.py:93} INFO - [0m06:01:24  1 of 1 OK created sql incremental model ANALYTICS.stg_customers ................ [[32mSUCCESS 0[0m in 2.58s]
[2026-03-14T06:01:24.603+0000] {subprocess.py:93} INFO - [0m06:01:24
[2026-03-14T06:01:24.603+0000] {subprocess.py:93} INFO - [0m06:01:24  Finished running 1 incremental model in 0 hours 0 minutes and 3.78 seconds (3.78s).
[2026-03-14T06:01:24.641+0000] {subprocess.py:93} INFO - [0m06:01:24
[2026-03-14T06:01:24.642+0000] {subprocess.py:93} INFO - [0m06:01:24  [32mCompleted successfully[0m
[2026-03-14T06:01:24.643+0000] {subprocess.py:93} INFO - [0m06:01:24
[2026-03-14T06:01:24.643+0000] {subprocess.py:93} INFO - [0m06:01:24  Done. PASS=1 WARN=0 ERROR=0 SKIP=0 TOTAL=1
[2026-03-14T06:01:26.006+0000] {subprocess.py:97} INFO - Command exited with return code 0
[2026-03-14T06:01:26.021+0000] {taskinstance.py:1138} INFO - Marking task as SUCCESS. dag_id=2_enterprise_elt_pipeline, task_id=dbt_transform, execution_date=20260314T055607, start_date=20260314T060119, end_date=20260314T060126
[2026-03-14T06:01:26.048+0000] {local_task_job_runner.py:234} INFO - Task exited with return code 0
[2026-03-14T06:01:26.057+0000] {taskinstance.py:3280} INFO - 0 downstream tasks scheduled from follow-on schedule check
