[2026-03-13T11:14:46.070+0000] {taskinstance.py:1956} INFO - Dependencies all met for dep_context=non-requeueable deps ti=<TaskInstance: 2_enterprise_elt_pipeline.load_to_snowflake_stage manual__2026-03-13T11:14:42.213354+00:00 [queued]>
[2026-03-13T11:14:46.074+0000] {taskinstance.py:1956} INFO - Dependencies all met for dep_context=requeueable deps ti=<TaskInstance: 2_enterprise_elt_pipeline.load_to_snowflake_stage manual__2026-03-13T11:14:42.213354+00:00 [queued]>
[2026-03-13T11:14:46.075+0000] {taskinstance.py:2170} INFO - Starting attempt 1 of 1
[2026-03-13T11:14:46.080+0000] {taskinstance.py:2191} INFO - Executing <Task(_PythonDecoratedOperator): load_to_snowflake_stage> on 2026-03-13 11:14:42.213354+00:00
[2026-03-13T11:14:46.085+0000] {standard_task_runner.py:60} INFO - Started process 259 to run task
[2026-03-13T11:14:46.087+0000] {standard_task_runner.py:87} INFO - Running: ['***', 'tasks', 'run', '2_enterprise_elt_pipeline', 'load_to_snowflake_stage', 'manual__2026-03-13T11:14:42.213354+00:00', '--job-id', '7', '--raw', '--subdir', 'DAGS_FOLDER/elt_pipeline.py', '--cfg-path', '/tmp/tmpeoqqyxdj']
[2026-03-13T11:14:46.088+0000] {standard_task_runner.py:88} INFO - Job 7: Subtask load_to_snowflake_stage
[2026-03-13T11:14:46.109+0000] {task_command.py:423} INFO - Running <TaskInstance: 2_enterprise_elt_pipeline.load_to_snowflake_stage manual__2026-03-13T11:14:42.213354+00:00 [running]> on host 94439bb4e033
[2026-03-13T11:14:46.150+0000] {taskinstance.py:2480} INFO - Exporting env vars: AIRFLOW_CTX_DAG_OWNER='***' AIRFLOW_CTX_DAG_ID='2_enterprise_elt_pipeline' AIRFLOW_CTX_TASK_ID='load_to_snowflake_stage' AIRFLOW_CTX_EXECUTION_DATE='2026-03-13T11:14:42.213354+00:00' AIRFLOW_CTX_TRY_NUMBER='1' AIRFLOW_CTX_DAG_RUN_ID='manual__2026-03-13T11:14:42.213354+00:00'
[2026-03-13T11:14:46.206+0000] {logging_mixin.py:188} INFO - Uploading /tmp/extract_20260313_111444.csv to Snowflake Stage...
[2026-03-13T11:14:46.211+0000] {base.py:83} INFO - Using connection ID 'snowflake_default' for task execution.
[2026-03-13T11:14:46.212+0000] {connection.py:370} INFO - Snowflake Connector for Python Version: 3.6.0, Python Version: 3.8.18, Platform: Linux-6.12.72-linuxkit-aarch64-with-glibc2.34
[2026-03-13T11:14:46.212+0000] {connection.py:1171} INFO - This connection is in OCSP Fail Open Mode. TLS Certificates would be checked for validity and revocation status. Any other Certificate Revocation related exceptions or OCSP Responder failures would be disregarded in favor of connectivity.
[2026-03-13T11:14:51.548+0000] {taskinstance.py:2698} ERROR - Task failed with exception
Traceback (most recent call last):
  File "/home/airflow/.local/lib/python3.8/site-packages/airflow/models/taskinstance.py", line 433, in _execute_task
    result = execute_callable(context=context, **execute_callable_kwargs)
  File "/home/airflow/.local/lib/python3.8/site-packages/airflow/decorators/base.py", line 241, in execute
    return_value = super().execute(context)
  File "/home/airflow/.local/lib/python3.8/site-packages/airflow/operators/python.py", line 199, in execute
    return_value = self.execute_callable()
  File "/home/airflow/.local/lib/python3.8/site-packages/airflow/operators/python.py", line 216, in execute_callable
    return self.python_callable(*self.op_args, **self.op_kwargs)
  File "/opt/airflow/dags/elt_pipeline.py", line 52, in load_to_snowflake_stage
    hook.run(f"PUT file://{local_path} @RAW_LAKE.LANDING.MY_INTERNAL_STAGE AUTO_COMPRESS=TRUE")
  File "/home/airflow/.local/lib/python3.8/site-packages/airflow/providers/snowflake/hooks/snowflake.py", line 382, in run
    with closing(self.get_conn()) as conn:
  File "/home/airflow/.local/lib/python3.8/site-packages/airflow/providers/snowflake/hooks/snowflake.py", line 276, in get_conn
    conn = connector.connect(**conn_config)
  File "/home/airflow/.local/lib/python3.8/site-packages/snowflake/connector/__init__.py", line 54, in Connect
    return SnowflakeConnection(**kwargs)
  File "/home/airflow/.local/lib/python3.8/site-packages/snowflake/connector/connection.py", line 413, in __init__
    self.connect(**kwargs)
  File "/home/airflow/.local/lib/python3.8/site-packages/snowflake/connector/connection.py", line 703, in connect
    self.__open_connection()
  File "/home/airflow/.local/lib/python3.8/site-packages/snowflake/connector/connection.py", line 1006, in __open_connection
    self.authenticate_with_retry(self.auth_class)
  File "/home/airflow/.local/lib/python3.8/site-packages/snowflake/connector/connection.py", line 1277, in authenticate_with_retry
    self._authenticate(auth_instance)
  File "/home/airflow/.local/lib/python3.8/site-packages/snowflake/connector/connection.py", line 1305, in _authenticate
    auth.authenticate(
  File "/home/airflow/.local/lib/python3.8/site-packages/snowflake/connector/auth/_auth.py", line 401, in authenticate
    Error.errorhandler_wrapper(
  File "/home/airflow/.local/lib/python3.8/site-packages/snowflake/connector/errors.py", line 290, in errorhandler_wrapper
    handed_over = Error.hand_to_other_handler(
  File "/home/airflow/.local/lib/python3.8/site-packages/snowflake/connector/errors.py", line 348, in hand_to_other_handler
    connection.errorhandler(connection, cursor, error_class, error_value)
  File "/home/airflow/.local/lib/python3.8/site-packages/snowflake/connector/errors.py", line 221, in default_errorhandler
    raise error_class(
snowflake.connector.errors.DatabaseError: 250001 (08001): None: Failed to connect to DB: BKVGNQZ-UO15536.snowflakecomputing.com:443. Incorrect username or password was specified.
[2026-03-13T11:14:51.559+0000] {taskinstance.py:1138} INFO - Marking task as FAILED. dag_id=2_enterprise_elt_pipeline, task_id=load_to_snowflake_stage, execution_date=20260313T111442, start_date=20260313T111446, end_date=20260313T111451
[2026-03-13T11:14:51.568+0000] {standard_task_runner.py:107} ERROR - Failed to execute job 7 for task load_to_snowflake_stage (250001 (08001): None: Failed to connect to DB: BKVGNQZ-UO15536.snowflakecomputing.com:443. Incorrect username or password was specified.; 259)
[2026-03-13T11:14:51.617+0000] {local_task_job_runner.py:234} INFO - Task exited with return code 1
[2026-03-13T11:14:51.634+0000] {taskinstance.py:3280} INFO - 0 downstream tasks scheduled from follow-on schedule check
