[2026-03-14T03:19:52.533+0000] {taskinstance.py:1956} INFO - Dependencies all met for dep_context=non-requeueable deps ti=<TaskInstance: 2_enterprise_elt_pipeline.copy_into_table manual__2026-03-14T03:19:44.639244+00:00 [queued]>
[2026-03-14T03:19:52.537+0000] {taskinstance.py:1956} INFO - Dependencies all met for dep_context=requeueable deps ti=<TaskInstance: 2_enterprise_elt_pipeline.copy_into_table manual__2026-03-14T03:19:44.639244+00:00 [queued]>
[2026-03-14T03:19:52.538+0000] {taskinstance.py:2170} INFO - Starting attempt 1 of 1
[2026-03-14T03:19:52.542+0000] {taskinstance.py:2191} INFO - Executing <Task(_PythonDecoratedOperator): copy_into_table> on 2026-03-14 03:19:44.639244+00:00
[2026-03-14T03:19:52.546+0000] {standard_task_runner.py:60} INFO - Started process 1036 to run task
[2026-03-14T03:19:52.549+0000] {standard_task_runner.py:87} INFO - Running: ['***', 'tasks', 'run', '2_enterprise_elt_pipeline', 'copy_into_table', 'manual__2026-03-14T03:19:44.639244+00:00', '--job-id', '46', '--raw', '--subdir', 'DAGS_FOLDER/elt_pipeline.py', '--cfg-path', '/tmp/tmpkodjhmey']
[2026-03-14T03:19:52.551+0000] {standard_task_runner.py:88} INFO - Job 46: Subtask copy_into_table
[2026-03-14T03:19:52.577+0000] {task_command.py:423} INFO - Running <TaskInstance: 2_enterprise_elt_pipeline.copy_into_table manual__2026-03-14T03:19:44.639244+00:00 [running]> on host 94439bb4e033
[2026-03-14T03:19:52.626+0000] {taskinstance.py:2480} INFO - Exporting env vars: AIRFLOW_CTX_DAG_OWNER='***' AIRFLOW_CTX_DAG_ID='2_enterprise_elt_pipeline' AIRFLOW_CTX_TASK_ID='copy_into_table' AIRFLOW_CTX_EXECUTION_DATE='2026-03-14T03:19:44.639244+00:00' AIRFLOW_CTX_TRY_NUMBER='1' AIRFLOW_CTX_DAG_RUN_ID='manual__2026-03-14T03:19:44.639244+00:00'
[2026-03-14T03:19:52.634+0000] {base.py:83} INFO - Using connection ID 'snowflake_default' for task execution.
[2026-03-14T03:19:52.634+0000] {connection.py:370} INFO - Snowflake Connector for Python Version: 3.6.0, Python Version: 3.8.18, Platform: Linux-6.12.72-linuxkit-aarch64-with-glibc2.34
[2026-03-14T03:19:52.635+0000] {connection.py:1171} INFO - This connection is in OCSP Fail Open Mode. TLS Certificates would be checked for validity and revocation status. Any other Certificate Revocation related exceptions or OCSP Responder failures would be disregarded in favor of connectivity.
[2026-03-14T03:19:52.933+0000] {cursor.py:1028} INFO - query: [ALTER SESSION SET autocommit=False]
[2026-03-14T03:19:53.051+0000] {cursor.py:1041} INFO - query execution done
[2026-03-14T03:19:53.052+0000] {cursor.py:1205} INFO - Number of results in first chunk: 1
[2026-03-14T03:19:53.052+0000] {sql.py:450} INFO - Running statement: COPY INTO RAW_LAKE.LANDING.CUSTOMERS 
            FROM @RAW_LAKE.LANDING.MY_INTERNAL_STAGE/extract_20260314_031947.csv.gz
            FILE_FORMAT = (TYPE = CSV SKIP_HEADER = 1);, parameters: None
[2026-03-14T03:19:53.052+0000] {cursor.py:1028} INFO - query: [COPY INTO RAW_LAKE.LANDING.CUSTOMERS FROM @RAW_LAKE.LANDING.MY_INTERNAL_STAGE/ex...]
[2026-03-14T03:19:54.019+0000] {cursor.py:1041} INFO - query execution done
[2026-03-14T03:19:54.020+0000] {cursor.py:1205} INFO - Number of results in first chunk: 1
[2026-03-14T03:19:54.020+0000] {sql.py:459} INFO - Rows affected: 1
[2026-03-14T03:19:54.020+0000] {snowflake.py:400} INFO - Rows affected: 1
[2026-03-14T03:19:54.020+0000] {snowflake.py:401} INFO - Snowflake query id: 01c30387-3202-7087-0014-7c6a0003f19a
[2026-03-14T03:19:54.021+0000] {cursor.py:1028} INFO - query: [COMMIT]
[2026-03-14T03:19:54.316+0000] {cursor.py:1041} INFO - query execution done
[2026-03-14T03:19:54.317+0000] {cursor.py:1205} INFO - Number of results in first chunk: 1
[2026-03-14T03:19:54.318+0000] {connection.py:718} INFO - closed
[2026-03-14T03:19:54.435+0000] {connection.py:724} INFO - No async queries seem to be running, deleting session
[2026-03-14T03:19:54.507+0000] {python.py:201} INFO - Done. Returned value was: None
[2026-03-14T03:19:54.530+0000] {taskinstance.py:1138} INFO - Marking task as SUCCESS. dag_id=2_enterprise_elt_pipeline, task_id=copy_into_table, execution_date=20260314T031944, start_date=20260314T031952, end_date=20260314T031954
[2026-03-14T03:19:54.567+0000] {local_task_job_runner.py:234} INFO - Task exited with return code 0
[2026-03-14T03:19:54.592+0000] {taskinstance.py:3280} INFO - 1 downstream tasks scheduled from follow-on schedule check
