[2026-03-13T11:10:14.875+0000] {taskinstance.py:1956} INFO - Dependencies all met for dep_context=non-requeueable deps ti=<TaskInstance: 2_enterprise_elt_pipeline.load_to_snowflake_stage scheduled__2026-03-12T00:00:00+00:00 [queued]>
[2026-03-13T11:10:14.879+0000] {taskinstance.py:1956} INFO - Dependencies all met for dep_context=requeueable deps ti=<TaskInstance: 2_enterprise_elt_pipeline.load_to_snowflake_stage scheduled__2026-03-12T00:00:00+00:00 [queued]>
[2026-03-13T11:10:14.880+0000] {taskinstance.py:2170} INFO - Starting attempt 1 of 1
[2026-03-13T11:10:14.886+0000] {taskinstance.py:2191} INFO - Executing <Task(_PythonDecoratedOperator): load_to_snowflake_stage> on 2026-03-12 00:00:00+00:00
[2026-03-13T11:10:14.892+0000] {standard_task_runner.py:60} INFO - Started process 198 to run task
[2026-03-13T11:10:14.897+0000] {standard_task_runner.py:87} INFO - Running: ['***', 'tasks', 'run', '2_enterprise_elt_pipeline', 'load_to_snowflake_stage', 'scheduled__2026-03-12T00:00:00+00:00', '--job-id', '3', '--raw', '--subdir', 'DAGS_FOLDER/elt_pipeline.py', '--cfg-path', '/tmp/tmpn11or04f']
[2026-03-13T11:10:14.917+0000] {standard_task_runner.py:88} INFO - Job 3: Subtask load_to_snowflake_stage
[2026-03-13T11:10:15.012+0000] {task_command.py:423} INFO - Running <TaskInstance: 2_enterprise_elt_pipeline.load_to_snowflake_stage scheduled__2026-03-12T00:00:00+00:00 [running]> on host 94439bb4e033
[2026-03-13T11:10:15.248+0000] {taskinstance.py:2480} INFO - Exporting env vars: AIRFLOW_CTX_DAG_OWNER='***' AIRFLOW_CTX_DAG_ID='2_enterprise_elt_pipeline' AIRFLOW_CTX_TASK_ID='load_to_snowflake_stage' AIRFLOW_CTX_EXECUTION_DATE='2026-03-12T00:00:00+00:00' AIRFLOW_CTX_TRY_NUMBER='1' AIRFLOW_CTX_DAG_RUN_ID='scheduled__2026-03-12T00:00:00+00:00'
[2026-03-13T11:10:15.524+0000] {logging_mixin.py:188} INFO - Uploading /tmp/extract_20260313_111013.csv to Snowflake Stage...
[2026-03-13T11:10:15.545+0000] {taskinstance.py:2698} ERROR - Task failed with exception
Traceback (most recent call last):
  File "/home/airflow/.local/lib/python3.8/site-packages/airflow/models/taskinstance.py", line 433, in _execute_task
    result = execute_callable(context=context, **execute_callable_kwargs)
  File "/home/airflow/.local/lib/python3.8/site-packages/airflow/decorators/base.py", line 241, in execute
    return_value = super().execute(context)
  File "/home/airflow/.local/lib/python3.8/site-packages/airflow/operators/python.py", line 199, in execute
    return_value = self.execute_callable()
  File "/home/airflow/.local/lib/python3.8/site-packages/airflow/operators/python.py", line 216, in execute_callable
    return self.python_callable(*self.op_args, **self.op_kwargs)
  File "/opt/airflow/dags/elt_pipeline.py", line 52, in load_to_snowflake_stage
    hook.run(f"PUT file://{local_path} @RAW_LAKE.LANDING.MY_INTERNAL_STAGE AUTO_COMPRESS=TRUE")
  File "/home/airflow/.local/lib/python3.8/site-packages/airflow/providers/snowflake/hooks/snowflake.py", line 382, in run
    with closing(self.get_conn()) as conn:
  File "/home/airflow/.local/lib/python3.8/site-packages/airflow/providers/snowflake/hooks/snowflake.py", line 275, in get_conn
    conn_config = self._get_conn_params()
  File "/home/airflow/.local/lib/python3.8/site-packages/airflow/providers/snowflake/hooks/snowflake.py", line 183, in _get_conn_params
    conn = self.get_connection(self.snowflake_conn_id)  # type: ignore[attr-defined]
  File "/home/airflow/.local/lib/python3.8/site-packages/airflow/hooks/base.py", line 82, in get_connection
    conn = Connection.get_connection_from_secrets(conn_id)
  File "/home/airflow/.local/lib/python3.8/site-packages/airflow/models/connection.py", line 479, in get_connection_from_secrets
    raise AirflowNotFoundException(f"The conn_id `{conn_id}` isn't defined")
airflow.exceptions.AirflowNotFoundException: The conn_id `snowflake_default` isn't defined
[2026-03-13T11:10:15.553+0000] {taskinstance.py:1138} INFO - Marking task as FAILED. dag_id=2_enterprise_elt_pipeline, task_id=load_to_snowflake_stage, execution_date=20260312T000000, start_date=20260313T111014, end_date=20260313T111015
[2026-03-13T11:10:15.568+0000] {standard_task_runner.py:107} ERROR - Failed to execute job 3 for task load_to_snowflake_stage (The conn_id `snowflake_default` isn't defined; 198)
[2026-03-13T11:10:15.588+0000] {local_task_job_runner.py:234} INFO - Task exited with return code 1
[2026-03-13T11:10:15.607+0000] {taskinstance.py:3280} INFO - 0 downstream tasks scheduled from follow-on schedule check
[2026-03-13T11:18:44.556+0000] {taskinstance.py:1956} INFO - Dependencies all met for dep_context=non-requeueable deps ti=<TaskInstance: 2_enterprise_elt_pipeline.load_to_snowflake_stage scheduled__2026-03-12T00:00:00+00:00 [queued]>
[2026-03-13T11:18:44.564+0000] {taskinstance.py:1956} INFO - Dependencies all met for dep_context=requeueable deps ti=<TaskInstance: 2_enterprise_elt_pipeline.load_to_snowflake_stage scheduled__2026-03-12T00:00:00+00:00 [queued]>
[2026-03-13T11:18:44.565+0000] {taskinstance.py:2170} INFO - Starting attempt 1 of 1
[2026-03-13T11:18:44.576+0000] {taskinstance.py:2191} INFO - Executing <Task(_PythonDecoratedOperator): load_to_snowflake_stage> on 2026-03-12 00:00:00+00:00
[2026-03-13T11:18:44.584+0000] {standard_task_runner.py:60} INFO - Started process 320 to run task
[2026-03-13T11:18:44.592+0000] {standard_task_runner.py:87} INFO - Running: ['***', 'tasks', 'run', '2_enterprise_elt_pipeline', 'load_to_snowflake_stage', 'scheduled__2026-03-12T00:00:00+00:00', '--job-id', '10', '--raw', '--subdir', 'DAGS_FOLDER/elt_pipeline.py', '--cfg-path', '/tmp/tmpno8rkkio']
[2026-03-13T11:18:44.596+0000] {standard_task_runner.py:88} INFO - Job 10: Subtask load_to_snowflake_stage
[2026-03-13T11:18:44.689+0000] {task_command.py:423} INFO - Running <TaskInstance: 2_enterprise_elt_pipeline.load_to_snowflake_stage scheduled__2026-03-12T00:00:00+00:00 [running]> on host 94439bb4e033
[2026-03-13T11:18:44.781+0000] {taskinstance.py:2480} INFO - Exporting env vars: AIRFLOW_CTX_DAG_OWNER='***' AIRFLOW_CTX_DAG_ID='2_enterprise_elt_pipeline' AIRFLOW_CTX_TASK_ID='load_to_snowflake_stage' AIRFLOW_CTX_EXECUTION_DATE='2026-03-12T00:00:00+00:00' AIRFLOW_CTX_TRY_NUMBER='1' AIRFLOW_CTX_DAG_RUN_ID='scheduled__2026-03-12T00:00:00+00:00'
[2026-03-13T11:18:44.920+0000] {logging_mixin.py:188} INFO - Uploading /tmp/extract_20260313_111842.csv to Snowflake Stage...
[2026-03-13T11:18:44.927+0000] {base.py:83} INFO - Using connection ID 'snowflake_default' for task execution.
[2026-03-13T11:18:44.927+0000] {connection.py:370} INFO - Snowflake Connector for Python Version: 3.6.0, Python Version: 3.8.18, Platform: Linux-6.12.72-linuxkit-aarch64-with-glibc2.34
[2026-03-13T11:18:44.928+0000] {connection.py:1171} INFO - This connection is in OCSP Fail Open Mode. TLS Certificates would be checked for validity and revocation status. Any other Certificate Revocation related exceptions or OCSP Responder failures would be disregarded in favor of connectivity.
[2026-03-13T11:18:46.282+0000] {cursor.py:1028} INFO - query: [ALTER SESSION SET autocommit=False]
[2026-03-13T11:18:46.417+0000] {cursor.py:1041} INFO - query execution done
[2026-03-13T11:18:46.418+0000] {cursor.py:1205} INFO - Number of results in first chunk: 1
[2026-03-13T11:18:46.419+0000] {sql.py:450} INFO - Running statement: PUT file:///tmp/extract_20260313_111842.csv @RAW_LAKE.LANDING.MY_INTERNAL_STAGE AUTO_COMPRESS=TRUE, parameters: None
[2026-03-13T11:18:46.419+0000] {cursor.py:1028} INFO - query: [PUT file:///tmp/extract_20260313_111842.csv @RAW_LAKE.LANDING.MY_INTERNAL_STAGE ...]
[2026-03-13T11:18:46.614+0000] {cursor.py:1041} INFO - query execution done
[2026-03-13T11:18:50.258+0000] {sql.py:459} INFO - Rows affected: 1
[2026-03-13T11:18:50.260+0000] {snowflake.py:400} INFO - Rows affected: 1
[2026-03-13T11:18:50.261+0000] {snowflake.py:401} INFO - Snowflake query id: 01c2ffc6-3202-7050-0014-7c6a000362a6
[2026-03-13T11:18:50.262+0000] {cursor.py:1028} INFO - query: [COMMIT]
[2026-03-13T11:18:50.386+0000] {cursor.py:1041} INFO - query execution done
[2026-03-13T11:18:50.387+0000] {cursor.py:1205} INFO - Number of results in first chunk: 1
[2026-03-13T11:18:50.388+0000] {connection.py:718} INFO - closed
[2026-03-13T11:18:50.490+0000] {connection.py:724} INFO - No async queries seem to be running, deleting session
[2026-03-13T11:18:50.598+0000] {python.py:201} INFO - Done. Returned value was: extract_20260313_111842.csv
[2026-03-13T11:18:50.649+0000] {taskinstance.py:1138} INFO - Marking task as SUCCESS. dag_id=2_enterprise_elt_pipeline, task_id=load_to_snowflake_stage, execution_date=20260312T000000, start_date=20260313T111844, end_date=20260313T111850
[2026-03-13T11:18:50.683+0000] {local_task_job_runner.py:234} INFO - Task exited with return code 0
[2026-03-13T11:18:50.706+0000] {taskinstance.py:3280} INFO - 1 downstream tasks scheduled from follow-on schedule check
[2026-03-13T11:22:45.375+0000] {taskinstance.py:1956} INFO - Dependencies all met for dep_context=non-requeueable deps ti=<TaskInstance: 2_enterprise_elt_pipeline.load_to_snowflake_stage scheduled__2026-03-12T00:00:00+00:00 [queued]>
[2026-03-13T11:22:45.381+0000] {taskinstance.py:1956} INFO - Dependencies all met for dep_context=requeueable deps ti=<TaskInstance: 2_enterprise_elt_pipeline.load_to_snowflake_stage scheduled__2026-03-12T00:00:00+00:00 [queued]>
[2026-03-13T11:22:45.381+0000] {taskinstance.py:2170} INFO - Starting attempt 1 of 1
[2026-03-13T11:22:45.389+0000] {taskinstance.py:2191} INFO - Executing <Task(_PythonDecoratedOperator): load_to_snowflake_stage> on 2026-03-12 00:00:00+00:00
[2026-03-13T11:22:45.393+0000] {standard_task_runner.py:60} INFO - Started process 383 to run task
[2026-03-13T11:22:45.395+0000] {standard_task_runner.py:87} INFO - Running: ['***', 'tasks', 'run', '2_enterprise_elt_pipeline', 'load_to_snowflake_stage', 'scheduled__2026-03-12T00:00:00+00:00', '--job-id', '15', '--raw', '--subdir', 'DAGS_FOLDER/elt_pipeline.py', '--cfg-path', '/tmp/tmpsh5q29qx']
[2026-03-13T11:22:45.397+0000] {standard_task_runner.py:88} INFO - Job 15: Subtask load_to_snowflake_stage
[2026-03-13T11:22:45.424+0000] {task_command.py:423} INFO - Running <TaskInstance: 2_enterprise_elt_pipeline.load_to_snowflake_stage scheduled__2026-03-12T00:00:00+00:00 [running]> on host 94439bb4e033
[2026-03-13T11:22:45.464+0000] {taskinstance.py:2480} INFO - Exporting env vars: AIRFLOW_CTX_DAG_OWNER='***' AIRFLOW_CTX_DAG_ID='2_enterprise_elt_pipeline' AIRFLOW_CTX_TASK_ID='load_to_snowflake_stage' AIRFLOW_CTX_EXECUTION_DATE='2026-03-12T00:00:00+00:00' AIRFLOW_CTX_TRY_NUMBER='1' AIRFLOW_CTX_DAG_RUN_ID='scheduled__2026-03-12T00:00:00+00:00'
[2026-03-13T11:22:45.533+0000] {logging_mixin.py:188} INFO - Uploading /tmp/extract_20260313_112244.csv to Snowflake Stage...
[2026-03-13T11:22:45.539+0000] {base.py:83} INFO - Using connection ID 'snowflake_default' for task execution.
[2026-03-13T11:22:45.539+0000] {connection.py:370} INFO - Snowflake Connector for Python Version: 3.6.0, Python Version: 3.8.18, Platform: Linux-6.12.72-linuxkit-aarch64-with-glibc2.34
[2026-03-13T11:22:45.540+0000] {connection.py:1171} INFO - This connection is in OCSP Fail Open Mode. TLS Certificates would be checked for validity and revocation status. Any other Certificate Revocation related exceptions or OCSP Responder failures would be disregarded in favor of connectivity.
[2026-03-13T11:22:46.222+0000] {cursor.py:1028} INFO - query: [ALTER SESSION SET autocommit=False]
[2026-03-13T11:22:46.399+0000] {cursor.py:1041} INFO - query execution done
[2026-03-13T11:22:46.402+0000] {cursor.py:1205} INFO - Number of results in first chunk: 1
[2026-03-13T11:22:46.403+0000] {sql.py:450} INFO - Running statement: PUT file:///tmp/extract_20260313_112244.csv @RAW_LAKE.LANDING.MY_INTERNAL_STAGE AUTO_COMPRESS=TRUE, parameters: None
[2026-03-13T11:22:46.403+0000] {cursor.py:1028} INFO - query: [PUT file:///tmp/extract_20260313_112244.csv @RAW_LAKE.LANDING.MY_INTERNAL_STAGE ...]
[2026-03-13T11:22:46.595+0000] {cursor.py:1041} INFO - query execution done
[2026-03-13T11:22:48.388+0000] {sql.py:459} INFO - Rows affected: 1
[2026-03-13T11:22:48.390+0000] {snowflake.py:400} INFO - Rows affected: 1
[2026-03-13T11:22:48.390+0000] {snowflake.py:401} INFO - Snowflake query id: 01c2ffca-3202-7050-0014-7c6a000365d6
[2026-03-13T11:22:48.391+0000] {cursor.py:1028} INFO - query: [COMMIT]
[2026-03-13T11:22:48.512+0000] {cursor.py:1041} INFO - query execution done
[2026-03-13T11:22:48.513+0000] {cursor.py:1205} INFO - Number of results in first chunk: 1
[2026-03-13T11:22:48.514+0000] {connection.py:718} INFO - closed
[2026-03-13T11:22:48.658+0000] {connection.py:724} INFO - No async queries seem to be running, deleting session
[2026-03-13T11:22:48.761+0000] {python.py:201} INFO - Done. Returned value was: extract_20260313_112244.csv
[2026-03-13T11:22:48.786+0000] {taskinstance.py:1138} INFO - Marking task as SUCCESS. dag_id=2_enterprise_elt_pipeline, task_id=load_to_snowflake_stage, execution_date=20260312T000000, start_date=20260313T112245, end_date=20260313T112248
[2026-03-13T11:22:48.836+0000] {local_task_job_runner.py:234} INFO - Task exited with return code 0
[2026-03-13T11:22:48.857+0000] {taskinstance.py:3280} INFO - 1 downstream tasks scheduled from follow-on schedule check
[2026-03-13T14:39:04.607+0000] {taskinstance.py:1956} INFO - Dependencies all met for dep_context=non-requeueable deps ti=<TaskInstance: 2_enterprise_elt_pipeline.load_to_snowflake_stage scheduled__2026-03-12T00:00:00+00:00 [queued]>
[2026-03-13T14:39:04.618+0000] {taskinstance.py:1956} INFO - Dependencies all met for dep_context=requeueable deps ti=<TaskInstance: 2_enterprise_elt_pipeline.load_to_snowflake_stage scheduled__2026-03-12T00:00:00+00:00 [queued]>
[2026-03-13T14:39:04.618+0000] {taskinstance.py:2170} INFO - Starting attempt 1 of 1
[2026-03-13T14:39:04.626+0000] {taskinstance.py:2191} INFO - Executing <Task(_PythonDecoratedOperator): load_to_snowflake_stage> on 2026-03-12 00:00:00+00:00
[2026-03-13T14:39:04.632+0000] {standard_task_runner.py:60} INFO - Started process 599 to run task
[2026-03-13T14:39:04.634+0000] {standard_task_runner.py:87} INFO - Running: ['***', 'tasks', 'run', '2_enterprise_elt_pipeline', 'load_to_snowflake_stage', 'scheduled__2026-03-12T00:00:00+00:00', '--job-id', '23', '--raw', '--subdir', 'DAGS_FOLDER/elt_pipeline.py', '--cfg-path', '/tmp/tmp6umsehmw']
[2026-03-13T14:39:04.636+0000] {standard_task_runner.py:88} INFO - Job 23: Subtask load_to_snowflake_stage
[2026-03-13T14:39:04.666+0000] {task_command.py:423} INFO - Running <TaskInstance: 2_enterprise_elt_pipeline.load_to_snowflake_stage scheduled__2026-03-12T00:00:00+00:00 [running]> on host 94439bb4e033
[2026-03-13T14:39:04.727+0000] {taskinstance.py:2480} INFO - Exporting env vars: AIRFLOW_CTX_DAG_OWNER='***' AIRFLOW_CTX_DAG_ID='2_enterprise_elt_pipeline' AIRFLOW_CTX_TASK_ID='load_to_snowflake_stage' AIRFLOW_CTX_EXECUTION_DATE='2026-03-12T00:00:00+00:00' AIRFLOW_CTX_TRY_NUMBER='1' AIRFLOW_CTX_DAG_RUN_ID='scheduled__2026-03-12T00:00:00+00:00'
[2026-03-13T14:39:04.845+0000] {logging_mixin.py:188} INFO - Uploading /tmp/extract_20260313_143903.csv to Snowflake Stage...
[2026-03-13T14:39:04.852+0000] {base.py:83} INFO - Using connection ID 'snowflake_default' for task execution.
[2026-03-13T14:39:04.853+0000] {connection.py:370} INFO - Snowflake Connector for Python Version: 3.6.0, Python Version: 3.8.18, Platform: Linux-6.12.72-linuxkit-aarch64-with-glibc2.34
[2026-03-13T14:39:04.853+0000] {connection.py:1171} INFO - This connection is in OCSP Fail Open Mode. TLS Certificates would be checked for validity and revocation status. Any other Certificate Revocation related exceptions or OCSP Responder failures would be disregarded in favor of connectivity.
[2026-03-13T14:39:05.685+0000] {cursor.py:1028} INFO - query: [ALTER SESSION SET autocommit=False]
[2026-03-13T14:39:05.865+0000] {cursor.py:1041} INFO - query execution done
[2026-03-13T14:39:05.866+0000] {cursor.py:1205} INFO - Number of results in first chunk: 1
[2026-03-13T14:39:05.867+0000] {sql.py:450} INFO - Running statement: PUT file:///tmp/extract_20260313_143903.csv @RAW_LAKE.LANDING.MY_INTERNAL_STAGE AUTO_COMPRESS=TRUE, parameters: None
[2026-03-13T14:39:05.867+0000] {cursor.py:1028} INFO - query: [PUT file:///tmp/extract_20260313_143903.csv @RAW_LAKE.LANDING.MY_INTERNAL_STAGE ...]
[2026-03-13T14:39:06.029+0000] {cursor.py:1041} INFO - query execution done
[2026-03-13T14:39:06.039+0000] {connection.py:718} INFO - closed
[2026-03-13T14:39:06.170+0000] {connection.py:724} INFO - No async queries seem to be running, deleting session
[2026-03-13T14:39:06.356+0000] {taskinstance.py:2698} ERROR - Task failed with exception
Traceback (most recent call last):
  File "/home/airflow/.local/lib/python3.8/site-packages/airflow/models/taskinstance.py", line 433, in _execute_task
    result = execute_callable(context=context, **execute_callable_kwargs)
  File "/home/airflow/.local/lib/python3.8/site-packages/airflow/decorators/base.py", line 241, in execute
    return_value = super().execute(context)
  File "/home/airflow/.local/lib/python3.8/site-packages/airflow/operators/python.py", line 199, in execute
    return_value = self.execute_callable()
  File "/home/airflow/.local/lib/python3.8/site-packages/airflow/operators/python.py", line 216, in execute_callable
    return self.python_callable(*self.op_args, **self.op_kwargs)
  File "/opt/airflow/dags/elt_pipeline.py", line 52, in load_to_snowflake_stage
    hook.run(f"PUT file://{local_path} @RAW_LAKE.LANDING.MY_INTERNAL_STAGE AUTO_COMPRESS=TRUE")
  File "/home/airflow/.local/lib/python3.8/site-packages/airflow/providers/snowflake/hooks/snowflake.py", line 388, in run
    self._run_command(cur, sql_statement, parameters)
  File "/home/airflow/.local/lib/python3.8/site-packages/airflow/providers/common/sql/hooks/sql.py", line 455, in _run_command
    cur.execute(sql_statement)
  File "/home/airflow/.local/lib/python3.8/site-packages/snowflake/connector/cursor.py", line 1132, in execute
    Error.errorhandler_wrapper(self.connection, self, error_class, errvalue)
  File "/home/airflow/.local/lib/python3.8/site-packages/snowflake/connector/errors.py", line 290, in errorhandler_wrapper
    handed_over = Error.hand_to_other_handler(
  File "/home/airflow/.local/lib/python3.8/site-packages/snowflake/connector/errors.py", line 345, in hand_to_other_handler
    cursor.errorhandler(connection, cursor, error_class, error_value)
  File "/home/airflow/.local/lib/python3.8/site-packages/snowflake/connector/errors.py", line 221, in default_errorhandler
    raise error_class(
snowflake.connector.errors.ProgrammingError: 002003 (02000): 01c3008f-3202-7050-0014-7c6a00036e2e: SQL compilation error:
Stage 'RAW_LAKE.LANDING.MY_INTERNAL_STAGE' does not exist or not authorized.
[2026-03-13T14:39:06.372+0000] {taskinstance.py:1138} INFO - Marking task as FAILED. dag_id=2_enterprise_elt_pipeline, task_id=load_to_snowflake_stage, execution_date=20260312T000000, start_date=20260313T143904, end_date=20260313T143906
[2026-03-13T14:39:06.389+0000] {standard_task_runner.py:107} ERROR - Failed to execute job 23 for task load_to_snowflake_stage (002003 (02000): 01c3008f-3202-7050-0014-7c6a00036e2e: SQL compilation error:
Stage 'RAW_LAKE.LANDING.MY_INTERNAL_STAGE' does not exist or not authorized.; 599)
[2026-03-13T14:39:06.427+0000] {local_task_job_runner.py:234} INFO - Task exited with return code 1
[2026-03-13T14:39:06.447+0000] {taskinstance.py:3280} INFO - 0 downstream tasks scheduled from follow-on schedule check
[2026-03-13T15:09:43.882+0000] {taskinstance.py:1956} INFO - Dependencies all met for dep_context=non-requeueable deps ti=<TaskInstance: 2_enterprise_elt_pipeline.load_to_snowflake_stage scheduled__2026-03-12T00:00:00+00:00 [queued]>
[2026-03-13T15:09:43.892+0000] {taskinstance.py:1956} INFO - Dependencies all met for dep_context=requeueable deps ti=<TaskInstance: 2_enterprise_elt_pipeline.load_to_snowflake_stage scheduled__2026-03-12T00:00:00+00:00 [queued]>
[2026-03-13T15:09:43.893+0000] {taskinstance.py:2170} INFO - Starting attempt 1 of 1
[2026-03-13T15:09:43.907+0000] {taskinstance.py:2191} INFO - Executing <Task(_PythonDecoratedOperator): load_to_snowflake_stage> on 2026-03-12 00:00:00+00:00
[2026-03-13T15:09:43.919+0000] {standard_task_runner.py:60} INFO - Started process 557 to run task
[2026-03-13T15:09:43.922+0000] {standard_task_runner.py:87} INFO - Running: ['***', 'tasks', 'run', '2_enterprise_elt_pipeline', 'load_to_snowflake_stage', 'scheduled__2026-03-12T00:00:00+00:00', '--job-id', '37', '--raw', '--subdir', 'DAGS_FOLDER/elt_pipeline.py', '--cfg-path', '/tmp/tmpydpub48c']
[2026-03-13T15:09:43.931+0000] {standard_task_runner.py:88} INFO - Job 37: Subtask load_to_snowflake_stage
[2026-03-13T15:09:44.027+0000] {task_command.py:423} INFO - Running <TaskInstance: 2_enterprise_elt_pipeline.load_to_snowflake_stage scheduled__2026-03-12T00:00:00+00:00 [running]> on host 94439bb4e033
[2026-03-13T15:09:44.114+0000] {taskinstance.py:2480} INFO - Exporting env vars: AIRFLOW_CTX_DAG_OWNER='***' AIRFLOW_CTX_DAG_ID='2_enterprise_elt_pipeline' AIRFLOW_CTX_TASK_ID='load_to_snowflake_stage' AIRFLOW_CTX_EXECUTION_DATE='2026-03-12T00:00:00+00:00' AIRFLOW_CTX_TRY_NUMBER='1' AIRFLOW_CTX_DAG_RUN_ID='scheduled__2026-03-12T00:00:00+00:00'
[2026-03-13T15:09:44.281+0000] {logging_mixin.py:188} INFO - Uploading /tmp/extract_20260313_150943.csv to Snowflake Stage...
[2026-03-13T15:09:44.293+0000] {base.py:83} INFO - Using connection ID 'snowflake_default' for task execution.
[2026-03-13T15:09:44.294+0000] {connection.py:370} INFO - Snowflake Connector for Python Version: 3.6.0, Python Version: 3.8.18, Platform: Linux-6.12.72-linuxkit-aarch64-with-glibc2.34
[2026-03-13T15:09:44.296+0000] {connection.py:1171} INFO - This connection is in OCSP Fail Open Mode. TLS Certificates would be checked for validity and revocation status. Any other Certificate Revocation related exceptions or OCSP Responder failures would be disregarded in favor of connectivity.
[2026-03-13T15:09:45.237+0000] {cursor.py:1028} INFO - query: [ALTER SESSION SET autocommit=False]
[2026-03-13T15:09:45.372+0000] {cursor.py:1041} INFO - query execution done
[2026-03-13T15:09:45.373+0000] {cursor.py:1205} INFO - Number of results in first chunk: 1
[2026-03-13T15:09:45.374+0000] {sql.py:450} INFO - Running statement: PUT file:///tmp/extract_20260313_150943.csv @RAW_LAKE.LANDING.MY_INTERNAL_STAGE AUTO_COMPRESS=TRUE, parameters: None
[2026-03-13T15:09:45.374+0000] {cursor.py:1028} INFO - query: [PUT file:///tmp/extract_20260313_150943.csv @RAW_LAKE.LANDING.MY_INTERNAL_STAGE ...]
[2026-03-13T15:09:45.582+0000] {cursor.py:1041} INFO - query execution done
[2026-03-13T15:09:46.569+0000] {sql.py:459} INFO - Rows affected: 1
[2026-03-13T15:09:46.571+0000] {snowflake.py:400} INFO - Rows affected: 1
[2026-03-13T15:09:46.571+0000] {snowflake.py:401} INFO - Snowflake query id: 01c300ad-3202-7050-0014-7c6a00039966
[2026-03-13T15:09:46.572+0000] {cursor.py:1028} INFO - query: [COMMIT]
[2026-03-13T15:09:46.703+0000] {cursor.py:1041} INFO - query execution done
[2026-03-13T15:09:46.705+0000] {cursor.py:1205} INFO - Number of results in first chunk: 1
[2026-03-13T15:09:46.705+0000] {connection.py:718} INFO - closed
[2026-03-13T15:09:46.840+0000] {connection.py:724} INFO - No async queries seem to be running, deleting session
[2026-03-13T15:09:46.932+0000] {python.py:201} INFO - Done. Returned value was: extract_20260313_150943.csv
[2026-03-13T15:09:46.958+0000] {taskinstance.py:1138} INFO - Marking task as SUCCESS. dag_id=2_enterprise_elt_pipeline, task_id=load_to_snowflake_stage, execution_date=20260312T000000, start_date=20260313T150943, end_date=20260313T150946
[2026-03-13T15:09:47.003+0000] {local_task_job_runner.py:234} INFO - Task exited with return code 0
[2026-03-13T15:09:47.020+0000] {taskinstance.py:3280} INFO - 1 downstream tasks scheduled from follow-on schedule check
