[2026-03-14T05:54:42.750+0000] {taskinstance.py:1956} INFO - Dependencies all met for dep_context=non-requeueable deps ti=<TaskInstance: 2_enterprise_elt_pipeline.extract_to_minio manual__2026-03-14T05:49:40.171817+00:00 [queued]>
[2026-03-14T05:54:42.753+0000] {taskinstance.py:1956} INFO - Dependencies all met for dep_context=requeueable deps ti=<TaskInstance: 2_enterprise_elt_pipeline.extract_to_minio manual__2026-03-14T05:49:40.171817+00:00 [queued]>
[2026-03-14T05:54:42.753+0000] {taskinstance.py:2170} INFO - Starting attempt 2 of 2
[2026-03-14T05:54:42.762+0000] {taskinstance.py:2191} INFO - Executing <Task(_PythonDecoratedOperator): extract_to_minio> on 2026-03-14 05:49:40.171817+00:00
[2026-03-14T05:54:42.768+0000] {standard_task_runner.py:60} INFO - Started process 519 to run task
[2026-03-14T05:54:42.771+0000] {standard_task_runner.py:87} INFO - Running: ['***', 'tasks', 'run', '2_enterprise_elt_pipeline', 'extract_to_minio', 'manual__2026-03-14T05:49:40.171817+00:00', '--job-id', '58', '--raw', '--subdir', 'DAGS_FOLDER/elt_pipeline.py', '--cfg-path', '/tmp/tmpa_qhv77e']
[2026-03-14T05:54:42.773+0000] {standard_task_runner.py:88} INFO - Job 58: Subtask extract_to_minio
[2026-03-14T05:54:42.813+0000] {task_command.py:423} INFO - Running <TaskInstance: 2_enterprise_elt_pipeline.extract_to_minio manual__2026-03-14T05:49:40.171817+00:00 [running]> on host 250ae1a1a216
[2026-03-14T05:54:42.856+0000] {taskinstance.py:2480} INFO - Exporting env vars: AIRFLOW_CTX_DAG_OWNER='data_engineer' AIRFLOW_CTX_DAG_ID='2_enterprise_elt_pipeline' AIRFLOW_CTX_TASK_ID='extract_to_minio' AIRFLOW_CTX_EXECUTION_DATE='2026-03-14T05:49:40.171817+00:00' AIRFLOW_CTX_TRY_NUMBER='2' AIRFLOW_CTX_DAG_RUN_ID='manual__2026-03-14T05:49:40.171817+00:00'
[2026-03-14T05:54:42.857+0000] {taskinstance.py:2698} ERROR - Task failed with exception
Traceback (most recent call last):
  File "/home/airflow/.local/lib/python3.8/site-packages/airflow/models/taskinstance.py", line 433, in _execute_task
    result = execute_callable(context=context, **execute_callable_kwargs)
  File "/home/airflow/.local/lib/python3.8/site-packages/airflow/decorators/base.py", line 241, in execute
    return_value = super().execute(context)
  File "/home/airflow/.local/lib/python3.8/site-packages/airflow/operators/python.py", line 199, in execute
    return_value = self.execute_callable()
  File "/home/airflow/.local/lib/python3.8/site-packages/airflow/operators/python.py", line 216, in execute_callable
    return self.python_callable(*self.op_args, **self.op_kwargs)
  File "/opt/airflow/dags/elt_pipeline.py", line 35, in extract_to_minio
    file_name = generate_and_upload_customers(num_records=1000)
  File "/opt/airflow/dags/scripts/generate_data.py", line 22, in generate_and_upload_customers
    raise ValueError("🚨 THIS IS A DRILL: SIMULATED PIPELINE FAILURE 🚨")
ValueError: 🚨 THIS IS A DRILL: SIMULATED PIPELINE FAILURE 🚨
[2026-03-14T05:54:42.865+0000] {taskinstance.py:1138} INFO - Marking task as FAILED. dag_id=2_enterprise_elt_pipeline, task_id=extract_to_minio, execution_date=20260314T054940, start_date=20260314T055442, end_date=20260314T055442
[2026-03-14T05:54:43.301+0000] {standard_task_runner.py:107} ERROR - Failed to execute job 58 for task extract_to_minio (🚨 THIS IS A DRILL: SIMULATED PIPELINE FAILURE 🚨; 519)
[2026-03-14T05:54:43.363+0000] {local_task_job_runner.py:234} INFO - Task exited with return code 1
[2026-03-14T05:54:43.389+0000] {taskinstance.py:3280} INFO - 0 downstream tasks scheduled from follow-on schedule check
