[2026-03-13T15:08:08.318+0000] {taskinstance.py:1956} INFO - Dependencies all met for dep_context=non-requeueable deps ti=<TaskInstance: 2_enterprise_elt_pipeline.dbt_transform manual__2026-03-13T15:07:57.196914+00:00 [queued]>
[2026-03-13T15:08:08.323+0000] {taskinstance.py:1956} INFO - Dependencies all met for dep_context=requeueable deps ti=<TaskInstance: 2_enterprise_elt_pipeline.dbt_transform manual__2026-03-13T15:07:57.196914+00:00 [queued]>
[2026-03-13T15:08:08.324+0000] {taskinstance.py:2170} INFO - Starting attempt 1 of 1
[2026-03-13T15:08:08.329+0000] {taskinstance.py:2191} INFO - Executing <Task(BashOperator): dbt_transform> on 2026-03-13 15:07:57.196914+00:00
[2026-03-13T15:08:08.333+0000] {standard_task_runner.py:60} INFO - Started process 507 to run task
[2026-03-13T15:08:08.335+0000] {standard_task_runner.py:87} INFO - Running: ['***', 'tasks', 'run', '2_enterprise_elt_pipeline', 'dbt_transform', 'manual__2026-03-13T15:07:57.196914+00:00', '--job-id', '35', '--raw', '--subdir', 'DAGS_FOLDER/elt_pipeline.py', '--cfg-path', '/tmp/tmpv41r09rn']
[2026-03-13T15:08:08.337+0000] {standard_task_runner.py:88} INFO - Job 35: Subtask dbt_transform
[2026-03-13T15:08:08.361+0000] {task_command.py:423} INFO - Running <TaskInstance: 2_enterprise_elt_pipeline.dbt_transform manual__2026-03-13T15:07:57.196914+00:00 [running]> on host 94439bb4e033
[2026-03-13T15:08:08.396+0000] {taskinstance.py:2480} INFO - Exporting env vars: AIRFLOW_CTX_DAG_OWNER='***' AIRFLOW_CTX_DAG_ID='2_enterprise_elt_pipeline' AIRFLOW_CTX_TASK_ID='dbt_transform' AIRFLOW_CTX_EXECUTION_DATE='2026-03-13T15:07:57.196914+00:00' AIRFLOW_CTX_TRY_NUMBER='1' AIRFLOW_CTX_DAG_RUN_ID='manual__2026-03-13T15:07:57.196914+00:00'
[2026-03-13T15:08:08.398+0000] {subprocess.py:63} INFO - Tmp dir root location: /tmp
[2026-03-13T15:08:08.398+0000] {subprocess.py:75} INFO - Running command: ['/usr/bin/bash', '-c', 'dbt run --project-dir /opt/***/dbt_project --profiles-dir /opt/***/dbt_project']
[2026-03-13T15:08:08.406+0000] {subprocess.py:86} INFO - Output:
[2026-03-13T15:08:09.298+0000] {subprocess.py:93} INFO - [0m15:08:09  Running with dbt=1.8.7
[2026-03-13T15:08:09.993+0000] {subprocess.py:93} INFO - [0m15:08:09  Registered adapter: snowflake=1.8.4
[2026-03-13T15:08:10.173+0000] {subprocess.py:93} INFO - [0m15:08:10  Found 1 model, 1 source, 454 macros
[2026-03-13T15:08:10.176+0000] {subprocess.py:93} INFO - [0m15:08:10
[2026-03-13T15:08:12.110+0000] {subprocess.py:93} INFO - [0m15:08:12  Concurrency: 1 threads (target='dev')
[2026-03-13T15:08:12.111+0000] {subprocess.py:93} INFO - [0m15:08:12
[2026-03-13T15:08:12.125+0000] {subprocess.py:93} INFO - [0m15:08:12  1 of 1 START sql table model ANALYTICS.stg_customers ........................... [RUN]
[2026-03-13T15:08:13.744+0000] {subprocess.py:93} INFO - [0m15:08:13  1 of 1 OK created sql table model ANALYTICS.stg_customers ...................... [[32mSUCCESS 1[0m in 1.62s]
[2026-03-13T15:08:13.748+0000] {subprocess.py:93} INFO - [0m15:08:13
[2026-03-13T15:08:13.749+0000] {subprocess.py:93} INFO - [0m15:08:13  Finished running 1 table model in 0 hours 0 minutes and 3.57 seconds (3.57s).
[2026-03-13T15:08:13.776+0000] {subprocess.py:93} INFO - [0m15:08:13
[2026-03-13T15:08:13.777+0000] {subprocess.py:93} INFO - [0m15:08:13  [32mCompleted successfully[0m
[2026-03-13T15:08:13.777+0000] {subprocess.py:93} INFO - [0m15:08:13
[2026-03-13T15:08:13.777+0000] {subprocess.py:93} INFO - [0m15:08:13  Done. PASS=1 WARN=0 ERROR=0 SKIP=0 TOTAL=1
[2026-03-13T15:08:15.892+0000] {subprocess.py:97} INFO - Command exited with return code 0
[2026-03-13T15:08:15.912+0000] {taskinstance.py:1138} INFO - Marking task as SUCCESS. dag_id=2_enterprise_elt_pipeline, task_id=dbt_transform, execution_date=20260313T150757, start_date=20260313T150808, end_date=20260313T150815
[2026-03-13T15:08:15.954+0000] {local_task_job_runner.py:234} INFO - Task exited with return code 0
[2026-03-13T15:08:15.964+0000] {taskinstance.py:3280} INFO - 0 downstream tasks scheduled from follow-on schedule check
