[2026-03-14T05:58:33.736+0000] {taskinstance.py:1956} INFO - Dependencies all met for dep_context=non-requeueable deps ti=<TaskInstance: 2_enterprise_elt_pipeline.dbt_transform manual__2026-03-14T05:58:24.827148+00:00 [queued]>
[2026-03-14T05:58:33.742+0000] {taskinstance.py:1956} INFO - Dependencies all met for dep_context=requeueable deps ti=<TaskInstance: 2_enterprise_elt_pipeline.dbt_transform manual__2026-03-14T05:58:24.827148+00:00 [queued]>
[2026-03-14T05:58:33.742+0000] {taskinstance.py:2170} INFO - Starting attempt 1 of 2
[2026-03-14T05:58:33.751+0000] {taskinstance.py:2191} INFO - Executing <Task(BashOperator): dbt_transform> on 2026-03-14 05:58:24.827148+00:00
[2026-03-14T05:58:33.755+0000] {standard_task_runner.py:60} INFO - Started process 271 to run task
[2026-03-14T05:58:33.757+0000] {standard_task_runner.py:87} INFO - Running: ['***', 'tasks', 'run', '2_enterprise_elt_pipeline', 'dbt_transform', 'manual__2026-03-14T05:58:24.827148+00:00', '--job-id', '64', '--raw', '--subdir', 'DAGS_FOLDER/elt_pipeline.py', '--cfg-path', '/tmp/tmp4cykwzc0']
[2026-03-14T05:58:33.760+0000] {standard_task_runner.py:88} INFO - Job 64: Subtask dbt_transform
[2026-03-14T05:58:33.791+0000] {task_command.py:423} INFO - Running <TaskInstance: 2_enterprise_elt_pipeline.dbt_transform manual__2026-03-14T05:58:24.827148+00:00 [running]> on host 250ae1a1a216
[2026-03-14T05:58:33.827+0000] {taskinstance.py:2480} INFO - Exporting env vars: AIRFLOW_CTX_DAG_OWNER='data_engineer' AIRFLOW_CTX_DAG_ID='2_enterprise_elt_pipeline' AIRFLOW_CTX_TASK_ID='dbt_transform' AIRFLOW_CTX_EXECUTION_DATE='2026-03-14T05:58:24.827148+00:00' AIRFLOW_CTX_TRY_NUMBER='1' AIRFLOW_CTX_DAG_RUN_ID='manual__2026-03-14T05:58:24.827148+00:00'
[2026-03-14T05:58:33.830+0000] {subprocess.py:63} INFO - Tmp dir root location: /tmp
[2026-03-14T05:58:33.831+0000] {subprocess.py:75} INFO - Running command: ['/usr/bin/bash', '-c', 'dbt run --project-dir /opt/***/dbt_project --profiles-dir /opt/***/dbt_project']
[2026-03-14T05:58:33.842+0000] {subprocess.py:86} INFO - Output:
[2026-03-14T05:58:34.714+0000] {subprocess.py:93} INFO - [0m05:58:34  Running with dbt=1.8.7
[2026-03-14T05:58:35.273+0000] {subprocess.py:93} INFO - [0m05:58:35  Registered adapter: snowflake=1.8.4
[2026-03-14T05:58:35.498+0000] {subprocess.py:93} INFO - [0m05:58:35  Found 5 data tests, 1 model, 1 source, 454 macros
[2026-03-14T05:58:35.500+0000] {subprocess.py:93} INFO - [0m05:58:35
[2026-03-14T05:58:36.706+0000] {subprocess.py:93} INFO - [0m05:58:36  Concurrency: 1 threads (target='dev')
[2026-03-14T05:58:36.708+0000] {subprocess.py:93} INFO - [0m05:58:36
[2026-03-14T05:58:36.715+0000] {subprocess.py:93} INFO - [0m05:58:36  1 of 1 START sql incremental model ANALYTICS.stg_customers ..................... [RUN]
[2026-03-14T05:58:38.983+0000] {subprocess.py:93} INFO - [0m05:58:38  1 of 1 OK created sql incremental model ANALYTICS.stg_customers ................ [[32mSUCCESS 0[0m in 2.26s]
[2026-03-14T05:58:38.988+0000] {subprocess.py:93} INFO - [0m05:58:38
[2026-03-14T05:58:38.989+0000] {subprocess.py:93} INFO - [0m05:58:38  Finished running 1 incremental model in 0 hours 0 minutes and 3.49 seconds (3.49s).
[2026-03-14T05:58:39.025+0000] {subprocess.py:93} INFO - [0m05:58:39
[2026-03-14T05:58:39.026+0000] {subprocess.py:93} INFO - [0m05:58:39  [32mCompleted successfully[0m
[2026-03-14T05:58:39.027+0000] {subprocess.py:93} INFO - [0m05:58:39
[2026-03-14T05:58:39.027+0000] {subprocess.py:93} INFO - [0m05:58:39  Done. PASS=1 WARN=0 ERROR=0 SKIP=0 TOTAL=1
[2026-03-14T05:58:40.489+0000] {subprocess.py:97} INFO - Command exited with return code 0
[2026-03-14T05:58:40.515+0000] {taskinstance.py:1138} INFO - Marking task as SUCCESS. dag_id=2_enterprise_elt_pipeline, task_id=dbt_transform, execution_date=20260314T055824, start_date=20260314T055833, end_date=20260314T055840
[2026-03-14T05:58:40.561+0000] {local_task_job_runner.py:234} INFO - Task exited with return code 0
[2026-03-14T05:58:40.574+0000] {taskinstance.py:3280} INFO - 0 downstream tasks scheduled from follow-on schedule check
