[2026-03-14T09:10:55.633+0000] {taskinstance.py:1956} INFO - Dependencies all met for dep_context=non-requeueable deps ti=<TaskInstance: 2_enterprise_elt_pipeline.dbt_transform manual__2026-03-14T09:10:43.892264+00:00 [queued]>
[2026-03-14T09:10:55.637+0000] {taskinstance.py:1956} INFO - Dependencies all met for dep_context=requeueable deps ti=<TaskInstance: 2_enterprise_elt_pipeline.dbt_transform manual__2026-03-14T09:10:43.892264+00:00 [queued]>
[2026-03-14T09:10:55.638+0000] {taskinstance.py:2170} INFO - Starting attempt 1 of 2
[2026-03-14T09:10:55.645+0000] {taskinstance.py:2191} INFO - Executing <Task(BashOperator): dbt_transform> on 2026-03-14 09:10:43.892264+00:00
[2026-03-14T09:10:55.650+0000] {standard_task_runner.py:60} INFO - Started process 2883 to run task
[2026-03-14T09:10:55.654+0000] {standard_task_runner.py:87} INFO - Running: ['***', 'tasks', 'run', '2_enterprise_elt_pipeline', 'dbt_transform', 'manual__2026-03-14T09:10:43.892264+00:00', '--job-id', '119', '--raw', '--subdir', 'DAGS_FOLDER/elt_pipeline.py', '--cfg-path', '/tmp/tmpibfyx2f7']
[2026-03-14T09:10:55.657+0000] {standard_task_runner.py:88} INFO - Job 119: Subtask dbt_transform
[2026-03-14T09:10:55.688+0000] {task_command.py:423} INFO - Running <TaskInstance: 2_enterprise_elt_pipeline.dbt_transform manual__2026-03-14T09:10:43.892264+00:00 [running]> on host c4724fa4fb48
[2026-03-14T09:10:55.727+0000] {taskinstance.py:2480} INFO - Exporting env vars: AIRFLOW_CTX_DAG_OWNER='data_engineer' AIRFLOW_CTX_DAG_ID='2_enterprise_elt_pipeline' AIRFLOW_CTX_TASK_ID='dbt_transform' AIRFLOW_CTX_EXECUTION_DATE='2026-03-14T09:10:43.892264+00:00' AIRFLOW_CTX_TRY_NUMBER='1' AIRFLOW_CTX_DAG_RUN_ID='manual__2026-03-14T09:10:43.892264+00:00'
[2026-03-14T09:10:55.730+0000] {subprocess.py:63} INFO - Tmp dir root location: /tmp
[2026-03-14T09:10:55.731+0000] {subprocess.py:75} INFO - Running command: ['/usr/bin/bash', '-c', 'dbt run --project-dir /opt/***/dbt_project --profiles-dir /opt/***/dbt_project']
[2026-03-14T09:10:55.742+0000] {subprocess.py:86} INFO - Output:
[2026-03-14T09:10:56.851+0000] {subprocess.py:93} INFO - [0m09:10:56  Running with dbt=1.8.7
[2026-03-14T09:10:57.562+0000] {subprocess.py:93} INFO - [0m09:10:57  Registered adapter: snowflake=1.8.4
[2026-03-14T09:10:57.817+0000] {subprocess.py:93} INFO - [0m09:10:57  Found 1 model, 5 data tests, 1 source, 454 macros
[2026-03-14T09:10:57.818+0000] {subprocess.py:93} INFO - [0m09:10:57
[2026-03-14T09:10:59.750+0000] {subprocess.py:93} INFO - [0m09:10:59  Concurrency: 1 threads (target='dev')
[2026-03-14T09:10:59.755+0000] {subprocess.py:93} INFO - [0m09:10:59
[2026-03-14T09:10:59.768+0000] {subprocess.py:93} INFO - [0m09:10:59  1 of 1 START sql incremental model ANALYTICS.stg_customers ..................... [RUN]
[2026-03-14T09:11:06.671+0000] {subprocess.py:93} INFO - [0m09:11:06  1 of 1 OK created sql incremental model ANALYTICS.stg_customers ................ [[32mSUCCESS 0[0m in 6.90s]
[2026-03-14T09:11:06.681+0000] {subprocess.py:93} INFO - [0m09:11:06
[2026-03-14T09:11:06.683+0000] {subprocess.py:93} INFO - [0m09:11:06  Finished running 1 incremental model in 0 hours 0 minutes and 8.86 seconds (8.86s).
[2026-03-14T09:11:06.724+0000] {subprocess.py:93} INFO - [0m09:11:06
[2026-03-14T09:11:06.724+0000] {subprocess.py:93} INFO - [0m09:11:06  [32mCompleted successfully[0m
[2026-03-14T09:11:06.725+0000] {subprocess.py:93} INFO - [0m09:11:06
[2026-03-14T09:11:06.725+0000] {subprocess.py:93} INFO - [0m09:11:06  Done. PASS=1 WARN=0 ERROR=0 SKIP=0 TOTAL=1
[2026-03-14T09:11:10.313+0000] {subprocess.py:97} INFO - Command exited with return code 0
[2026-03-14T09:11:10.352+0000] {taskinstance.py:1138} INFO - Marking task as SUCCESS. dag_id=2_enterprise_elt_pipeline, task_id=dbt_transform, execution_date=20260314T091043, start_date=20260314T091055, end_date=20260314T091110
[2026-03-14T09:11:10.405+0000] {local_task_job_runner.py:234} INFO - Task exited with return code 0
[2026-03-14T09:11:10.434+0000] {taskinstance.py:3280} INFO - 0 downstream tasks scheduled from follow-on schedule check
