[2026-03-14T06:25:47.431+0000] {taskinstance.py:1956} INFO - Dependencies all met for dep_context=non-requeueable deps ti=<TaskInstance: 2_enterprise_elt_pipeline.extract_to_minio manual__2026-03-14T06:25:45.639151+00:00 [queued]>
[2026-03-14T06:25:47.436+0000] {taskinstance.py:1956} INFO - Dependencies all met for dep_context=requeueable deps ti=<TaskInstance: 2_enterprise_elt_pipeline.extract_to_minio manual__2026-03-14T06:25:45.639151+00:00 [queued]>
[2026-03-14T06:25:47.436+0000] {taskinstance.py:2170} INFO - Starting attempt 1 of 2
[2026-03-14T06:25:47.442+0000] {taskinstance.py:2191} INFO - Executing <Task(_PythonDecoratedOperator): extract_to_minio> on 2026-03-14 06:25:45.639151+00:00
[2026-03-14T06:25:47.447+0000] {standard_task_runner.py:60} INFO - Started process 218 to run task
[2026-03-14T06:25:47.449+0000] {standard_task_runner.py:87} INFO - Running: ['***', 'tasks', 'run', '2_enterprise_elt_pipeline', 'extract_to_minio', 'manual__2026-03-14T06:25:45.639151+00:00', '--job-id', '71', '--raw', '--subdir', 'DAGS_FOLDER/elt_pipeline.py', '--cfg-path', '/tmp/tmpkiqq7j6h']
[2026-03-14T06:25:47.450+0000] {standard_task_runner.py:88} INFO - Job 71: Subtask extract_to_minio
[2026-03-14T06:25:47.475+0000] {task_command.py:423} INFO - Running <TaskInstance: 2_enterprise_elt_pipeline.extract_to_minio manual__2026-03-14T06:25:45.639151+00:00 [running]> on host c4724fa4fb48
[2026-03-14T06:25:47.520+0000] {taskinstance.py:2480} INFO - Exporting env vars: AIRFLOW_CTX_DAG_OWNER='data_engineer' AIRFLOW_CTX_DAG_ID='2_enterprise_elt_pipeline' AIRFLOW_CTX_TASK_ID='extract_to_minio' AIRFLOW_CTX_EXECUTION_DATE='2026-03-14T06:25:45.639151+00:00' AIRFLOW_CTX_TRY_NUMBER='1' AIRFLOW_CTX_DAG_RUN_ID='manual__2026-03-14T06:25:45.639151+00:00'
[2026-03-14T06:25:47.541+0000] {generate_data.py:38} INFO - Generating 1000 fake customer records...
[2026-03-14T06:25:58.405+0000] {taskinstance.py:2698} ERROR - Task failed with exception
Traceback (most recent call last):
  File "/home/airflow/.local/lib/python3.8/site-packages/airflow/models/taskinstance.py", line 433, in _execute_task
    result = execute_callable(context=context, **execute_callable_kwargs)
  File "/home/airflow/.local/lib/python3.8/site-packages/airflow/decorators/base.py", line 241, in execute
    return_value = super().execute(context)
  File "/home/airflow/.local/lib/python3.8/site-packages/airflow/operators/python.py", line 199, in execute
    return_value = self.execute_callable()
  File "/home/airflow/.local/lib/python3.8/site-packages/airflow/operators/python.py", line 216, in execute_callable
    return self.python_callable(*self.op_args, **self.op_kwargs)
  File "/opt/airflow/dags/elt_pipeline.py", line 35, in extract_to_minio
    file_name = generate_and_upload_customers(num_records=1000)
  File "/opt/airflow/dags/scripts/generate_data.py", line 66, in generate_and_upload_customers
    s3_client.put_object(Bucket=BUCKET_NAME, Key=file_name, Body=csv_buffer.getvalue())
  File "/home/airflow/.local/lib/python3.8/site-packages/botocore/client.py", line 553, in _api_call
    return self._make_api_call(operation_name, kwargs)
  File "/home/airflow/.local/lib/python3.8/site-packages/botocore/client.py", line 1009, in _make_api_call
    raise error_class(parsed_response, operation_name)
botocore.exceptions.ClientError: An error occurred (InternalError) when calling the PutObject operation (reached max retries: 4): We encountered an internal error, please try again.: cause(resource deadlock avoided)
[2026-03-14T06:25:58.427+0000] {taskinstance.py:1138} INFO - Marking task as UP_FOR_RETRY. dag_id=2_enterprise_elt_pipeline, task_id=extract_to_minio, execution_date=20260314T062545, start_date=20260314T062547, end_date=20260314T062558
[2026-03-14T06:25:58.445+0000] {standard_task_runner.py:107} ERROR - Failed to execute job 71 for task extract_to_minio (An error occurred (InternalError) when calling the PutObject operation (reached max retries: 4): We encountered an internal error, please try again.: cause(resource deadlock avoided); 218)
[2026-03-14T06:25:58.490+0000] {local_task_job_runner.py:234} INFO - Task exited with return code 1
[2026-03-14T06:25:58.509+0000] {taskinstance.py:3280} INFO - 0 downstream tasks scheduled from follow-on schedule check
